0.5295 	WARNING 	We strongly recommend you activate the PTB sound engine in PsychoPy prefs as the preferred audio engine. Its timing is vastly superior. Your prefs are currently set to use ['sounddevice', 'PTB', 'pyo', 'pygame'] (in that order).
6.2693 	WARNING 	User requested fullscreen with size [1024  768], but screen is actually [1920, 1080]. Using actual size
8.4368 	EXP 	Created window1 = Window(allowGUI=False, allowStencil=False, args=UNKNOWN, autoLog=True, bitsMode=UNKNOWN, blendMode='avg', bpc=(8, 8, 8), color=array([0., 0., 0.]), colorSpace='rgb', depthBits=8, fullscr=<method-wrapper '__getattribute__' of attributeSetter object at 0x000002A8E9214080>, gamma=None, gammaErrorPolicy='raise', kwargs=UNKNOWN, lms=UNKNOWN, monitor=<psychopy.monitors.calibTools.Monitor object at 0x000002A8E928C908>, multiSample=False, name='window1', numSamples=2, pos=[0.0, 0.0], screen=0, size=array([1920, 1080]), stencilBits=0, stereo=False, units='height', useFBO=True, useRetina=False, viewOri=0.0, viewPos=None, viewScale=None, waitBlanking=True, winType='pyglet')
8.4369 	EXP 	window1: recordFrameIntervals = False
8.6030 	EXP 	window1: recordFrameIntervals = True
8.7863 	EXP 	window1: recordFrameIntervals = False
9.2172 	EXP 	Created weclomeText = TextStim(__class__=<class 'psychopy.visual.text.TextStim'>, alignHoriz=method-wrapper(...), alignText='center', alignVert=method-wrapper(...), anchorHoriz='center', anchorVert='center', antialias=True, autoLog=True, bold=False, color='white', colorSpace='named', contrast=1.0, depth=0.0, flipHoriz=False, flipVert=False, font='Arial', fontFiles=[], height=0.1, italic=False, languageStyle='LTR', name='weclomeText', opacity=1.0, ori=0, pos=array([0., 0.]), rgb=array([255., 255., 255.]), text='Welcome to our experiment\n\n', units='height', win=Window(...), wrapWidth=1)
9.2188 	EXP 	Created polyback = Rect(__class__=<class 'psychopy.visual.rect.Rect'>, autoDraw=False, autoLog=True, closeShape=True, color=method-wrapper(...), colorSpace=None, contrast=1.0, depth=0.0, fillColor='black', fillColorSpace='named', fillRGB=array([0., 0., 0.]), interpolate=True, lineColor='black', lineColorSpace='named', lineRGB=array([0., 0., 0.]), lineWidth=1, name='polyback', opacity=1.0, ori=array(0.), pos=array([0., 0.]), size=array([2., 2.]), units='height', vertices=ndarray(...), win=Window(...))
9.2192 	EXP 	Created textBlank500 = TextStim(__class__=<class 'psychopy.visual.text.TextStim'>, alignHoriz=method-wrapper(...), alignText='center', alignVert=method-wrapper(...), anchorHoriz='center', anchorVert='center', antialias=True, autoLog=True, bold=False, color='white', colorSpace='named', contrast=1.0, depth=-1.0, flipHoriz=False, flipVert=False, font='Arial', fontFiles=[], height=0.1, italic=False, languageStyle='LTR', name='textBlank500', opacity=1.0, ori=0, pos=array([0., 0.]), rgb=array([255., 255., 255.]), text='', units='height', win=Window(...), wrapWidth=1)
9.2198 	EXP 	Created polygon_3 = Rect(__class__=<class 'psychopy.visual.rect.Rect'>, autoDraw=False, autoLog=True, closeShape=True, color=method-wrapper(...), colorSpace=None, contrast=1.0, depth=0.0, fillColor='black', fillColorSpace='named', fillRGB=array([0., 0., 0.]), interpolate=True, lineColor='black', lineColorSpace='named', lineRGB=array([0., 0., 0.]), lineWidth=1, name='polygon_3', opacity=1.0, ori=array(0.), pos=array([0., 0.]), size=array([2., 2.]), units='height', vertices=ndarray(...), win=Window(...))
9.2310 	EXP 	Created textstudy = TextStim(__class__=<class 'psychopy.visual.text.TextStim'>, alignHoriz=method-wrapper(...), alignText='center', alignVert=method-wrapper(...), anchorHoriz='center', anchorVert='center', antialias=True, autoLog=True, bold=False, color='white', colorSpace='named', contrast=1.0, depth=-1.0, flipHoriz=False, flipVert=False, font='Arial', fontFiles=[], height=0.05, italic=False, languageStyle='LTR', name='textstudy', opacity=1.0, ori=0, pos=array([0., 0.]), rgb=array([255., 255., 255.]), text='default text', units='height', win=Window(...), wrapWidth=1)
9.2317 	EXP 	Created polyback = Rect(__class__=<class 'psychopy.visual.rect.Rect'>, autoDraw=False, autoLog=True, closeShape=True, color=method-wrapper(...), colorSpace=None, contrast=1.0, depth=0.0, fillColor='black', fillColorSpace='named', fillRGB=array([0., 0., 0.]), interpolate=True, lineColor='black', lineColorSpace='named', lineRGB=array([0., 0., 0.]), lineWidth=1, name='polyback', opacity=1.0, ori=array(0.), pos=array([0., 0.]), size=array([2., 2.]), units='height', vertices=ndarray(...), win=Window(...))
9.2322 	EXP 	Created textBlank500 = TextStim(__class__=<class 'psychopy.visual.text.TextStim'>, alignHoriz=method-wrapper(...), alignText='center', alignVert=method-wrapper(...), anchorHoriz='center', anchorVert='center', antialias=True, autoLog=True, bold=False, color='white', colorSpace='named', contrast=1.0, depth=-1.0, flipHoriz=False, flipVert=False, font='Arial', fontFiles=[], height=0.1, italic=False, languageStyle='LTR', name='textBlank500', opacity=1.0, ori=0, pos=array([0., 0.]), rgb=array([255., 255., 255.]), text='', units='height', win=Window(...), wrapWidth=1)
9.2450 	EXP 	Created textWait = TextStim(__class__=<class 'psychopy.visual.text.TextStim'>, alignHoriz=method-wrapper(...), alignText='center', alignVert=method-wrapper(...), anchorHoriz='center', anchorVert='center', antialias=True, autoLog=True, bold=False, color='white', colorSpace='named', contrast=1.0, depth=0.0, flipHoriz=False, flipVert=False, font='Arial', fontFiles=[], height=0.1, italic=False, languageStyle='LTR', name='textWait', opacity=1.0, ori=0, pos=array([0., 0.]), rgb=array([255., 255., 255.]), text='Please wait \n\nready press space', units='height', win=Window(...), wrapWidth=1)
9.2457 	EXP 	Created polyback = Rect(__class__=<class 'psychopy.visual.rect.Rect'>, autoDraw=False, autoLog=True, closeShape=True, color=method-wrapper(...), colorSpace=None, contrast=1.0, depth=0.0, fillColor='black', fillColorSpace='named', fillRGB=array([0., 0., 0.]), interpolate=True, lineColor='black', lineColorSpace='named', lineRGB=array([0., 0., 0.]), lineWidth=1, name='polyback', opacity=1.0, ori=array(0.), pos=array([0., 0.]), size=array([2., 2.]), units='height', vertices=ndarray(...), win=Window(...))
9.2461 	EXP 	Created textBlank500 = TextStim(__class__=<class 'psychopy.visual.text.TextStim'>, alignHoriz=method-wrapper(...), alignText='center', alignVert=method-wrapper(...), anchorHoriz='center', anchorVert='center', antialias=True, autoLog=True, bold=False, color='white', colorSpace='named', contrast=1.0, depth=-1.0, flipHoriz=False, flipVert=False, font='Arial', fontFiles=[], height=0.1, italic=False, languageStyle='LTR', name='textBlank500', opacity=1.0, ori=0, pos=array([0., 0.]), rgb=array([255., 255., 255.]), text='', units='height', win=Window(...), wrapWidth=1)
9.2467 	EXP 	Created polygon = Rect(__class__=<class 'psychopy.visual.rect.Rect'>, autoDraw=False, autoLog=True, closeShape=True, color=method-wrapper(...), colorSpace=None, contrast=1.0, depth=0.0, fillColor='black', fillColorSpace='named', fillRGB=array([0., 0., 0.]), interpolate=True, lineColor='black', lineColorSpace='named', lineRGB=array([0., 0., 0.]), lineWidth=1, name='polygon', opacity=1.0, ori=array(0.), pos=array([0., 0.]), size=array([2., 2.]), units='height', vertices=ndarray(...), win=Window(...))
9.2503 	EXP 	Created textTesttrait = TextStim(__class__=<class 'psychopy.visual.text.TextStim'>, alignHoriz=method-wrapper(...), alignText='center', alignVert=method-wrapper(...), anchorHoriz='center', anchorVert='center', antialias=True, autoLog=True, bold=False, color='white', colorSpace='named', contrast=1.0, depth=-1.0, flipHoriz=False, flipVert=False, font='Arial', fontFiles=[], height=0.1, italic=False, languageStyle='LTR', name='textTesttrait', opacity=1.0, ori=0, pos=array([0., 0.]), rgb=array([255., 255., 255.]), text='default text', units='height', win=Window(...), wrapWidth=1)
9.2699 	EXP 	Created textconfscale = TextStim(__class__=<class 'psychopy.visual.text.TextStim'>, alignHoriz=method-wrapper(...), alignText='center', alignVert=method-wrapper(...), anchorHoriz='center', anchorVert='center', antialias=True, autoLog=True, bold=False, color='white', colorSpace='named', contrast=1.0, depth=-3.0, flipHoriz=False, flipVert=False, font='Arial', fontFiles=[], height=0.1, italic=False, languageStyle='LTR', name='textconfscale', opacity=1.0, ori=0, pos=array([ 0.  , -0.35]), rgb=array([255., 255., 255.]), text='1...2...3...4...5...6\nNEW.............OLD', units='height', win=Window(...), wrapWidth=1)
9.2706 	EXP 	Created polygon_4 = ShapeStim(__class__=<class 'psychopy.visual.shape.ShapeStim'>, autoDraw=False, autoLog=True, closeShape=True, contrast=1.0, depth=0.0, fillColor='black', fillColorSpace='named', interpolate=True, lineColor='black', lineColorSpace='named', lineWidth=1, name='polygon_4', opacity=1.0, ori=array(0.), pos=array([0., 0.]), size=array([1., 1.]), units='height', vertices=ndarray(...), win=Window(...), windingRule=None)
9.2734 	EXP 	Created text = TextStim(__class__=<class 'psychopy.visual.text.TextStim'>, alignHoriz=method-wrapper(...), alignText='center', alignVert=method-wrapper(...), anchorHoriz='center', anchorVert='center', antialias=True, autoLog=True, bold=False, color='white', colorSpace='named', contrast=1.0, depth=-1.0, flipHoriz=False, flipVert=False, font='Arial', fontFiles=[], height=0.1, italic=False, languageStyle='LTR', name='text', opacity=1.0, ori=0, pos=array([0., 0.]), rgb=array([255., 255., 255.]), text='default text', units='height', win=Window(...), wrapWidth=1)
9.2740 	EXP 	Created polyBack = Rect(__class__=<class 'psychopy.visual.rect.Rect'>, autoDraw=False, autoLog=True, closeShape=True, color=method-wrapper(...), colorSpace=None, contrast=1.0, depth=0.0, fillColor='black', fillColorSpace='named', fillRGB=array([0., 0., 0.]), interpolate=True, lineColor='black', lineColorSpace='named', lineRGB=array([0., 0., 0.]), lineWidth=1, name='polyBack', opacity=1.0, ori=array(0.), pos=array([0., 0.]), size=array([2., 2.]), units='height', vertices=ndarray(...), win=Window(...))
9.2766 	EXP 	Created textTestwordRFN = TextStim(__class__=<class 'psychopy.visual.text.TextStim'>, alignHoriz=method-wrapper(...), alignText='center', alignVert=method-wrapper(...), anchorHoriz='center', anchorVert='center', antialias=True, autoLog=True, bold=False, color='white', colorSpace='named', contrast=1.0, depth=-1.0, flipHoriz=False, flipVert=False, font='Arial', fontFiles=[], height=0.1, italic=False, languageStyle='LTR', name='textTestwordRFN', opacity=1.0, ori=0, pos=array([0., 0.]), rgb=array([255., 255., 255.]), text='default text', units='height', win=Window(...), wrapWidth=1)
9.2893 	EXP 	Created textRFNscale = TextStim(__class__=<class 'psychopy.visual.text.TextStim'>, alignHoriz=method-wrapper(...), alignText='center', alignVert=method-wrapper(...), anchorHoriz='center', anchorVert='center', antialias=True, autoLog=True, bold=False, color='white', colorSpace='named', contrast=1.0, depth=-3.0, flipHoriz=False, flipVert=False, font='Arial', fontFiles=[], height=0.1, italic=False, languageStyle='LTR', name='textRFNscale', opacity=1.0, ori=0, pos=array([ 0. , -0.3]), rgb=array([255., 255., 255.]), text='(R)xperience\n(F)amiliar\n(N)either', units='height', win=Window(...), wrapWidth=1)
9.2899 	EXP 	Created polyback = Rect(__class__=<class 'psychopy.visual.rect.Rect'>, autoDraw=False, autoLog=True, closeShape=True, color=method-wrapper(...), colorSpace=None, contrast=1.0, depth=0.0, fillColor='black', fillColorSpace='named', fillRGB=array([0., 0., 0.]), interpolate=True, lineColor='black', lineColorSpace='named', lineRGB=array([0., 0., 0.]), lineWidth=1, name='polyback', opacity=1.0, ori=array(0.), pos=array([0., 0.]), size=array([2., 2.]), units='height', vertices=ndarray(...), win=Window(...))
9.2903 	EXP 	Created textBlank500 = TextStim(__class__=<class 'psychopy.visual.text.TextStim'>, alignHoriz=method-wrapper(...), alignText='center', alignVert=method-wrapper(...), anchorHoriz='center', anchorVert='center', antialias=True, autoLog=True, bold=False, color='white', colorSpace='named', contrast=1.0, depth=-1.0, flipHoriz=False, flipVert=False, font='Arial', fontFiles=[], height=0.1, italic=False, languageStyle='LTR', name='textBlank500', opacity=1.0, ori=0, pos=array([0., 0.]), rgb=array([255., 255., 255.]), text='', units='height', win=Window(...), wrapWidth=1)
9.2981 	EXP 	Created textEnd = TextStim(__class__=<class 'psychopy.visual.text.TextStim'>, alignHoriz=method-wrapper(...), alignText='center', alignVert=method-wrapper(...), anchorHoriz='center', anchorVert='center', antialias=True, autoLog=True, bold=False, color='white', colorSpace='named', contrast=1.0, depth=0.0, flipHoriz=False, flipVert=False, font='Arial', fontFiles=[], height=0.1, italic=False, languageStyle='LTR', name='textEnd', opacity=1.0, ori=0, pos=array([0., 0.]), rgb=array([255., 255., 255.]), text='Thanks for participating ', units='height', win=Window(...), wrapWidth=1)
9.3272 	EXP 	weclomeText: autoDraw = True
10.1233 	DATA 	Keypress: rwindows
11.0870 	EXP 	weclomeText: autoDraw = False
11.0870 	EXP 	polyback: autoDraw = True
11.0870 	EXP 	textBlank500: autoDraw = True
11.6186 	EXP 	Imported stimul.xlsx as conditions, 3 conditions, 2 params
11.6190 	EXP 	Created sequence: random, trialTypes=3, nReps=1, seed=None
11.6193 	EXP 	New trial (rep=0, index=0): OrderedDict([('word', 'FRIEND'), ('oldnew', 'old')])
11.6425 	EXP 	polyback: autoDraw = False
11.6425 	EXP 	textBlank500: autoDraw = False
11.6425 	EXP 	textstudy: text = 'FRIEND'
11.6425 	EXP 	polygon_3: autoDraw = True
11.6425 	EXP 	textstudy: autoDraw = True
11.6878 	EXP 	polygon_3: autoDraw = False
11.6878 	EXP 	textstudy: autoDraw = False
11.6878 	EXP 	polyback: autoDraw = True
11.6878 	EXP 	textBlank500: autoDraw = True
12.1846 	EXP 	New trial (rep=0, index=1): OrderedDict([('word', 'VALLEY'), ('oldnew', 'old')])
12.2238 	EXP 	polyback: autoDraw = False
12.2238 	EXP 	textBlank500: autoDraw = False
12.2238 	EXP 	textstudy: text = 'VALLEY'
12.2238 	EXP 	polygon_3: autoDraw = True
12.2238 	EXP 	textstudy: autoDraw = True
12.2869 	EXP 	polygon_3: autoDraw = False
12.2869 	EXP 	textstudy: autoDraw = False
12.2869 	EXP 	polyback: autoDraw = True
12.2869 	EXP 	textBlank500: autoDraw = True
12.8178 	EXP 	New trial (rep=0, index=2): OrderedDict([('word', 'PHONE'), ('oldnew', 'old')])
13.5268 	EXP 	polyback: autoDraw = False
13.5268 	EXP 	textBlank500: autoDraw = False
13.5268 	EXP 	textstudy: text = 'PHONE'
13.5268 	EXP 	polygon_3: autoDraw = True
13.5268 	EXP 	textstudy: autoDraw = True
13.5792 	EXP 	polygon_3: autoDraw = False
13.5792 	EXP 	textstudy: autoDraw = False
13.5792 	EXP 	polyback: autoDraw = False
13.5792 	EXP 	textBlank500: autoDraw = False
13.5792 	EXP 	textWait: autoDraw = True
14.3642 	DATA 	Mouse: Left button down, pos=(1241,486)
14.4443 	DATA 	Mouse:  Left button up, pos=(1241,486)
15.3549 	DATA 	Keypress: space
15.3672 	EXP 	textWait: autoDraw = False
15.3672 	EXP 	polyback: autoDraw = True
15.3672 	EXP 	textBlank500: autoDraw = True
15.8593 	EXP 	Imported stimul.xlsx as conditions, 11 conditions, 2 params
15.8595 	EXP 	Created sequence: random, trialTypes=11, nReps=1, seed=None
15.8598 	EXP 	New trial (rep=0, index=0): OrderedDict([('word', 'WIRE'), ('oldnew', 'new')])
15.8710 	EXP 	polyback: autoDraw = False
15.8710 	EXP 	textBlank500: autoDraw = False
15.8710 	EXP 	polyback: autoDraw = False
15.8710 	EXP 	textBlank500: autoDraw = False
15.8710 	EXP 	textTesttrait: text = 'WIRE'
15.8710 	EXP 	polygon: autoDraw = True
15.8710 	EXP 	textTesttrait: autoDraw = True
15.8710 	EXP 	textconfscale: autoDraw = True
16.9048 	DATA 	Keypress: 3
16.9323 	EXP 	polygon: autoDraw = False
16.9323 	EXP 	textTesttrait: autoDraw = False
16.9323 	EXP 	textconfscale: autoDraw = False
16.9323 	EXP 	text: text = 'WIRE'
16.9323 	EXP 	polygon_4: autoDraw = True
16.9323 	EXP 	text: autoDraw = True
17.4328 	EXP 	polygon_4: autoDraw = False
17.4328 	EXP 	text: autoDraw = False
17.4328 	EXP 	polygon_4: autoDraw = False
17.4328 	EXP 	text: autoDraw = False
17.4328 	EXP 	textTestwordRFN: text = 'WIRE'
17.4328 	EXP 	polyBack: autoDraw = True
17.4328 	EXP 	textTestwordRFN: autoDraw = True
17.4328 	EXP 	textRFNscale: autoDraw = True
18.8036 	DATA 	Keypress: escape
19.4383 	EXP 	window1: mouseVisible = True
