0.5368 	WARNING 	We strongly recommend you activate the PTB sound engine in PsychoPy prefs as the preferred audio engine. Its timing is vastly superior. Your prefs are currently set to use ['sounddevice', 'PTB', 'pyo', 'pygame'] (in that order).
9.7573 	WARNING 	User requested fullscreen with size [1024  768], but screen is actually [1920, 1080]. Using actual size
12.2559 	EXP 	Created window1 = Window(allowGUI=False, allowStencil=False, args=UNKNOWN, autoLog=True, bitsMode=UNKNOWN, blendMode='avg', bpc=(8, 8, 8), color=array([0., 0., 0.]), colorSpace='rgb', depthBits=8, fullscr=<method-wrapper '__getattribute__' of attributeSetter object at 0x0000016238714F60>, gamma=None, gammaErrorPolicy='raise', kwargs=UNKNOWN, lms=UNKNOWN, monitor=<psychopy.monitors.calibTools.Monitor object at 0x0000016238768828>, multiSample=False, name='window1', numSamples=2, pos=[0.0, 0.0], screen=0, size=array([1920, 1080]), stencilBits=0, stereo=False, units='height', useFBO=True, useRetina=False, viewOri=0.0, viewPos=None, viewScale=None, waitBlanking=True, winType='pyglet')
12.2559 	EXP 	window1: recordFrameIntervals = False
12.4221 	EXP 	window1: recordFrameIntervals = True
12.6054 	EXP 	window1: recordFrameIntervals = False
13.0308 	EXP 	Created weclomeText = TextStim(__class__=<class 'psychopy.visual.text.TextStim'>, alignHoriz=method-wrapper(...), alignText='center', alignVert=method-wrapper(...), anchorHoriz='center', anchorVert='center', antialias=True, autoLog=True, bold=False, color='white', colorSpace='named', contrast=1.0, depth=0.0, flipHoriz=False, flipVert=False, font='Arial', fontFiles=[], height=0.1, italic=False, languageStyle='LTR', name='weclomeText', opacity=1.0, ori=0, pos=array([0., 0.]), rgb=array([255., 255., 255.]), text='Welcome to our experiment\n\n', units='height', win=Window(...), wrapWidth=1)
13.0313 	EXP 	Created textBlank500 = TextStim(__class__=<class 'psychopy.visual.text.TextStim'>, alignHoriz=method-wrapper(...), alignText='center', alignVert=method-wrapper(...), anchorHoriz='center', anchorVert='center', antialias=True, autoLog=True, bold=False, color='white', colorSpace='named', contrast=1.0, depth=0.0, flipHoriz=False, flipVert=False, font='Arial', fontFiles=[], height=0.1, italic=False, languageStyle='LTR', name='textBlank500', opacity=1.0, ori=0, pos=array([0., 0.]), rgb=array([255., 255., 255.]), text='', units='height', win=Window(...), wrapWidth=1)
13.0399 	EXP 	Created textstudy = TextStim(__class__=<class 'psychopy.visual.text.TextStim'>, alignHoriz=method-wrapper(...), alignText='center', alignVert=method-wrapper(...), anchorHoriz='center', anchorVert='center', antialias=True, autoLog=True, bold=False, color='white', colorSpace='named', contrast=1.0, depth=0.0, flipHoriz=False, flipVert=False, font='Arial', fontFiles=[], height=0.1, italic=False, languageStyle='LTR', name='textstudy', opacity=1.0, ori=0, pos=array([0., 0.]), rgb=array([255., 255., 255.]), text='default text', units='height', win=Window(...), wrapWidth=1)
13.0404 	EXP 	Created textBlank500 = TextStim(__class__=<class 'psychopy.visual.text.TextStim'>, alignHoriz=method-wrapper(...), alignText='center', alignVert=method-wrapper(...), anchorHoriz='center', anchorVert='center', antialias=True, autoLog=True, bold=False, color='white', colorSpace='named', contrast=1.0, depth=0.0, flipHoriz=False, flipVert=False, font='Arial', fontFiles=[], height=0.1, italic=False, languageStyle='LTR', name='textBlank500', opacity=1.0, ori=0, pos=array([0., 0.]), rgb=array([255., 255., 255.]), text='', units='height', win=Window(...), wrapWidth=1)
13.0409 	EXP 	Created textWait = TextStim(__class__=<class 'psychopy.visual.text.TextStim'>, alignHoriz=method-wrapper(...), alignText='center', alignVert=method-wrapper(...), anchorHoriz='center', anchorVert='center', antialias=True, autoLog=True, bold=False, color='white', colorSpace='named', contrast=1.0, depth=0.0, flipHoriz=False, flipVert=False, font='Arial', fontFiles=[], height=0.1, italic=False, languageStyle='LTR', name='textWait', opacity=1.0, ori=0, pos=array([0., 0.]), rgb=array([255., 255., 255.]), text='', units='height', win=Window(...), wrapWidth=1)
13.0413 	EXP 	Created textBlank500 = TextStim(__class__=<class 'psychopy.visual.text.TextStim'>, alignHoriz=method-wrapper(...), alignText='center', alignVert=method-wrapper(...), anchorHoriz='center', anchorVert='center', antialias=True, autoLog=True, bold=False, color='white', colorSpace='named', contrast=1.0, depth=0.0, flipHoriz=False, flipVert=False, font='Arial', fontFiles=[], height=0.1, italic=False, languageStyle='LTR', name='textBlank500', opacity=1.0, ori=0, pos=array([0., 0.]), rgb=array([255., 255., 255.]), text='', units='height', win=Window(...), wrapWidth=1)
13.0528 	EXP 	Created textEnd = TextStim(__class__=<class 'psychopy.visual.text.TextStim'>, alignHoriz=method-wrapper(...), alignText='center', alignVert=method-wrapper(...), anchorHoriz='center', anchorVert='center', antialias=True, autoLog=True, bold=False, color='white', colorSpace='named', contrast=1.0, depth=0.0, flipHoriz=False, flipVert=False, font='Arial', fontFiles=[], height=0.1, italic=False, languageStyle='LTR', name='textEnd', opacity=1.0, ori=0, pos=array([0., 0.]), rgb=array([255., 255., 255.]), text='Thanks for participating ', units='height', win=Window(...), wrapWidth=1)
13.0825 	EXP 	weclomeText: autoDraw = True
13.7439 	DATA 	Keypress: space
13.7546 	EXP 	weclomeText: autoDraw = False
13.7546 	EXP 	textBlank500: autoDraw = True
14.2669 	EXP 	Imported word.xlsx as conditions, 9 conditions, 3 params
14.2672 	EXP 	Created sequence: random, trialTypes=9, nReps=1, seed=None
14.2674 	EXP 	New trial (rep=0, index=0): OrderedDict([('word', 'HAMMER'), ('oldnew', 'old'), ('corr', 'y')])
14.2834 	EXP 	textBlank500: autoDraw = False
14.2834 	EXP 	textBlank500: autoDraw = False
14.2834 	EXP 	textstudy: text = 'HAMMER'
14.2834 	EXP 	textstudy: autoDraw = True
15.7894 	DATA 	Keypress: space
16.2696 	EXP 	textstudy: autoDraw = False
16.2696 	EXP 	textBlank500: autoDraw = True
16.7536 	EXP 	New trial (rep=0, index=1): OrderedDict([('word', 'PHONE'), ('oldnew', 'old'), ('corr', 'y')])
16.7694 	EXP 	textBlank500: autoDraw = False
16.7694 	EXP 	textstudy: text = 'PHONE'
16.7694 	EXP 	textstudy: autoDraw = True
18.7684 	EXP 	textstudy: autoDraw = False
18.7684 	EXP 	textBlank500: autoDraw = True
19.2519 	EXP 	New trial (rep=0, index=2): OrderedDict([('word', 'GLASS'), ('oldnew', 'old'), ('corr', 'y')])
19.2680 	EXP 	textBlank500: autoDraw = False
19.2680 	EXP 	textstudy: text = 'GLASS'
19.2680 	EXP 	textstudy: autoDraw = True
21.2670 	EXP 	textstudy: autoDraw = False
21.2670 	EXP 	textBlank500: autoDraw = True
21.7506 	EXP 	New trial (rep=0, index=3): OrderedDict([('word', 'LAND'), ('oldnew', 'old'), ('corr', 'y')])
21.7668 	EXP 	textBlank500: autoDraw = False
21.7668 	EXP 	textstudy: text = 'LAND'
21.7668 	EXP 	textstudy: autoDraw = True
23.7654 	EXP 	textstudy: autoDraw = False
23.7654 	EXP 	textBlank500: autoDraw = True
24.2491 	EXP 	New trial (rep=0, index=4): OrderedDict([('word', 'FRIEND'), ('oldnew', 'old'), ('corr', 'y')])
24.2652 	EXP 	textBlank500: autoDraw = False
24.2652 	EXP 	textstudy: text = 'FRIEND'
24.2652 	EXP 	textstudy: autoDraw = True
26.2641 	EXP 	textstudy: autoDraw = False
26.2641 	EXP 	textBlank500: autoDraw = True
26.7476 	EXP 	New trial (rep=0, index=5): OrderedDict([('word', 'WRENCH'), ('oldnew', 'old'), ('corr', 'y')])
26.7639 	EXP 	textBlank500: autoDraw = False
26.7639 	EXP 	textstudy: text = 'WRENCH'
26.7639 	EXP 	textstudy: autoDraw = True
28.7628 	EXP 	textstudy: autoDraw = False
28.7628 	EXP 	textBlank500: autoDraw = True
29.2465 	EXP 	New trial (rep=0, index=6): OrderedDict([('word', 'VALLEY'), ('oldnew', 'old'), ('corr', 'y')])
29.2624 	EXP 	textBlank500: autoDraw = False
29.2624 	EXP 	textstudy: text = 'VALLEY'
29.2624 	EXP 	textstudy: autoDraw = True
31.2614 	EXP 	textstudy: autoDraw = False
31.2614 	EXP 	textBlank500: autoDraw = True
31.7448 	EXP 	New trial (rep=0, index=7): OrderedDict([('word', 'GLOBE'), ('oldnew', 'old'), ('corr', 'y')])
31.7611 	EXP 	textBlank500: autoDraw = False
31.7611 	EXP 	textstudy: text = 'GLOBE'
31.7611 	EXP 	textstudy: autoDraw = True
33.7600 	EXP 	textstudy: autoDraw = False
33.7600 	EXP 	textBlank500: autoDraw = True
34.2435 	EXP 	New trial (rep=0, index=8): OrderedDict([('word', 'MOUNTAIN'), ('oldnew', 'old'), ('corr', 'y')])
34.2597 	EXP 	textBlank500: autoDraw = False
34.2597 	EXP 	textstudy: text = 'MOUNTAIN'
34.2597 	EXP 	textstudy: autoDraw = True
36.2584 	EXP 	textstudy: autoDraw = False
36.2584 	EXP 	textBlank500: autoDraw = True
36.7584 	EXP 	textBlank500: autoDraw = False
36.7584 	EXP 	textWait: autoDraw = True
54.7675 	DATA 	Keypress: space
61.1811 	DATA 	Mouse: Left button down, pos=(21,394)
61.2977 	DATA 	Mouse:  Left button up, pos=(25,396)
61.6471 	DATA 	Mouse: Right button down, pos=(25,396)
61.7809 	DATA 	Mouse:  Right button up, pos=(25,396)
62.4465 	DATA 	Keypress: escape
63.4969 	EXP 	window1: mouseVisible = True
