0.5363 	WARNING 	We strongly recommend you activate the PTB sound engine in PsychoPy prefs as the preferred audio engine. Its timing is vastly superior. Your prefs are currently set to use ['sounddevice', 'PTB', 'pyo', 'pygame'] (in that order).
5.1662 	WARNING 	User requested fullscreen with size [1024  768], but screen is actually [1920, 1080]. Using actual size
7.4822 	EXP 	Created window1 = Window(allowGUI=False, allowStencil=False, args=UNKNOWN, autoLog=True, bitsMode=UNKNOWN, blendMode='avg', bpc=(8, 8, 8), color=array([0., 0., 0.]), colorSpace='rgb', depthBits=8, fullscr=<method-wrapper '__getattribute__' of attributeSetter object at 0x00000192ACF519B0>, gamma=None, gammaErrorPolicy='raise', kwargs=UNKNOWN, lms=UNKNOWN, monitor=<psychopy.monitors.calibTools.Monitor object at 0x00000192ACFAC278>, multiSample=False, name='window1', numSamples=2, pos=[0.0, 0.0], screen=0, size=array([1920, 1080]), stencilBits=0, stereo=False, units='height', useFBO=True, useRetina=False, viewOri=0.0, viewPos=None, viewScale=None, waitBlanking=True, winType='pyglet')
7.4822 	EXP 	window1: recordFrameIntervals = False
7.6484 	EXP 	window1: recordFrameIntervals = True
7.8314 	EXP 	window1: recordFrameIntervals = False
8.2593 	EXP 	Created weclomeText = TextStim(__class__=<class 'psychopy.visual.text.TextStim'>, alignHoriz=method-wrapper(...), alignText='center', alignVert=method-wrapper(...), anchorHoriz='center', anchorVert='center', antialias=True, autoLog=True, bold=False, color='white', colorSpace='named', contrast=1.0, depth=0.0, flipHoriz=False, flipVert=False, font='Arial', fontFiles=[], height=0.1, italic=False, languageStyle='LTR', name='weclomeText', opacity=1.0, ori=0, pos=array([0., 0.]), rgb=array([255., 255., 255.]), text='Welcome to our experiment\n\n', units='height', win=Window(...), wrapWidth=1)
8.2600 	EXP 	Created polyback = ShapeStim(__class__=<class 'psychopy.visual.shape.ShapeStim'>, autoDraw=False, autoLog=True, closeShape=True, contrast=1.0, depth=0.0, fillColor='black', fillColorSpace='named', interpolate=True, lineColor='black', lineColorSpace='named', lineWidth=1, name='polyback', opacity=1.0, ori=array(0.), pos=array([0., 0.]), size=array([1., 1.]), units='height', vertices=ndarray(...), win=Window(...), windingRule=None)
8.2605 	EXP 	Created textBlank500 = TextStim(__class__=<class 'psychopy.visual.text.TextStim'>, alignHoriz=method-wrapper(...), alignText='center', alignVert=method-wrapper(...), anchorHoriz='center', anchorVert='center', antialias=True, autoLog=True, bold=False, color='white', colorSpace='named', contrast=1.0, depth=-1.0, flipHoriz=False, flipVert=False, font='Arial', fontFiles=[], height=0.1, italic=False, languageStyle='LTR', name='textBlank500', opacity=1.0, ori=0, pos=array([0., 0.]), rgb=array([255., 255., 255.]), text='', units='height', win=Window(...), wrapWidth=1)
8.2612 	EXP 	Created polygon_3 = ShapeStim(__class__=<class 'psychopy.visual.shape.ShapeStim'>, autoDraw=False, autoLog=True, closeShape=True, contrast=1.0, depth=0.0, fillColor='black', fillColorSpace='named', interpolate=True, lineColor='black', lineColorSpace='named', lineWidth=1, name='polygon_3', opacity=1.0, ori=array(0.), pos=array([0., 0.]), size=array([1., 1.]), units='height', vertices=ndarray(...), win=Window(...), windingRule=None)
8.2736 	EXP 	Created textstudy = TextStim(__class__=<class 'psychopy.visual.text.TextStim'>, alignHoriz=method-wrapper(...), alignText='center', alignVert=method-wrapper(...), anchorHoriz='center', anchorVert='center', antialias=True, autoLog=True, bold=False, color='white', colorSpace='named', contrast=1.0, depth=-1.0, flipHoriz=False, flipVert=False, font='Arial', fontFiles=[], height=0.05, italic=False, languageStyle='LTR', name='textstudy', opacity=1.0, ori=0, pos=array([0., 0.]), rgb=array([255., 255., 255.]), text='default text', units='height', win=Window(...), wrapWidth=1)
8.2742 	EXP 	Created polyback = ShapeStim(__class__=<class 'psychopy.visual.shape.ShapeStim'>, autoDraw=False, autoLog=True, closeShape=True, contrast=1.0, depth=0.0, fillColor='black', fillColorSpace='named', interpolate=True, lineColor='black', lineColorSpace='named', lineWidth=1, name='polyback', opacity=1.0, ori=array(0.), pos=array([0., 0.]), size=array([1., 1.]), units='height', vertices=ndarray(...), win=Window(...), windingRule=None)
8.2747 	EXP 	Created textBlank500 = TextStim(__class__=<class 'psychopy.visual.text.TextStim'>, alignHoriz=method-wrapper(...), alignText='center', alignVert=method-wrapper(...), anchorHoriz='center', anchorVert='center', antialias=True, autoLog=True, bold=False, color='white', colorSpace='named', contrast=1.0, depth=-1.0, flipHoriz=False, flipVert=False, font='Arial', fontFiles=[], height=0.1, italic=False, languageStyle='LTR', name='textBlank500', opacity=1.0, ori=0, pos=array([0., 0.]), rgb=array([255., 255., 255.]), text='', units='height', win=Window(...), wrapWidth=1)
8.2869 	EXP 	Created textWait = TextStim(__class__=<class 'psychopy.visual.text.TextStim'>, alignHoriz=method-wrapper(...), alignText='center', alignVert=method-wrapper(...), anchorHoriz='center', anchorVert='center', antialias=True, autoLog=True, bold=False, color='white', colorSpace='named', contrast=1.0, depth=0.0, flipHoriz=False, flipVert=False, font='Arial', fontFiles=[], height=0.1, italic=False, languageStyle='LTR', name='textWait', opacity=1.0, ori=0, pos=array([0., 0.]), rgb=array([255., 255., 255.]), text='Please wait \n\nready press space', units='height', win=Window(...), wrapWidth=1)
8.2875 	EXP 	Created polyback = ShapeStim(__class__=<class 'psychopy.visual.shape.ShapeStim'>, autoDraw=False, autoLog=True, closeShape=True, contrast=1.0, depth=0.0, fillColor='black', fillColorSpace='named', interpolate=True, lineColor='black', lineColorSpace='named', lineWidth=1, name='polyback', opacity=1.0, ori=array(0.), pos=array([0., 0.]), size=array([1., 1.]), units='height', vertices=ndarray(...), win=Window(...), windingRule=None)
8.2880 	EXP 	Created textBlank500 = TextStim(__class__=<class 'psychopy.visual.text.TextStim'>, alignHoriz=method-wrapper(...), alignText='center', alignVert=method-wrapper(...), anchorHoriz='center', anchorVert='center', antialias=True, autoLog=True, bold=False, color='white', colorSpace='named', contrast=1.0, depth=-1.0, flipHoriz=False, flipVert=False, font='Arial', fontFiles=[], height=0.1, italic=False, languageStyle='LTR', name='textBlank500', opacity=1.0, ori=0, pos=array([0., 0.]), rgb=array([255., 255., 255.]), text='', units='height', win=Window(...), wrapWidth=1)
8.2894 	EXP 	Created polygon_2 = Rect(__class__=<class 'psychopy.visual.rect.Rect'>, autoDraw=False, autoLog=True, closeShape=True, color=method-wrapper(...), colorSpace=None, contrast=1.0, depth=0.0, fillColor='black', fillColorSpace='named', fillRGB=array([0., 0., 0.]), interpolate=True, lineColor='black', lineColorSpace='named', lineRGB=array([0., 0., 0.]), lineWidth=1, name='polygon_2', opacity=1.0, ori=array(0.), pos=array([0., 0.]), size=array([2., 2.]), units='height', vertices=ndarray(...), win=Window(...))
8.2937 	EXP 	Created textresp = TextStim(__class__=<class 'psychopy.visual.text.TextStim'>, alignHoriz=method-wrapper(...), alignText='center', alignVert=method-wrapper(...), anchorHoriz='center', anchorVert='center', antialias=True, autoLog=True, bold=False, color='white', colorSpace='named', contrast=1.0, depth=-1.0, flipHoriz=False, flipVert=False, font='Arial', fontFiles=[], height=0.1, italic=False, languageStyle='LTR', name='textresp', opacity=1.0, ori=0, pos=array([0., 0.]), rgb=array([255., 255., 255.]), text='default text', units='height', win=Window(...), wrapWidth=1)
8.3047 	EXP 	Created textQuestion = TextStim(__class__=<class 'psychopy.visual.text.TextStim'>, alignHoriz=method-wrapper(...), alignText='center', alignVert=method-wrapper(...), anchorHoriz='center', anchorVert='center', antialias=True, autoLog=True, bold=False, color='white', colorSpace='named', contrast=1.0, depth=-2.0, flipHoriz=False, flipVert=False, font='Arial', fontFiles=[], height=0.1, italic=False, languageStyle='LTR', name='textQuestion', opacity=1.0, ori=0, pos=array([ 0. , -0.3]), rgb=array([255., 255., 255.]), text='Have you seen this word before', units='height', win=Window(...), wrapWidth=1)
8.3054 	EXP 	Created polyback = ShapeStim(__class__=<class 'psychopy.visual.shape.ShapeStim'>, autoDraw=False, autoLog=True, closeShape=True, contrast=1.0, depth=0.0, fillColor='black', fillColorSpace='named', interpolate=True, lineColor='black', lineColorSpace='named', lineWidth=1, name='polyback', opacity=1.0, ori=array(0.), pos=array([0., 0.]), size=array([1., 1.]), units='height', vertices=ndarray(...), win=Window(...), windingRule=None)
8.3059 	EXP 	Created textBlank500 = TextStim(__class__=<class 'psychopy.visual.text.TextStim'>, alignHoriz=method-wrapper(...), alignText='center', alignVert=method-wrapper(...), anchorHoriz='center', anchorVert='center', antialias=True, autoLog=True, bold=False, color='white', colorSpace='named', contrast=1.0, depth=-1.0, flipHoriz=False, flipVert=False, font='Arial', fontFiles=[], height=0.1, italic=False, languageStyle='LTR', name='textBlank500', opacity=1.0, ori=0, pos=array([0., 0.]), rgb=array([255., 255., 255.]), text='', units='height', win=Window(...), wrapWidth=1)
8.3150 	EXP 	Created textEnd = TextStim(__class__=<class 'psychopy.visual.text.TextStim'>, alignHoriz=method-wrapper(...), alignText='center', alignVert=method-wrapper(...), anchorHoriz='center', anchorVert='center', antialias=True, autoLog=True, bold=False, color='white', colorSpace='named', contrast=1.0, depth=0.0, flipHoriz=False, flipVert=False, font='Arial', fontFiles=[], height=0.1, italic=False, languageStyle='LTR', name='textEnd', opacity=1.0, ori=0, pos=array([0., 0.]), rgb=array([255., 255., 255.]), text='Thanks for participating ', units='height', win=Window(...), wrapWidth=1)
8.3442 	EXP 	weclomeText: autoDraw = True
9.5381 	DATA 	Keypress: space
9.5480 	EXP 	weclomeText: autoDraw = False
9.5480 	EXP 	polyback: autoDraw = True
9.5480 	EXP 	textBlank500: autoDraw = True
10.0575 	EXP 	Imported word.xlsx as conditions, 3 conditions, 3 params
10.0577 	EXP 	Created sequence: random, trialTypes=3, nReps=1, seed=None
10.0580 	EXP 	New trial (rep=0, index=0): OrderedDict([('word', 'MOUNTAIN'), ('oldnew', 'old'), ('corr', 'y')])
10.0714 	EXP 	polyback: autoDraw = False
10.0714 	EXP 	textBlank500: autoDraw = False
10.0714 	EXP 	polyback: autoDraw = False
10.0714 	EXP 	textBlank500: autoDraw = False
10.0714 	EXP 	textstudy: text = 'MOUNTAIN'
10.0714 	EXP 	polygon_3: autoDraw = True
10.0714 	EXP 	textstudy: autoDraw = True
10.1644 	EXP 	polygon_3: autoDraw = False
10.1644 	EXP 	textstudy: autoDraw = False
10.1644 	EXP 	polyback: autoDraw = True
10.1644 	EXP 	textBlank500: autoDraw = True
10.6484 	EXP 	New trial (rep=0, index=1): OrderedDict([('word', 'FRIEND'), ('oldnew', 'old'), ('corr', 'y')])
10.6641 	EXP 	polyback: autoDraw = False
10.6641 	EXP 	textBlank500: autoDraw = False
10.6641 	EXP 	textstudy: text = 'FRIEND'
10.6641 	EXP 	polygon_3: autoDraw = True
10.6641 	EXP 	textstudy: autoDraw = True
10.7643 	EXP 	polygon_3: autoDraw = False
10.7643 	EXP 	textstudy: autoDraw = False
10.7643 	EXP 	polyback: autoDraw = True
10.7643 	EXP 	textBlank500: autoDraw = True
11.2483 	EXP 	New trial (rep=0, index=2): OrderedDict([('word', 'PHONE'), ('oldnew', 'old'), ('corr', 'y')])
11.2637 	EXP 	polyback: autoDraw = False
11.2637 	EXP 	textBlank500: autoDraw = False
11.2637 	EXP 	textstudy: text = 'PHONE'
11.2637 	EXP 	polygon_3: autoDraw = True
11.2637 	EXP 	textstudy: autoDraw = True
11.3638 	EXP 	polygon_3: autoDraw = False
11.3638 	EXP 	textstudy: autoDraw = False
11.3638 	EXP 	polyback: autoDraw = True
11.3638 	EXP 	textBlank500: autoDraw = True
11.8627 	EXP 	polyback: autoDraw = False
11.8627 	EXP 	textBlank500: autoDraw = False
11.8627 	EXP 	textWait: autoDraw = True
12.1336 	DATA 	Keypress: escape
13.1850 	EXP 	window1: mouseVisible = True
