0.5369 	WARNING 	We strongly recommend you activate the PTB sound engine in PsychoPy prefs as the preferred audio engine. Its timing is vastly superior. Your prefs are currently set to use ['sounddevice', 'PTB', 'pyo', 'pygame'] (in that order).
4.8368 	WARNING 	User requested fullscreen with size [1024  768], but screen is actually [1920, 1080]. Using actual size
6.9947 	EXP 	Created window1 = Window(allowGUI=False, allowStencil=False, args=UNKNOWN, autoLog=True, bitsMode=UNKNOWN, blendMode='avg', bpc=(8, 8, 8), color=array([0., 0., 0.]), colorSpace='rgb', depthBits=8, fullscr=<method-wrapper '__getattribute__' of attributeSetter object at 0x000001F90D0C29B0>, gamma=None, gammaErrorPolicy='raise', kwargs=UNKNOWN, lms=UNKNOWN, monitor=<psychopy.monitors.calibTools.Monitor object at 0x000001F90D11D278>, multiSample=False, name='window1', numSamples=2, pos=[0.0, 0.0], screen=0, size=array([1920, 1080]), stencilBits=0, stereo=False, units='height', useFBO=True, useRetina=False, viewOri=0.0, viewPos=None, viewScale=None, waitBlanking=True, winType='pyglet')
6.9947 	EXP 	window1: recordFrameIntervals = False
7.1609 	EXP 	window1: recordFrameIntervals = True
7.3441 	EXP 	window1: recordFrameIntervals = False
7.7070 	EXP 	Created weclomeText = TextStim(__class__=<class 'psychopy.visual.text.TextStim'>, alignHoriz=method-wrapper(...), alignText='center', alignVert=method-wrapper(...), anchorHoriz='center', anchorVert='center', antialias=True, autoLog=True, bold=False, color='white', colorSpace='named', contrast=1.0, depth=0.0, flipHoriz=False, flipVert=False, font='Arial', fontFiles=[], height=0.1, italic=False, languageStyle='LTR', name='weclomeText', opacity=1.0, ori=0, pos=array([0., 0.]), rgb=array([255., 255., 255.]), text='Welcome to our experiment\n\n', units='height', win=Window(...), wrapWidth=1)
7.7077 	EXP 	Created polyback = ShapeStim(__class__=<class 'psychopy.visual.shape.ShapeStim'>, autoDraw=False, autoLog=True, closeShape=True, contrast=1.0, depth=0.0, fillColor='black', fillColorSpace='named', interpolate=True, lineColor='black', lineColorSpace='named', lineWidth=1, name='polyback', opacity=1.0, ori=array(0.), pos=array([0., 0.]), size=array([1., 1.]), units='height', vertices=ndarray(...), win=Window(...), windingRule=None)
7.7081 	EXP 	Created textBlank500 = TextStim(__class__=<class 'psychopy.visual.text.TextStim'>, alignHoriz=method-wrapper(...), alignText='center', alignVert=method-wrapper(...), anchorHoriz='center', anchorVert='center', antialias=True, autoLog=True, bold=False, color='white', colorSpace='named', contrast=1.0, depth=-1.0, flipHoriz=False, flipVert=False, font='Arial', fontFiles=[], height=0.1, italic=False, languageStyle='LTR', name='textBlank500', opacity=1.0, ori=0, pos=array([0., 0.]), rgb=array([255., 255., 255.]), text='', units='height', win=Window(...), wrapWidth=1)
7.7096 	EXP 	Created polygon_3 = Rect(__class__=<class 'psychopy.visual.rect.Rect'>, autoDraw=False, autoLog=True, closeShape=True, color=method-wrapper(...), colorSpace=None, contrast=1.0, depth=0.0, fillColor='black', fillColorSpace='named', fillRGB=array([0., 0., 0.]), interpolate=True, lineColor='black', lineColorSpace='named', lineRGB=array([0., 0., 0.]), lineWidth=1, name='polygon_3', opacity=1.0, ori=array(0.), pos=array([0., 0.]), size=array([2., 2.]), units='height', vertices=ndarray(...), win=Window(...))
7.7220 	EXP 	Created textstudy = TextStim(__class__=<class 'psychopy.visual.text.TextStim'>, alignHoriz=method-wrapper(...), alignText='center', alignVert=method-wrapper(...), anchorHoriz='center', anchorVert='center', antialias=True, autoLog=True, bold=False, color='white', colorSpace='named', contrast=1.0, depth=-1.0, flipHoriz=False, flipVert=False, font='Arial', fontFiles=[], height=0.05, italic=False, languageStyle='LTR', name='textstudy', opacity=1.0, ori=0, pos=array([0., 0.]), rgb=array([255., 255., 255.]), text='default text', units='height', win=Window(...), wrapWidth=1)
7.7226 	EXP 	Created polyback = ShapeStim(__class__=<class 'psychopy.visual.shape.ShapeStim'>, autoDraw=False, autoLog=True, closeShape=True, contrast=1.0, depth=0.0, fillColor='black', fillColorSpace='named', interpolate=True, lineColor='black', lineColorSpace='named', lineWidth=1, name='polyback', opacity=1.0, ori=array(0.), pos=array([0., 0.]), size=array([1., 1.]), units='height', vertices=ndarray(...), win=Window(...), windingRule=None)
7.7230 	EXP 	Created textBlank500 = TextStim(__class__=<class 'psychopy.visual.text.TextStim'>, alignHoriz=method-wrapper(...), alignText='center', alignVert=method-wrapper(...), anchorHoriz='center', anchorVert='center', antialias=True, autoLog=True, bold=False, color='white', colorSpace='named', contrast=1.0, depth=-1.0, flipHoriz=False, flipVert=False, font='Arial', fontFiles=[], height=0.1, italic=False, languageStyle='LTR', name='textBlank500', opacity=1.0, ori=0, pos=array([0., 0.]), rgb=array([255., 255., 255.]), text='', units='height', win=Window(...), wrapWidth=1)
7.7353 	EXP 	Created textWait = TextStim(__class__=<class 'psychopy.visual.text.TextStim'>, alignHoriz=method-wrapper(...), alignText='center', alignVert=method-wrapper(...), anchorHoriz='center', anchorVert='center', antialias=True, autoLog=True, bold=False, color='white', colorSpace='named', contrast=1.0, depth=0.0, flipHoriz=False, flipVert=False, font='Arial', fontFiles=[], height=0.1, italic=False, languageStyle='LTR', name='textWait', opacity=1.0, ori=0, pos=array([0., 0.]), rgb=array([255., 255., 255.]), text='Please wait \n\nready press space', units='height', win=Window(...), wrapWidth=1)
7.7360 	EXP 	Created polyback = ShapeStim(__class__=<class 'psychopy.visual.shape.ShapeStim'>, autoDraw=False, autoLog=True, closeShape=True, contrast=1.0, depth=0.0, fillColor='black', fillColorSpace='named', interpolate=True, lineColor='black', lineColorSpace='named', lineWidth=1, name='polyback', opacity=1.0, ori=array(0.), pos=array([0., 0.]), size=array([1., 1.]), units='height', vertices=ndarray(...), win=Window(...), windingRule=None)
7.7364 	EXP 	Created textBlank500 = TextStim(__class__=<class 'psychopy.visual.text.TextStim'>, alignHoriz=method-wrapper(...), alignText='center', alignVert=method-wrapper(...), anchorHoriz='center', anchorVert='center', antialias=True, autoLog=True, bold=False, color='white', colorSpace='named', contrast=1.0, depth=-1.0, flipHoriz=False, flipVert=False, font='Arial', fontFiles=[], height=0.1, italic=False, languageStyle='LTR', name='textBlank500', opacity=1.0, ori=0, pos=array([0., 0.]), rgb=array([255., 255., 255.]), text='', units='height', win=Window(...), wrapWidth=1)
7.7370 	EXP 	Created polygon_2 = Rect(__class__=<class 'psychopy.visual.rect.Rect'>, autoDraw=False, autoLog=True, closeShape=True, color=method-wrapper(...), colorSpace=None, contrast=1.0, depth=0.0, fillColor='black', fillColorSpace='named', fillRGB=array([0., 0., 0.]), interpolate=True, lineColor='black', lineColorSpace='named', lineRGB=array([0., 0., 0.]), lineWidth=1, name='polygon_2', opacity=1.0, ori=array(0.), pos=array([0., 0.]), size=array([2., 2.]), units='height', vertices=ndarray(...), win=Window(...))
7.7413 	EXP 	Created textresp = TextStim(__class__=<class 'psychopy.visual.text.TextStim'>, alignHoriz=method-wrapper(...), alignText='center', alignVert=method-wrapper(...), anchorHoriz='center', anchorVert='center', antialias=True, autoLog=True, bold=False, color='white', colorSpace='named', contrast=1.0, depth=-1.0, flipHoriz=False, flipVert=False, font='Arial', fontFiles=[], height=0.1, italic=False, languageStyle='LTR', name='textresp', opacity=1.0, ori=0, pos=array([0., 0.]), rgb=array([255., 255., 255.]), text='default text', units='height', win=Window(...), wrapWidth=1)
7.7522 	EXP 	Created textQuestion = TextStim(__class__=<class 'psychopy.visual.text.TextStim'>, alignHoriz=method-wrapper(...), alignText='center', alignVert=method-wrapper(...), anchorHoriz='center', anchorVert='center', antialias=True, autoLog=True, bold=False, color='white', colorSpace='named', contrast=1.0, depth=-2.0, flipHoriz=False, flipVert=False, font='Arial', fontFiles=[], height=0.1, italic=False, languageStyle='LTR', name='textQuestion', opacity=1.0, ori=0, pos=array([ 0. , -0.3]), rgb=array([255., 255., 255.]), text='Have you seen this word before', units='height', win=Window(...), wrapWidth=1)
7.7528 	EXP 	Created polyback = ShapeStim(__class__=<class 'psychopy.visual.shape.ShapeStim'>, autoDraw=False, autoLog=True, closeShape=True, contrast=1.0, depth=0.0, fillColor='black', fillColorSpace='named', interpolate=True, lineColor='black', lineColorSpace='named', lineWidth=1, name='polyback', opacity=1.0, ori=array(0.), pos=array([0., 0.]), size=array([1., 1.]), units='height', vertices=ndarray(...), win=Window(...), windingRule=None)
7.7533 	EXP 	Created textBlank500 = TextStim(__class__=<class 'psychopy.visual.text.TextStim'>, alignHoriz=method-wrapper(...), alignText='center', alignVert=method-wrapper(...), anchorHoriz='center', anchorVert='center', antialias=True, autoLog=True, bold=False, color='white', colorSpace='named', contrast=1.0, depth=-1.0, flipHoriz=False, flipVert=False, font='Arial', fontFiles=[], height=0.1, italic=False, languageStyle='LTR', name='textBlank500', opacity=1.0, ori=0, pos=array([0., 0.]), rgb=array([255., 255., 255.]), text='', units='height', win=Window(...), wrapWidth=1)
7.7614 	EXP 	Created textEnd = TextStim(__class__=<class 'psychopy.visual.text.TextStim'>, alignHoriz=method-wrapper(...), alignText='center', alignVert=method-wrapper(...), anchorHoriz='center', anchorVert='center', antialias=True, autoLog=True, bold=False, color='white', colorSpace='named', contrast=1.0, depth=0.0, flipHoriz=False, flipVert=False, font='Arial', fontFiles=[], height=0.1, italic=False, languageStyle='LTR', name='textEnd', opacity=1.0, ori=0, pos=array([0., 0.]), rgb=array([255., 255., 255.]), text='Thanks for participating ', units='height', win=Window(...), wrapWidth=1)
7.7905 	EXP 	weclomeText: autoDraw = True
8.9504 	DATA 	Keypress: space
8.9604 	EXP 	weclomeText: autoDraw = False
8.9604 	EXP 	polyback: autoDraw = True
8.9604 	EXP 	textBlank500: autoDraw = True
9.4702 	EXP 	Imported word.xlsx as conditions, 3 conditions, 3 params
9.4706 	EXP 	Created sequence: random, trialTypes=3, nReps=1, seed=None
9.4708 	EXP 	New trial (rep=0, index=0): OrderedDict([('word', 'FRIEND'), ('oldnew', 'old'), ('corr', 'y')])
9.4846 	EXP 	polyback: autoDraw = False
9.4846 	EXP 	textBlank500: autoDraw = False
9.4846 	EXP 	polyback: autoDraw = False
9.4846 	EXP 	textBlank500: autoDraw = False
9.4846 	EXP 	textstudy: text = 'FRIEND'
9.4846 	EXP 	polygon_3: autoDraw = True
9.4846 	EXP 	textstudy: autoDraw = True
9.5771 	EXP 	polygon_3: autoDraw = False
9.5771 	EXP 	textstudy: autoDraw = False
9.5771 	EXP 	polyback: autoDraw = True
9.5771 	EXP 	textBlank500: autoDraw = True
10.0607 	EXP 	New trial (rep=0, index=1): OrderedDict([('word', 'PHONE'), ('oldnew', 'old'), ('corr', 'y')])
10.0776 	EXP 	polyback: autoDraw = False
10.0776 	EXP 	textBlank500: autoDraw = False
10.0776 	EXP 	textstudy: text = 'PHONE'
10.0776 	EXP 	polygon_3: autoDraw = True
10.0776 	EXP 	textstudy: autoDraw = True
10.1766 	EXP 	polygon_3: autoDraw = False
10.1766 	EXP 	textstudy: autoDraw = False
10.1766 	EXP 	polyback: autoDraw = True
10.1766 	EXP 	textBlank500: autoDraw = True
10.6604 	EXP 	New trial (rep=0, index=2): OrderedDict([('word', 'MOUNTAIN'), ('oldnew', 'old'), ('corr', 'y')])
10.6770 	EXP 	polyback: autoDraw = False
10.6770 	EXP 	textBlank500: autoDraw = False
10.6770 	EXP 	textstudy: text = 'MOUNTAIN'
10.6770 	EXP 	polygon_3: autoDraw = True
10.6770 	EXP 	textstudy: autoDraw = True
10.7764 	EXP 	polygon_3: autoDraw = False
10.7764 	EXP 	textstudy: autoDraw = False
10.7764 	EXP 	polyback: autoDraw = True
10.7764 	EXP 	textBlank500: autoDraw = True
11.2749 	EXP 	polyback: autoDraw = False
11.2749 	EXP 	textBlank500: autoDraw = False
11.2749 	EXP 	textWait: autoDraw = True
12.0143 	DATA 	Keypress: space
12.0255 	EXP 	textWait: autoDraw = False
12.0255 	EXP 	polyback: autoDraw = True
12.0255 	EXP 	textBlank500: autoDraw = True
12.5171 	EXP 	Imported word.xlsx as conditions, 37 conditions, 3 params
12.5174 	EXP 	Created sequence: random, trialTypes=37, nReps=1, seed=None
12.5176 	EXP 	New trial (rep=0, index=0): OrderedDict([('word', 'PUTAMEN'), ('oldnew', 'new'), ('corr', 'n')])
12.5365 	EXP 	polyback: autoDraw = False
12.5365 	EXP 	textBlank500: autoDraw = False
12.5365 	EXP 	polyback: autoDraw = False
12.5365 	EXP 	textBlank500: autoDraw = False
12.5365 	EXP 	textresp: text = 'PUTAMEN'
12.5365 	EXP 	polygon_2: autoDraw = True
12.5365 	EXP 	textresp: autoDraw = True
12.5365 	EXP 	textQuestion: autoDraw = True
13.3306 	DATA 	Keypress: space
15.0297 	DATA 	Keypress: return
15.7156 	DATA 	Keypress: y
15.7238 	EXP 	polygon_2: autoDraw = False
15.7238 	EXP 	textresp: autoDraw = False
15.7238 	EXP 	textQuestion: autoDraw = False
15.7238 	EXP 	polyback: autoDraw = True
15.7238 	EXP 	textBlank500: autoDraw = True
16.2087 	EXP 	New trial (rep=0, index=1): OrderedDict([('word', 'LAND'), ('oldnew', 'old'), ('corr', 'y')])
16.2240 	EXP 	polyback: autoDraw = False
16.2240 	EXP 	textBlank500: autoDraw = False
16.2240 	EXP 	polyback: autoDraw = False
16.2240 	EXP 	textBlank500: autoDraw = False
16.2240 	EXP 	textresp: text = 'LAND'
16.2240 	EXP 	polygon_2: autoDraw = True
16.2240 	EXP 	textresp: autoDraw = True
16.2240 	EXP 	textQuestion: autoDraw = True
16.7280 	DATA 	Keypress: escape
17.8451 	EXP 	window1: mouseVisible = True
0.5405 	WARNING 	We strongly recommend you activate the PTB sound engine in PsychoPy prefs as the preferred audio engine. Its timing is vastly superior. Your prefs are currently set to use ['sounddevice', 'PTB', 'pyo', 'pygame'] (in that order).
4.6114 	WARNING 	User requested fullscreen with size [1024  768], but screen is actually [1920, 1080]. Using actual size
6.7903 	EXP 	Created window1 = Window(allowGUI=False, allowStencil=False, args=UNKNOWN, autoLog=True, bitsMode=UNKNOWN, blendMode='avg', bpc=(8, 8, 8), color=array([0., 0., 0.]), colorSpace='rgb', depthBits=8, fullscr=<method-wrapper '__getattribute__' of attributeSetter object at 0x00000168991C09B0>, gamma=None, gammaErrorPolicy='raise', kwargs=UNKNOWN, lms=UNKNOWN, monitor=<psychopy.monitors.calibTools.Monitor object at 0x000001689921C278>, multiSample=False, name='window1', numSamples=2, pos=[0.0, 0.0], screen=0, size=array([1920, 1080]), stencilBits=0, stereo=False, units='height', useFBO=True, useRetina=False, viewOri=0.0, viewPos=None, viewScale=None, waitBlanking=True, winType='pyglet')
6.7904 	EXP 	window1: recordFrameIntervals = False
6.9564 	EXP 	window1: recordFrameIntervals = True
7.1397 	EXP 	window1: recordFrameIntervals = False
7.4981 	EXP 	Created weclomeText = TextStim(__class__=<class 'psychopy.visual.text.TextStim'>, alignHoriz=method-wrapper(...), alignText='center', alignVert=method-wrapper(...), anchorHoriz='center', anchorVert='center', antialias=True, autoLog=True, bold=False, color='white', colorSpace='named', contrast=1.0, depth=0.0, flipHoriz=False, flipVert=False, font='Arial', fontFiles=[], height=0.1, italic=False, languageStyle='LTR', name='weclomeText', opacity=1.0, ori=0, pos=array([0., 0.]), rgb=array([255., 255., 255.]), text='Welcome to our experiment\n\n', units='height', win=Window(...), wrapWidth=1)
7.4999 	EXP 	Created polyback = Rect(__class__=<class 'psychopy.visual.rect.Rect'>, autoDraw=False, autoLog=True, closeShape=True, color=method-wrapper(...), colorSpace=None, contrast=1.0, depth=0.0, fillColor='black', fillColorSpace='named', fillRGB=array([0., 0., 0.]), interpolate=True, lineColor='black', lineColorSpace='named', lineRGB=array([0., 0., 0.]), lineWidth=1, name='polyback', opacity=1.0, ori=array(0.), pos=array([0., 0.]), size=array([2., 2.]), units='height', vertices=ndarray(...), win=Window(...))
7.5004 	EXP 	Created textBlank500 = TextStim(__class__=<class 'psychopy.visual.text.TextStim'>, alignHoriz=method-wrapper(...), alignText='center', alignVert=method-wrapper(...), anchorHoriz='center', anchorVert='center', antialias=True, autoLog=True, bold=False, color='white', colorSpace='named', contrast=1.0, depth=-1.0, flipHoriz=False, flipVert=False, font='Arial', fontFiles=[], height=0.1, italic=False, languageStyle='LTR', name='textBlank500', opacity=1.0, ori=0, pos=array([0., 0.]), rgb=array([255., 255., 255.]), text='', units='height', win=Window(...), wrapWidth=1)
7.5011 	EXP 	Created polygon_3 = Rect(__class__=<class 'psychopy.visual.rect.Rect'>, autoDraw=False, autoLog=True, closeShape=True, color=method-wrapper(...), colorSpace=None, contrast=1.0, depth=0.0, fillColor='black', fillColorSpace='named', fillRGB=array([0., 0., 0.]), interpolate=True, lineColor='black', lineColorSpace='named', lineRGB=array([0., 0., 0.]), lineWidth=1, name='polygon_3', opacity=1.0, ori=array(0.), pos=array([0., 0.]), size=array([2., 2.]), units='height', vertices=ndarray(...), win=Window(...))
7.5128 	EXP 	Created textstudy = TextStim(__class__=<class 'psychopy.visual.text.TextStim'>, alignHoriz=method-wrapper(...), alignText='center', alignVert=method-wrapper(...), anchorHoriz='center', anchorVert='center', antialias=True, autoLog=True, bold=False, color='white', colorSpace='named', contrast=1.0, depth=-1.0, flipHoriz=False, flipVert=False, font='Arial', fontFiles=[], height=0.05, italic=False, languageStyle='LTR', name='textstudy', opacity=1.0, ori=0, pos=array([0., 0.]), rgb=array([255., 255., 255.]), text='default text', units='height', win=Window(...), wrapWidth=1)
7.5136 	EXP 	Created polyback = Rect(__class__=<class 'psychopy.visual.rect.Rect'>, autoDraw=False, autoLog=True, closeShape=True, color=method-wrapper(...), colorSpace=None, contrast=1.0, depth=0.0, fillColor='black', fillColorSpace='named', fillRGB=array([0., 0., 0.]), interpolate=True, lineColor='black', lineColorSpace='named', lineRGB=array([0., 0., 0.]), lineWidth=1, name='polyback', opacity=1.0, ori=array(0.), pos=array([0., 0.]), size=array([2., 2.]), units='height', vertices=ndarray(...), win=Window(...))
7.5140 	EXP 	Created textBlank500 = TextStim(__class__=<class 'psychopy.visual.text.TextStim'>, alignHoriz=method-wrapper(...), alignText='center', alignVert=method-wrapper(...), anchorHoriz='center', anchorVert='center', antialias=True, autoLog=True, bold=False, color='white', colorSpace='named', contrast=1.0, depth=-1.0, flipHoriz=False, flipVert=False, font='Arial', fontFiles=[], height=0.1, italic=False, languageStyle='LTR', name='textBlank500', opacity=1.0, ori=0, pos=array([0., 0.]), rgb=array([255., 255., 255.]), text='', units='height', win=Window(...), wrapWidth=1)
7.5262 	EXP 	Created textWait = TextStim(__class__=<class 'psychopy.visual.text.TextStim'>, alignHoriz=method-wrapper(...), alignText='center', alignVert=method-wrapper(...), anchorHoriz='center', anchorVert='center', antialias=True, autoLog=True, bold=False, color='white', colorSpace='named', contrast=1.0, depth=0.0, flipHoriz=False, flipVert=False, font='Arial', fontFiles=[], height=0.1, italic=False, languageStyle='LTR', name='textWait', opacity=1.0, ori=0, pos=array([0., 0.]), rgb=array([255., 255., 255.]), text='Please wait \n\nready press space', units='height', win=Window(...), wrapWidth=1)
7.5269 	EXP 	Created polyback = Rect(__class__=<class 'psychopy.visual.rect.Rect'>, autoDraw=False, autoLog=True, closeShape=True, color=method-wrapper(...), colorSpace=None, contrast=1.0, depth=0.0, fillColor='black', fillColorSpace='named', fillRGB=array([0., 0., 0.]), interpolate=True, lineColor='black', lineColorSpace='named', lineRGB=array([0., 0., 0.]), lineWidth=1, name='polyback', opacity=1.0, ori=array(0.), pos=array([0., 0.]), size=array([2., 2.]), units='height', vertices=ndarray(...), win=Window(...))
7.5273 	EXP 	Created textBlank500 = TextStim(__class__=<class 'psychopy.visual.text.TextStim'>, alignHoriz=method-wrapper(...), alignText='center', alignVert=method-wrapper(...), anchorHoriz='center', anchorVert='center', antialias=True, autoLog=True, bold=False, color='white', colorSpace='named', contrast=1.0, depth=-1.0, flipHoriz=False, flipVert=False, font='Arial', fontFiles=[], height=0.1, italic=False, languageStyle='LTR', name='textBlank500', opacity=1.0, ori=0, pos=array([0., 0.]), rgb=array([255., 255., 255.]), text='', units='height', win=Window(...), wrapWidth=1)
7.5279 	EXP 	Created polygon_2 = Rect(__class__=<class 'psychopy.visual.rect.Rect'>, autoDraw=False, autoLog=True, closeShape=True, color=method-wrapper(...), colorSpace=None, contrast=1.0, depth=0.0, fillColor='black', fillColorSpace='named', fillRGB=array([0., 0., 0.]), interpolate=True, lineColor='black', lineColorSpace='named', lineRGB=array([0., 0., 0.]), lineWidth=1, name='polygon_2', opacity=1.0, ori=array(0.), pos=array([0., 0.]), size=array([2., 2.]), units='height', vertices=ndarray(...), win=Window(...))
7.5318 	EXP 	Created textresp = TextStim(__class__=<class 'psychopy.visual.text.TextStim'>, alignHoriz=method-wrapper(...), alignText='center', alignVert=method-wrapper(...), anchorHoriz='center', anchorVert='center', antialias=True, autoLog=True, bold=False, color='white', colorSpace='named', contrast=1.0, depth=-1.0, flipHoriz=False, flipVert=False, font='Arial', fontFiles=[], height=0.1, italic=False, languageStyle='LTR', name='textresp', opacity=1.0, ori=0, pos=array([0., 0.]), rgb=array([255., 255., 255.]), text='default text', units='height', win=Window(...), wrapWidth=1)
7.5426 	EXP 	Created textQuestion = TextStim(__class__=<class 'psychopy.visual.text.TextStim'>, alignHoriz=method-wrapper(...), alignText='center', alignVert=method-wrapper(...), anchorHoriz='center', anchorVert='center', antialias=True, autoLog=True, bold=False, color='white', colorSpace='named', contrast=1.0, depth=-2.0, flipHoriz=False, flipVert=False, font='Arial', fontFiles=[], height=0.1, italic=False, languageStyle='LTR', name='textQuestion', opacity=1.0, ori=0, pos=array([ 0. , -0.3]), rgb=array([255., 255., 255.]), text='Have you seen this word before', units='height', win=Window(...), wrapWidth=1)
7.5433 	EXP 	Created polyback = Rect(__class__=<class 'psychopy.visual.rect.Rect'>, autoDraw=False, autoLog=True, closeShape=True, color=method-wrapper(...), colorSpace=None, contrast=1.0, depth=0.0, fillColor='black', fillColorSpace='named', fillRGB=array([0., 0., 0.]), interpolate=True, lineColor='black', lineColorSpace='named', lineRGB=array([0., 0., 0.]), lineWidth=1, name='polyback', opacity=1.0, ori=array(0.), pos=array([0., 0.]), size=array([2., 2.]), units='height', vertices=ndarray(...), win=Window(...))
7.5438 	EXP 	Created textBlank500 = TextStim(__class__=<class 'psychopy.visual.text.TextStim'>, alignHoriz=method-wrapper(...), alignText='center', alignVert=method-wrapper(...), anchorHoriz='center', anchorVert='center', antialias=True, autoLog=True, bold=False, color='white', colorSpace='named', contrast=1.0, depth=-1.0, flipHoriz=False, flipVert=False, font='Arial', fontFiles=[], height=0.1, italic=False, languageStyle='LTR', name='textBlank500', opacity=1.0, ori=0, pos=array([0., 0.]), rgb=array([255., 255., 255.]), text='', units='height', win=Window(...), wrapWidth=1)
7.5523 	EXP 	Created textEnd = TextStim(__class__=<class 'psychopy.visual.text.TextStim'>, alignHoriz=method-wrapper(...), alignText='center', alignVert=method-wrapper(...), anchorHoriz='center', anchorVert='center', antialias=True, autoLog=True, bold=False, color='white', colorSpace='named', contrast=1.0, depth=0.0, flipHoriz=False, flipVert=False, font='Arial', fontFiles=[], height=0.1, italic=False, languageStyle='LTR', name='textEnd', opacity=1.0, ori=0, pos=array([0., 0.]), rgb=array([255., 255., 255.]), text='Thanks for participating ', units='height', win=Window(...), wrapWidth=1)
7.5777 	DATA 	Keypress: space
7.5823 	EXP 	weclomeText: autoDraw = True
7.9966 	DATA 	Keypress: space
8.0074 	EXP 	weclomeText: autoDraw = False
8.0074 	EXP 	polyback: autoDraw = True
8.0074 	EXP 	textBlank500: autoDraw = True
8.5170 	EXP 	Imported word.xlsx as conditions, 3 conditions, 3 params
8.5172 	EXP 	Created sequence: random, trialTypes=3, nReps=1, seed=None
8.5174 	EXP 	New trial (rep=0, index=0): OrderedDict([('word', 'MOUNTAIN'), ('oldnew', 'old'), ('corr', 'y')])
8.5318 	EXP 	polyback: autoDraw = False
8.5318 	EXP 	textBlank500: autoDraw = False
8.5318 	EXP 	polyback: autoDraw = False
8.5318 	EXP 	textBlank500: autoDraw = False
8.5318 	EXP 	textstudy: text = 'MOUNTAIN'
8.5318 	EXP 	polygon_3: autoDraw = True
8.5318 	EXP 	textstudy: autoDraw = True
8.6235 	EXP 	polygon_3: autoDraw = False
8.6235 	EXP 	textstudy: autoDraw = False
8.6235 	EXP 	polyback: autoDraw = True
8.6235 	EXP 	textBlank500: autoDraw = True
9.1075 	EXP 	New trial (rep=0, index=1): OrderedDict([('word', 'PHONE'), ('oldnew', 'old'), ('corr', 'y')])
9.1234 	EXP 	polyback: autoDraw = False
9.1234 	EXP 	textBlank500: autoDraw = False
9.1234 	EXP 	textstudy: text = 'PHONE'
9.1234 	EXP 	polygon_3: autoDraw = True
9.1234 	EXP 	textstudy: autoDraw = True
9.2232 	EXP 	polygon_3: autoDraw = False
9.2232 	EXP 	textstudy: autoDraw = False
9.2232 	EXP 	polyback: autoDraw = True
9.2232 	EXP 	textBlank500: autoDraw = True
9.7070 	EXP 	New trial (rep=0, index=2): OrderedDict([('word', 'FRIEND'), ('oldnew', 'old'), ('corr', 'y')])
9.7231 	EXP 	polyback: autoDraw = False
9.7231 	EXP 	textBlank500: autoDraw = False
9.7231 	EXP 	textstudy: text = 'FRIEND'
9.7231 	EXP 	polygon_3: autoDraw = True
9.7231 	EXP 	textstudy: autoDraw = True
9.8231 	EXP 	polygon_3: autoDraw = False
9.8231 	EXP 	textstudy: autoDraw = False
9.8231 	EXP 	polyback: autoDraw = True
9.8231 	EXP 	textBlank500: autoDraw = True
10.3211 	EXP 	polyback: autoDraw = False
10.3211 	EXP 	textBlank500: autoDraw = False
10.3211 	EXP 	textWait: autoDraw = True
10.9942 	DATA 	Keypress: space
11.0057 	EXP 	textWait: autoDraw = False
11.0057 	EXP 	polyback: autoDraw = True
11.0057 	EXP 	textBlank500: autoDraw = True
11.4975 	EXP 	Imported word.xlsx as conditions, 37 conditions, 3 params
11.4978 	EXP 	Created sequence: random, trialTypes=37, nReps=1, seed=None
11.4980 	EXP 	New trial (rep=0, index=0): OrderedDict([('word', 'STRIATUM'), ('oldnew', 'new'), ('corr', 'n')])
11.5148 	EXP 	polyback: autoDraw = False
11.5148 	EXP 	textBlank500: autoDraw = False
11.5148 	EXP 	polyback: autoDraw = False
11.5148 	EXP 	textBlank500: autoDraw = False
11.5148 	EXP 	textresp: text = 'STRIATUM'
11.5148 	EXP 	polygon_2: autoDraw = True
11.5148 	EXP 	textresp: autoDraw = True
11.5148 	EXP 	textQuestion: autoDraw = True
12.8763 	DATA 	Keypress: space
15.2277 	DATA 	Keypress: y
15.2367 	EXP 	polygon_2: autoDraw = False
15.2367 	EXP 	textresp: autoDraw = False
15.2367 	EXP 	textQuestion: autoDraw = False
15.2367 	EXP 	polyback: autoDraw = True
15.2367 	EXP 	textBlank500: autoDraw = True
15.7220 	EXP 	New trial (rep=0, index=1): OrderedDict([('word', 'NEURO'), ('oldnew', 'new'), ('corr', 'n')])
15.7363 	EXP 	polyback: autoDraw = False
15.7363 	EXP 	textBlank500: autoDraw = False
15.7363 	EXP 	polyback: autoDraw = False
15.7363 	EXP 	textBlank500: autoDraw = False
15.7363 	EXP 	textresp: text = 'NEURO'
15.7363 	EXP 	polygon_2: autoDraw = True
15.7363 	EXP 	textresp: autoDraw = True
15.7363 	EXP 	textQuestion: autoDraw = True
16.2425 	DATA 	Keypress: y
16.2527 	EXP 	polygon_2: autoDraw = False
16.2527 	EXP 	textresp: autoDraw = False
16.2527 	EXP 	textQuestion: autoDraw = False
16.2527 	EXP 	polyback: autoDraw = True
16.2527 	EXP 	textBlank500: autoDraw = True
16.7377 	EXP 	New trial (rep=0, index=2): OrderedDict([('word', 'GLOBE'), ('oldnew', 'old'), ('corr', 'y')])
16.7524 	EXP 	polyback: autoDraw = False
16.7524 	EXP 	textBlank500: autoDraw = False
16.7524 	EXP 	polyback: autoDraw = False
16.7524 	EXP 	textBlank500: autoDraw = False
16.7524 	EXP 	textresp: text = 'GLOBE'
16.7524 	EXP 	polygon_2: autoDraw = True
16.7524 	EXP 	textresp: autoDraw = True
16.7524 	EXP 	textQuestion: autoDraw = True
17.2262 	DATA 	Keypress: y
17.2353 	EXP 	polygon_2: autoDraw = False
17.2353 	EXP 	textresp: autoDraw = False
17.2353 	EXP 	textQuestion: autoDraw = False
17.2353 	EXP 	polyback: autoDraw = True
17.2353 	EXP 	textBlank500: autoDraw = True
17.7208 	EXP 	New trial (rep=0, index=3): OrderedDict([('word', 'SCHIZOPHRENIA'), ('oldnew', 'new'), ('corr', 'n')])
17.7356 	EXP 	polyback: autoDraw = False
17.7356 	EXP 	textBlank500: autoDraw = False
17.7356 	EXP 	polyback: autoDraw = False
17.7356 	EXP 	textBlank500: autoDraw = False
17.7356 	EXP 	textresp: text = 'SCHIZOPHRENIA'
17.7356 	EXP 	polygon_2: autoDraw = True
17.7356 	EXP 	textresp: autoDraw = True
17.7356 	EXP 	textQuestion: autoDraw = True
18.1918 	DATA 	Keypress: y
18.2015 	EXP 	polygon_2: autoDraw = False
18.2015 	EXP 	textresp: autoDraw = False
18.2015 	EXP 	textQuestion: autoDraw = False
18.2015 	EXP 	polyback: autoDraw = True
18.2015 	EXP 	textBlank500: autoDraw = True
18.6868 	EXP 	New trial (rep=0, index=4): OrderedDict([('word', None), ('oldnew', None), ('corr', None)])
18.7015 	EXP 	polyback: autoDraw = False
18.7015 	EXP 	textBlank500: autoDraw = False
18.7015 	EXP 	polyback: autoDraw = False
18.7015 	EXP 	textBlank500: autoDraw = False
18.7015 	EXP 	textresp: text = 'SCHIZOPHRENIA'
18.7015 	EXP 	polygon_2: autoDraw = True
18.7015 	EXP 	textresp: autoDraw = True
18.7015 	EXP 	textQuestion: autoDraw = True
19.1397 	DATA 	Keypress: y
19.1678 	EXP 	polygon_2: autoDraw = False
19.1678 	EXP 	textresp: autoDraw = False
19.1678 	EXP 	textQuestion: autoDraw = False
19.1678 	EXP 	polyback: autoDraw = True
19.1678 	EXP 	textBlank500: autoDraw = True
19.6532 	EXP 	New trial (rep=0, index=5): OrderedDict([('word', 'INSULA'), ('oldnew', 'new'), ('corr', 'n')])
19.6677 	EXP 	polyback: autoDraw = False
19.6677 	EXP 	textBlank500: autoDraw = False
19.6677 	EXP 	polyback: autoDraw = False
19.6677 	EXP 	textBlank500: autoDraw = False
19.6677 	EXP 	textresp: text = 'INSULA'
19.6677 	EXP 	polygon_2: autoDraw = True
19.6677 	EXP 	textresp: autoDraw = True
19.6677 	EXP 	textQuestion: autoDraw = True
20.1391 	DATA 	Keypress: y
20.1672 	EXP 	polygon_2: autoDraw = False
20.1672 	EXP 	textresp: autoDraw = False
20.1672 	EXP 	textQuestion: autoDraw = False
20.1672 	EXP 	polyback: autoDraw = True
20.1672 	EXP 	textBlank500: autoDraw = True
20.6527 	EXP 	New trial (rep=0, index=6): OrderedDict([('word', None), ('oldnew', None), ('corr', None)])
20.6669 	EXP 	polyback: autoDraw = False
20.6669 	EXP 	textBlank500: autoDraw = False
20.6669 	EXP 	polyback: autoDraw = False
20.6669 	EXP 	textBlank500: autoDraw = False
20.6669 	EXP 	textresp: text = 'INSULA'
20.6669 	EXP 	polygon_2: autoDraw = True
20.6669 	EXP 	textresp: autoDraw = True
20.6669 	EXP 	textQuestion: autoDraw = True
21.0902 	DATA 	Keypress: y
21.0999 	EXP 	polygon_2: autoDraw = False
21.0999 	EXP 	textresp: autoDraw = False
21.0999 	EXP 	textQuestion: autoDraw = False
21.0999 	EXP 	polyback: autoDraw = True
21.0999 	EXP 	textBlank500: autoDraw = True
21.5856 	EXP 	New trial (rep=0, index=7): OrderedDict([('word', '['), ('oldnew', None), ('corr', None)])
21.5998 	EXP 	polyback: autoDraw = False
21.5998 	EXP 	textBlank500: autoDraw = False
21.5998 	EXP 	polyback: autoDraw = False
21.5998 	EXP 	textBlank500: autoDraw = False
21.5998 	EXP 	textresp: text = '['
21.5998 	EXP 	polygon_2: autoDraw = True
21.5998 	EXP 	textresp: autoDraw = True
21.5998 	EXP 	textQuestion: autoDraw = True
22.0235 	DATA 	Keypress: y
22.0328 	EXP 	polygon_2: autoDraw = False
22.0328 	EXP 	textresp: autoDraw = False
22.0328 	EXP 	textQuestion: autoDraw = False
22.0328 	EXP 	polyback: autoDraw = True
22.0328 	EXP 	textBlank500: autoDraw = True
22.5186 	EXP 	New trial (rep=0, index=8): OrderedDict([('word', 'FORNIX'), ('oldnew', 'new'), ('corr', 'n')])
22.5325 	EXP 	polyback: autoDraw = False
22.5325 	EXP 	textBlank500: autoDraw = False
22.5325 	EXP 	polyback: autoDraw = False
22.5325 	EXP 	textBlank500: autoDraw = False
22.5325 	EXP 	textresp: text = 'FORNIX'
22.5325 	EXP 	polygon_2: autoDraw = True
22.5325 	EXP 	textresp: autoDraw = True
22.5325 	EXP 	textQuestion: autoDraw = True
24.0551 	DATA 	Keypress: y
24.0651 	EXP 	polygon_2: autoDraw = False
24.0651 	EXP 	textresp: autoDraw = False
24.0651 	EXP 	textQuestion: autoDraw = False
24.0651 	EXP 	polyback: autoDraw = True
24.0651 	EXP 	textBlank500: autoDraw = True
24.5509 	EXP 	New trial (rep=0, index=9): OrderedDict([('word', 'PUTAMEN'), ('oldnew', 'new'), ('corr', 'n')])
24.5646 	EXP 	polyback: autoDraw = False
24.5646 	EXP 	textBlank500: autoDraw = False
24.5646 	EXP 	polyback: autoDraw = False
24.5646 	EXP 	textBlank500: autoDraw = False
24.5646 	EXP 	textresp: text = 'PUTAMEN'
24.5646 	EXP 	polygon_2: autoDraw = True
24.5646 	EXP 	textresp: autoDraw = True
24.5646 	EXP 	textQuestion: autoDraw = True
24.9704 	DATA 	Keypress: y
24.9810 	EXP 	polygon_2: autoDraw = False
24.9810 	EXP 	textresp: autoDraw = False
24.9810 	EXP 	textQuestion: autoDraw = False
24.9810 	EXP 	polyback: autoDraw = True
24.9810 	EXP 	textBlank500: autoDraw = True
25.4672 	EXP 	New trial (rep=0, index=10): OrderedDict([('word', 'THALAMUS'), ('oldnew', 'new'), ('corr', 'n')])
25.4809 	EXP 	polyback: autoDraw = False
25.4809 	EXP 	textBlank500: autoDraw = False
25.4809 	EXP 	polyback: autoDraw = False
25.4809 	EXP 	textBlank500: autoDraw = False
25.4809 	EXP 	textresp: text = 'THALAMUS'
25.4809 	EXP 	polygon_2: autoDraw = True
25.4809 	EXP 	textresp: autoDraw = True
25.4809 	EXP 	textQuestion: autoDraw = True
25.9046 	DATA 	Keypress: y
25.9141 	EXP 	polygon_2: autoDraw = False
25.9141 	EXP 	textresp: autoDraw = False
25.9141 	EXP 	textQuestion: autoDraw = False
25.9141 	EXP 	polyback: autoDraw = True
25.9141 	EXP 	textBlank500: autoDraw = True
26.3995 	EXP 	New trial (rep=0, index=11): OrderedDict([('word', None), ('oldnew', None), ('corr', None)])
26.4137 	EXP 	polyback: autoDraw = False
26.4137 	EXP 	textBlank500: autoDraw = False
26.4137 	EXP 	polyback: autoDraw = False
26.4137 	EXP 	textBlank500: autoDraw = False
26.4137 	EXP 	textresp: text = 'THALAMUS'
26.4137 	EXP 	polygon_2: autoDraw = True
26.4137 	EXP 	textresp: autoDraw = True
26.4137 	EXP 	textQuestion: autoDraw = True
26.7701 	DATA 	Keypress: y
26.7800 	EXP 	polygon_2: autoDraw = False
26.7800 	EXP 	textresp: autoDraw = False
26.7800 	EXP 	textQuestion: autoDraw = False
26.7800 	EXP 	polyback: autoDraw = True
26.7800 	EXP 	textBlank500: autoDraw = True
27.2657 	EXP 	New trial (rep=0, index=12): OrderedDict([('word', 'GLASS'), ('oldnew', 'old'), ('corr', 'y')])
27.2800 	EXP 	polyback: autoDraw = False
27.2800 	EXP 	textBlank500: autoDraw = False
27.2800 	EXP 	polyback: autoDraw = False
27.2800 	EXP 	textBlank500: autoDraw = False
27.2800 	EXP 	textresp: text = 'GLASS'
27.2800 	EXP 	polygon_2: autoDraw = True
27.2800 	EXP 	textresp: autoDraw = True
27.2800 	EXP 	textQuestion: autoDraw = True
27.6859 	DATA 	Keypress: y
27.6963 	EXP 	polygon_2: autoDraw = False
27.6963 	EXP 	textresp: autoDraw = False
27.6963 	EXP 	textQuestion: autoDraw = False
27.6963 	EXP 	polyback: autoDraw = True
27.6963 	EXP 	textBlank500: autoDraw = True
28.1820 	EXP 	New trial (rep=0, index=13): OrderedDict([('word', None), ('oldnew', None), ('corr', None)])
28.1961 	EXP 	polyback: autoDraw = False
28.1961 	EXP 	textBlank500: autoDraw = False
28.1961 	EXP 	polyback: autoDraw = False
28.1961 	EXP 	textBlank500: autoDraw = False
28.1961 	EXP 	textresp: text = 'GLASS'
28.1961 	EXP 	polygon_2: autoDraw = True
28.1961 	EXP 	textresp: autoDraw = True
28.1961 	EXP 	textQuestion: autoDraw = True
28.6192 	DATA 	Keypress: y
28.6290 	EXP 	polygon_2: autoDraw = False
28.6290 	EXP 	textresp: autoDraw = False
28.6290 	EXP 	textQuestion: autoDraw = False
28.6290 	EXP 	polyback: autoDraw = True
28.6290 	EXP 	textBlank500: autoDraw = True
29.1145 	EXP 	New trial (rep=0, index=14): OrderedDict([('word', None), ('oldnew', None), ('corr', None)])
29.1289 	EXP 	polyback: autoDraw = False
29.1289 	EXP 	textBlank500: autoDraw = False
29.1289 	EXP 	polyback: autoDraw = False
29.1289 	EXP 	textBlank500: autoDraw = False
29.1289 	EXP 	textresp: text = 'GLASS'
29.1289 	EXP 	polygon_2: autoDraw = True
29.1289 	EXP 	textresp: autoDraw = True
29.1289 	EXP 	textQuestion: autoDraw = True
29.4499 	DATA 	Keypress: y
29.4785 	EXP 	polygon_2: autoDraw = False
29.4785 	EXP 	textresp: autoDraw = False
29.4785 	EXP 	textQuestion: autoDraw = False
29.4785 	EXP 	polyback: autoDraw = True
29.4785 	EXP 	textBlank500: autoDraw = True
29.9643 	EXP 	New trial (rep=0, index=15): OrderedDict([('word', 'WRENCH'), ('oldnew', 'old'), ('corr', 'y')])
29.9783 	EXP 	polyback: autoDraw = False
29.9783 	EXP 	textBlank500: autoDraw = False
29.9783 	EXP 	polyback: autoDraw = False
29.9783 	EXP 	textBlank500: autoDraw = False
29.9783 	EXP 	textresp: text = 'WRENCH'
29.9783 	EXP 	polygon_2: autoDraw = True
29.9783 	EXP 	textresp: autoDraw = True
29.9783 	EXP 	textQuestion: autoDraw = True
30.2511 	DATA 	Keypress: y
30.2618 	EXP 	polygon_2: autoDraw = False
30.2618 	EXP 	textresp: autoDraw = False
30.2618 	EXP 	textQuestion: autoDraw = False
30.2618 	EXP 	polyback: autoDraw = True
30.2618 	EXP 	textBlank500: autoDraw = True
30.7471 	EXP 	New trial (rep=0, index=16): OrderedDict([('word', None), ('oldnew', None), ('corr', None)])
30.7615 	EXP 	polyback: autoDraw = False
30.7615 	EXP 	textBlank500: autoDraw = False
30.7615 	EXP 	polyback: autoDraw = False
30.7615 	EXP 	textBlank500: autoDraw = False
30.7615 	EXP 	textresp: text = 'WRENCH'
30.7615 	EXP 	polygon_2: autoDraw = True
30.7615 	EXP 	textresp: autoDraw = True
30.7615 	EXP 	textQuestion: autoDraw = True
31.4349 	DATA 	Keypress: y
31.4442 	EXP 	polygon_2: autoDraw = False
31.4442 	EXP 	textresp: autoDraw = False
31.4442 	EXP 	textQuestion: autoDraw = False
31.4442 	EXP 	polyback: autoDraw = True
31.4442 	EXP 	textBlank500: autoDraw = True
31.9299 	EXP 	New trial (rep=0, index=17): OrderedDict([('word', 'AMYGDALA'), ('oldnew', 'new'), ('corr', 'n')])
31.9438 	EXP 	polyback: autoDraw = False
31.9438 	EXP 	textBlank500: autoDraw = False
31.9438 	EXP 	polyback: autoDraw = False
31.9438 	EXP 	textBlank500: autoDraw = False
31.9438 	EXP 	textresp: text = 'AMYGDALA'
31.9438 	EXP 	polygon_2: autoDraw = True
31.9438 	EXP 	textresp: autoDraw = True
31.9438 	EXP 	textQuestion: autoDraw = True
32.1845 	DATA 	Keypress: y
32.1936 	EXP 	polygon_2: autoDraw = False
32.1936 	EXP 	textresp: autoDraw = False
32.1936 	EXP 	textQuestion: autoDraw = False
32.1936 	EXP 	polyback: autoDraw = True
32.1936 	EXP 	textBlank500: autoDraw = True
32.6788 	EXP 	New trial (rep=0, index=18): OrderedDict([('word', None), ('oldnew', None), ('corr', None)])
32.6937 	EXP 	polyback: autoDraw = False
32.6937 	EXP 	textBlank500: autoDraw = False
32.6937 	EXP 	polyback: autoDraw = False
32.6937 	EXP 	textBlank500: autoDraw = False
32.6937 	EXP 	textresp: text = 'AMYGDALA'
32.6937 	EXP 	polygon_2: autoDraw = True
32.6937 	EXP 	textresp: autoDraw = True
32.6937 	EXP 	textQuestion: autoDraw = True
32.9496 	DATA 	Keypress: y
32.9600 	EXP 	polygon_2: autoDraw = False
32.9600 	EXP 	textresp: autoDraw = False
32.9600 	EXP 	textQuestion: autoDraw = False
32.9600 	EXP 	polyback: autoDraw = True
32.9600 	EXP 	textBlank500: autoDraw = True
33.2462 	DATA 	Keypress: y
33.4456 	EXP 	New trial (rep=0, index=19): OrderedDict([('word', 'HYPOTHALAMUS'), ('oldnew', 'new'), ('corr', 'n')])
33.4540 	DATA 	Keypress: y
33.4599 	EXP 	polyback: autoDraw = False
33.4599 	EXP 	textBlank500: autoDraw = False
33.4599 	EXP 	polyback: autoDraw = False
33.4599 	EXP 	textBlank500: autoDraw = False
33.4599 	EXP 	textresp: text = 'HYPOTHALAMUS'
33.4599 	EXP 	polygon_2: autoDraw = True
33.4599 	EXP 	textresp: autoDraw = True
33.4599 	EXP 	textQuestion: autoDraw = True
33.9323 	DATA 	Keypress: y
33.9426 	EXP 	polygon_2: autoDraw = False
33.9426 	EXP 	textresp: autoDraw = False
33.9426 	EXP 	textQuestion: autoDraw = False
33.9426 	EXP 	polyback: autoDraw = True
33.9426 	EXP 	textBlank500: autoDraw = True
34.4284 	EXP 	New trial (rep=0, index=20): OrderedDict([('word', None), ('oldnew', None), ('corr', None)])
34.4425 	EXP 	polyback: autoDraw = False
34.4425 	EXP 	textBlank500: autoDraw = False
34.4425 	EXP 	polyback: autoDraw = False
34.4425 	EXP 	textBlank500: autoDraw = False
34.4425 	EXP 	textresp: text = 'HYPOTHALAMUS'
34.4425 	EXP 	polygon_2: autoDraw = True
34.4425 	EXP 	textresp: autoDraw = True
34.4425 	EXP 	textQuestion: autoDraw = True
35.0139 	DATA 	Keypress: escape
36.2103 	EXP 	window1: mouseVisible = True
