0.5361 	WARNING 	We strongly recommend you activate the PTB sound engine in PsychoPy prefs as the preferred audio engine. Its timing is vastly superior. Your prefs are currently set to use ['sounddevice', 'PTB', 'pyo', 'pygame'] (in that order).
6.4619 	WARNING 	User requested fullscreen with size [1024  768], but screen is actually [1920, 1080]. Using actual size
8.9565 	EXP 	Created window1 = Window(allowGUI=False, allowStencil=False, args=UNKNOWN, autoLog=True, bitsMode=UNKNOWN, blendMode='avg', bpc=(8, 8, 8), color=array([0., 0., 0.]), colorSpace='rgb', depthBits=8, fullscr=<method-wrapper '__getattribute__' of attributeSetter object at 0x00000261383CFA58>, gamma=None, gammaErrorPolicy='raise', kwargs=UNKNOWN, lms=UNKNOWN, monitor=<psychopy.monitors.calibTools.Monitor object at 0x000002613842C320>, multiSample=False, name='window1', numSamples=2, pos=[0.0, 0.0], screen=0, size=array([1920, 1080]), stencilBits=0, stereo=False, units='height', useFBO=True, useRetina=False, viewOri=0.0, viewPos=None, viewScale=None, waitBlanking=True, winType='pyglet')
8.9566 	EXP 	window1: recordFrameIntervals = False
9.1225 	EXP 	window1: recordFrameIntervals = True
9.3059 	EXP 	window1: recordFrameIntervals = False
9.7462 	EXP 	Created weclomeText = TextStim(__class__=<class 'psychopy.visual.text.TextStim'>, alignHoriz=method-wrapper(...), alignText='center', alignVert=method-wrapper(...), anchorHoriz='center', anchorVert='center', antialias=True, autoLog=True, bold=False, color='white', colorSpace='named', contrast=1.0, depth=0.0, flipHoriz=False, flipVert=False, font='Arial', fontFiles=[], height=0.1, italic=False, languageStyle='LTR', name='weclomeText', opacity=1.0, ori=0, pos=array([0., 0.]), rgb=array([255., 255., 255.]), text='Welcome to our experiment\n\n', units='height', win=Window(...), wrapWidth=1)
9.7479 	EXP 	Created polyback = Rect(__class__=<class 'psychopy.visual.rect.Rect'>, autoDraw=False, autoLog=True, closeShape=True, color=method-wrapper(...), colorSpace=None, contrast=1.0, depth=0.0, fillColor='black', fillColorSpace='named', fillRGB=array([0., 0., 0.]), interpolate=True, lineColor='black', lineColorSpace='named', lineRGB=array([0., 0., 0.]), lineWidth=1, name='polyback', opacity=1.0, ori=array(0.), pos=array([0., 0.]), size=array([2., 2.]), units='height', vertices=ndarray(...), win=Window(...))
9.7484 	EXP 	Created textBlank500 = TextStim(__class__=<class 'psychopy.visual.text.TextStim'>, alignHoriz=method-wrapper(...), alignText='center', alignVert=method-wrapper(...), anchorHoriz='center', anchorVert='center', antialias=True, autoLog=True, bold=False, color='white', colorSpace='named', contrast=1.0, depth=-1.0, flipHoriz=False, flipVert=False, font='Arial', fontFiles=[], height=0.1, italic=False, languageStyle='LTR', name='textBlank500', opacity=1.0, ori=0, pos=array([0., 0.]), rgb=array([255., 255., 255.]), text='', units='height', win=Window(...), wrapWidth=1)
9.7490 	EXP 	Created polygon_3 = Rect(__class__=<class 'psychopy.visual.rect.Rect'>, autoDraw=False, autoLog=True, closeShape=True, color=method-wrapper(...), colorSpace=None, contrast=1.0, depth=0.0, fillColor='black', fillColorSpace='named', fillRGB=array([0., 0., 0.]), interpolate=True, lineColor='black', lineColorSpace='named', lineRGB=array([0., 0., 0.]), lineWidth=1, name='polygon_3', opacity=1.0, ori=array(0.), pos=array([0., 0.]), size=array([2., 2.]), units='height', vertices=ndarray(...), win=Window(...))
9.7635 	EXP 	Created textstudy = TextStim(__class__=<class 'psychopy.visual.text.TextStim'>, alignHoriz=method-wrapper(...), alignText='center', alignVert=method-wrapper(...), anchorHoriz='center', anchorVert='center', antialias=True, autoLog=True, bold=False, color='white', colorSpace='named', contrast=1.0, depth=-1.0, flipHoriz=False, flipVert=False, font='Arial', fontFiles=[], height=0.05, italic=False, languageStyle='LTR', name='textstudy', opacity=1.0, ori=0, pos=array([0., 0.]), rgb=array([255., 255., 255.]), text='default text', units='height', win=Window(...), wrapWidth=1)
9.7642 	EXP 	Created polyback = Rect(__class__=<class 'psychopy.visual.rect.Rect'>, autoDraw=False, autoLog=True, closeShape=True, color=method-wrapper(...), colorSpace=None, contrast=1.0, depth=0.0, fillColor='black', fillColorSpace='named', fillRGB=array([0., 0., 0.]), interpolate=True, lineColor='black', lineColorSpace='named', lineRGB=array([0., 0., 0.]), lineWidth=1, name='polyback', opacity=1.0, ori=array(0.), pos=array([0., 0.]), size=array([2., 2.]), units='height', vertices=ndarray(...), win=Window(...))
9.7647 	EXP 	Created textBlank500 = TextStim(__class__=<class 'psychopy.visual.text.TextStim'>, alignHoriz=method-wrapper(...), alignText='center', alignVert=method-wrapper(...), anchorHoriz='center', anchorVert='center', antialias=True, autoLog=True, bold=False, color='white', colorSpace='named', contrast=1.0, depth=-1.0, flipHoriz=False, flipVert=False, font='Arial', fontFiles=[], height=0.1, italic=False, languageStyle='LTR', name='textBlank500', opacity=1.0, ori=0, pos=array([0., 0.]), rgb=array([255., 255., 255.]), text='', units='height', win=Window(...), wrapWidth=1)
9.7800 	EXP 	Created textWait = TextStim(__class__=<class 'psychopy.visual.text.TextStim'>, alignHoriz=method-wrapper(...), alignText='center', alignVert=method-wrapper(...), anchorHoriz='center', anchorVert='center', antialias=True, autoLog=True, bold=False, color='white', colorSpace='named', contrast=1.0, depth=0.0, flipHoriz=False, flipVert=False, font='Arial', fontFiles=[], height=0.1, italic=False, languageStyle='LTR', name='textWait', opacity=1.0, ori=0, pos=array([0., 0.]), rgb=array([255., 255., 255.]), text='Please wait \n\nready press space', units='height', win=Window(...), wrapWidth=1)
9.7806 	EXP 	Created polyback = Rect(__class__=<class 'psychopy.visual.rect.Rect'>, autoDraw=False, autoLog=True, closeShape=True, color=method-wrapper(...), colorSpace=None, contrast=1.0, depth=0.0, fillColor='black', fillColorSpace='named', fillRGB=array([0., 0., 0.]), interpolate=True, lineColor='black', lineColorSpace='named', lineRGB=array([0., 0., 0.]), lineWidth=1, name='polyback', opacity=1.0, ori=array(0.), pos=array([0., 0.]), size=array([2., 2.]), units='height', vertices=ndarray(...), win=Window(...))
9.7811 	EXP 	Created textBlank500 = TextStim(__class__=<class 'psychopy.visual.text.TextStim'>, alignHoriz=method-wrapper(...), alignText='center', alignVert=method-wrapper(...), anchorHoriz='center', anchorVert='center', antialias=True, autoLog=True, bold=False, color='white', colorSpace='named', contrast=1.0, depth=-1.0, flipHoriz=False, flipVert=False, font='Arial', fontFiles=[], height=0.1, italic=False, languageStyle='LTR', name='textBlank500', opacity=1.0, ori=0, pos=array([0., 0.]), rgb=array([255., 255., 255.]), text='', units='height', win=Window(...), wrapWidth=1)
9.7818 	EXP 	Created polygon = Rect(__class__=<class 'psychopy.visual.rect.Rect'>, autoDraw=False, autoLog=True, closeShape=True, color=method-wrapper(...), colorSpace=None, contrast=1.0, depth=0.0, fillColor='black', fillColorSpace='named', fillRGB=array([0., 0., 0.]), interpolate=True, lineColor='black', lineColorSpace='named', lineRGB=array([0., 0., 0.]), lineWidth=1, name='polygon', opacity=1.0, ori=array(0.), pos=array([0., 0.]), size=array([2., 2.]), units='height', vertices=ndarray(...), win=Window(...))
9.7862 	EXP 	Created textTesttrait = TextStim(__class__=<class 'psychopy.visual.text.TextStim'>, alignHoriz=method-wrapper(...), alignText='center', alignVert=method-wrapper(...), anchorHoriz='center', anchorVert='center', antialias=True, autoLog=True, bold=False, color='white', colorSpace='named', contrast=1.0, depth=-1.0, flipHoriz=False, flipVert=False, font='Arial', fontFiles=[], height=0.1, italic=False, languageStyle='LTR', name='textTesttrait', opacity=1.0, ori=0, pos=array([0., 0.]), rgb=array([255., 255., 255.]), text='default text', units='height', win=Window(...), wrapWidth=1)
9.8091 	EXP 	Created textconfscale = TextStim(__class__=<class 'psychopy.visual.text.TextStim'>, alignHoriz=method-wrapper(...), alignText='center', alignVert=method-wrapper(...), anchorHoriz='center', anchorVert='center', antialias=True, autoLog=True, bold=False, color='white', colorSpace='named', contrast=1.0, depth=-3.0, flipHoriz=False, flipVert=False, font='Arial', fontFiles=[], height=0.1, italic=False, languageStyle='LTR', name='textconfscale', opacity=1.0, ori=0, pos=array([ 0.  , -0.35]), rgb=array([255., 255., 255.]), text='1...2...3...4...5...6\nNEW.............OLD', units='height', win=Window(...), wrapWidth=1)
9.8097 	EXP 	Created polyback = Rect(__class__=<class 'psychopy.visual.rect.Rect'>, autoDraw=False, autoLog=True, closeShape=True, color=method-wrapper(...), colorSpace=None, contrast=1.0, depth=0.0, fillColor='black', fillColorSpace='named', fillRGB=array([0., 0., 0.]), interpolate=True, lineColor='black', lineColorSpace='named', lineRGB=array([0., 0., 0.]), lineWidth=1, name='polyback', opacity=1.0, ori=array(0.), pos=array([0., 0.]), size=array([2., 2.]), units='height', vertices=ndarray(...), win=Window(...))
9.8102 	EXP 	Created textBlank500 = TextStim(__class__=<class 'psychopy.visual.text.TextStim'>, alignHoriz=method-wrapper(...), alignText='center', alignVert=method-wrapper(...), anchorHoriz='center', anchorVert='center', antialias=True, autoLog=True, bold=False, color='white', colorSpace='named', contrast=1.0, depth=-1.0, flipHoriz=False, flipVert=False, font='Arial', fontFiles=[], height=0.1, italic=False, languageStyle='LTR', name='textBlank500', opacity=1.0, ori=0, pos=array([0., 0.]), rgb=array([255., 255., 255.]), text='', units='height', win=Window(...), wrapWidth=1)
9.8197 	EXP 	Created textEnd = TextStim(__class__=<class 'psychopy.visual.text.TextStim'>, alignHoriz=method-wrapper(...), alignText='center', alignVert=method-wrapper(...), anchorHoriz='center', anchorVert='center', antialias=True, autoLog=True, bold=False, color='white', colorSpace='named', contrast=1.0, depth=0.0, flipHoriz=False, flipVert=False, font='Arial', fontFiles=[], height=0.1, italic=False, languageStyle='LTR', name='textEnd', opacity=1.0, ori=0, pos=array([0., 0.]), rgb=array([255., 255., 255.]), text='Thanks for participating ', units='height', win=Window(...), wrapWidth=1)
9.8502 	EXP 	weclomeText: autoDraw = True
10.1958 	DATA 	Keypress: space
10.2069 	EXP 	weclomeText: autoDraw = False
10.2069 	EXP 	polyback: autoDraw = True
10.2069 	EXP 	textBlank500: autoDraw = True
10.7151 	EXP 	Imported word.xlsx as conditions, 3 conditions, 3 params
10.7153 	EXP 	Created sequence: random, trialTypes=3, nReps=1, seed=None
10.7156 	EXP 	New trial (rep=0, index=0): OrderedDict([('word', 'FRIEND'), ('oldnew', 'old'), ('corr', 'y')])
10.7287 	EXP 	polyback: autoDraw = False
10.7287 	EXP 	textBlank500: autoDraw = False
10.7287 	EXP 	polyback: autoDraw = False
10.7287 	EXP 	textBlank500: autoDraw = False
10.7287 	EXP 	textstudy: text = 'FRIEND'
10.7287 	EXP 	polygon_3: autoDraw = True
10.7287 	EXP 	textstudy: autoDraw = True
10.8232 	EXP 	polygon_3: autoDraw = False
10.8232 	EXP 	textstudy: autoDraw = False
10.8232 	EXP 	polyback: autoDraw = True
10.8232 	EXP 	textBlank500: autoDraw = True
11.3072 	EXP 	New trial (rep=0, index=1): OrderedDict([('word', 'PHONE'), ('oldnew', 'old'), ('corr', 'y')])
11.3231 	EXP 	polyback: autoDraw = False
11.3231 	EXP 	textBlank500: autoDraw = False
11.3231 	EXP 	textstudy: text = 'PHONE'
11.3231 	EXP 	polygon_3: autoDraw = True
11.3231 	EXP 	textstudy: autoDraw = True
11.4231 	EXP 	polygon_3: autoDraw = False
11.4231 	EXP 	textstudy: autoDraw = False
11.4231 	EXP 	polyback: autoDraw = True
11.4231 	EXP 	textBlank500: autoDraw = True
11.5912 	DATA 	Keypress: space
11.8418 	DATA 	Keypress: space
11.9068 	EXP 	New trial (rep=0, index=2): OrderedDict([('word', 'MOUNTAIN'), ('oldnew', 'old'), ('corr', 'y')])
11.9225 	EXP 	polyback: autoDraw = False
11.9225 	EXP 	textBlank500: autoDraw = False
11.9225 	EXP 	textstudy: text = 'MOUNTAIN'
11.9225 	EXP 	polygon_3: autoDraw = True
11.9225 	EXP 	textstudy: autoDraw = True
12.0228 	EXP 	polygon_3: autoDraw = False
12.0228 	EXP 	textstudy: autoDraw = False
12.0228 	EXP 	polyback: autoDraw = True
12.0228 	EXP 	textBlank500: autoDraw = True
12.5208 	EXP 	polyback: autoDraw = False
12.5208 	EXP 	textBlank500: autoDraw = False
12.5208 	EXP 	textWait: autoDraw = True
13.1936 	DATA 	Keypress: space
13.2053 	EXP 	textWait: autoDraw = False
13.2053 	EXP 	polyback: autoDraw = True
13.2053 	EXP 	textBlank500: autoDraw = True
13.6975 	EXP 	Imported word.xlsx as conditions, 37 conditions, 3 params
13.6978 	EXP 	Created sequence: random, trialTypes=37, nReps=1, seed=None
13.6980 	EXP 	New trial (rep=0, index=0): OrderedDict([('word', '['), ('oldnew', None), ('corr', None)])
13.7093 	EXP 	polyback: autoDraw = False
13.7093 	EXP 	textBlank500: autoDraw = False
13.7093 	EXP 	polyback: autoDraw = False
13.7093 	EXP 	textBlank500: autoDraw = False
13.7093 	EXP 	textTesttrait: text = '['
13.7093 	EXP 	polygon: autoDraw = True
13.7093 	EXP 	textTesttrait: autoDraw = True
13.7093 	EXP 	textconfscale: autoDraw = True
15.0788 	DATA 	Keypress: 2
15.0875 	EXP 	polygon: autoDraw = False
15.0875 	EXP 	textTesttrait: autoDraw = False
15.0875 	EXP 	textconfscale: autoDraw = False
15.0875 	EXP 	polyback: autoDraw = True
15.0875 	EXP 	textBlank500: autoDraw = True
15.5727 	EXP 	New trial (rep=0, index=1): OrderedDict([('word', None), ('oldnew', None), ('corr', None)])
15.5874 	EXP 	polyback: autoDraw = False
15.5874 	EXP 	textBlank500: autoDraw = False
15.5874 	EXP 	polyback: autoDraw = False
15.5874 	EXP 	textBlank500: autoDraw = False
15.5874 	EXP 	textTesttrait: text = '['
15.5874 	EXP 	polygon: autoDraw = True
15.5874 	EXP 	textTesttrait: autoDraw = True
15.5874 	EXP 	textconfscale: autoDraw = True
16.2276 	DATA 	Keypress: 2
16.2370 	EXP 	polygon: autoDraw = False
16.2370 	EXP 	textTesttrait: autoDraw = False
16.2370 	EXP 	textconfscale: autoDraw = False
16.2370 	EXP 	polyback: autoDraw = True
16.2370 	EXP 	textBlank500: autoDraw = True
16.7221 	EXP 	New trial (rep=0, index=2): OrderedDict([('word', 'WIRE'), ('oldnew', 'new'), ('corr', 'n')])
16.7367 	EXP 	polyback: autoDraw = False
16.7367 	EXP 	textBlank500: autoDraw = False
16.7367 	EXP 	polyback: autoDraw = False
16.7367 	EXP 	textBlank500: autoDraw = False
16.7367 	EXP 	textTesttrait: text = 'WIRE'
16.7367 	EXP 	polygon: autoDraw = True
16.7367 	EXP 	textTesttrait: autoDraw = True
16.7367 	EXP 	textconfscale: autoDraw = True
17.4413 	DATA 	Keypress: 3
17.4695 	EXP 	polygon: autoDraw = False
17.4695 	EXP 	textTesttrait: autoDraw = False
17.4695 	EXP 	textconfscale: autoDraw = False
17.4695 	EXP 	polyback: autoDraw = True
17.4695 	EXP 	textBlank500: autoDraw = True
17.9551 	EXP 	New trial (rep=0, index=3): OrderedDict([('word', None), ('oldnew', None), ('corr', None)])
17.9694 	EXP 	polyback: autoDraw = False
17.9694 	EXP 	textBlank500: autoDraw = False
17.9694 	EXP 	polyback: autoDraw = False
17.9694 	EXP 	textBlank500: autoDraw = False
17.9694 	EXP 	textTesttrait: text = 'WIRE'
17.9694 	EXP 	polygon: autoDraw = True
17.9694 	EXP 	textTesttrait: autoDraw = True
17.9694 	EXP 	textconfscale: autoDraw = True
18.6592 	DATA 	Keypress: 1
18.6689 	EXP 	polygon: autoDraw = False
18.6689 	EXP 	textTesttrait: autoDraw = False
18.6689 	EXP 	textconfscale: autoDraw = False
18.6689 	EXP 	polyback: autoDraw = True
18.6689 	EXP 	textBlank500: autoDraw = True
19.1539 	EXP 	New trial (rep=0, index=4): OrderedDict([('word', 'LOCKED'), ('oldnew', 'new'), ('corr', 'n')])
19.1686 	EXP 	polyback: autoDraw = False
19.1686 	EXP 	textBlank500: autoDraw = False
19.1686 	EXP 	polyback: autoDraw = False
19.1686 	EXP 	textBlank500: autoDraw = False
19.1686 	EXP 	textTesttrait: text = 'LOCKED'
19.1686 	EXP 	polygon: autoDraw = True
19.1686 	EXP 	textTesttrait: autoDraw = True
19.1686 	EXP 	textconfscale: autoDraw = True
19.7247 	DATA 	Keypress: 2
19.7349 	EXP 	polygon: autoDraw = False
19.7349 	EXP 	textTesttrait: autoDraw = False
19.7349 	EXP 	textconfscale: autoDraw = False
19.7349 	EXP 	polyback: autoDraw = True
19.7349 	EXP 	textBlank500: autoDraw = True
20.2203 	EXP 	New trial (rep=0, index=5): OrderedDict([('word', 'INSULA'), ('oldnew', 'new'), ('corr', 'n')])
20.2347 	EXP 	polyback: autoDraw = False
20.2347 	EXP 	textBlank500: autoDraw = False
20.2347 	EXP 	polyback: autoDraw = False
20.2347 	EXP 	textBlank500: autoDraw = False
20.2347 	EXP 	textTesttrait: text = 'INSULA'
20.2347 	EXP 	polygon: autoDraw = True
20.2347 	EXP 	textTesttrait: autoDraw = True
20.2347 	EXP 	textconfscale: autoDraw = True
20.7411 	DATA 	Keypress: 3
20.7514 	EXP 	polygon: autoDraw = False
20.7514 	EXP 	textTesttrait: autoDraw = False
20.7514 	EXP 	textconfscale: autoDraw = False
20.7514 	EXP 	polyback: autoDraw = True
20.7514 	EXP 	textBlank500: autoDraw = True
21.2368 	EXP 	New trial (rep=0, index=6): OrderedDict([('word', None), ('oldnew', None), ('corr', None)])
21.2509 	EXP 	polyback: autoDraw = False
21.2509 	EXP 	textBlank500: autoDraw = False
21.2509 	EXP 	polyback: autoDraw = False
21.2509 	EXP 	textBlank500: autoDraw = False
21.2509 	EXP 	textTesttrait: text = 'INSULA'
21.2509 	EXP 	polygon: autoDraw = True
21.2509 	EXP 	textTesttrait: autoDraw = True
21.2509 	EXP 	textconfscale: autoDraw = True
21.7729 	DATA 	Keypress: 4
21.7834 	EXP 	polygon: autoDraw = False
21.7834 	EXP 	textTesttrait: autoDraw = False
21.7834 	EXP 	textconfscale: autoDraw = False
21.7834 	EXP 	polyback: autoDraw = True
21.7834 	EXP 	textBlank500: autoDraw = True
22.2691 	EXP 	New trial (rep=0, index=7): OrderedDict([('word', None), ('oldnew', None), ('corr', None)])
22.2836 	EXP 	polyback: autoDraw = False
22.2836 	EXP 	textBlank500: autoDraw = False
22.2836 	EXP 	polyback: autoDraw = False
22.2836 	EXP 	textBlank500: autoDraw = False
22.2836 	EXP 	textTesttrait: text = 'INSULA'
22.2836 	EXP 	polygon: autoDraw = True
22.2836 	EXP 	textTesttrait: autoDraw = True
22.2836 	EXP 	textconfscale: autoDraw = True
22.8068 	DATA 	Keypress: 6
22.8164 	EXP 	polygon: autoDraw = False
22.8164 	EXP 	textTesttrait: autoDraw = False
22.8164 	EXP 	textconfscale: autoDraw = False
22.8164 	EXP 	polyback: autoDraw = True
22.8164 	EXP 	textBlank500: autoDraw = True
23.3021 	EXP 	New trial (rep=0, index=8): OrderedDict([('word', 'GLOBE'), ('oldnew', 'old'), ('corr', 'y')])
23.3162 	EXP 	polyback: autoDraw = False
23.3162 	EXP 	textBlank500: autoDraw = False
23.3162 	EXP 	polyback: autoDraw = False
23.3162 	EXP 	textBlank500: autoDraw = False
23.3162 	EXP 	textTesttrait: text = 'GLOBE'
23.3162 	EXP 	polygon: autoDraw = True
23.3162 	EXP 	textTesttrait: autoDraw = True
23.3162 	EXP 	textconfscale: autoDraw = True
23.8560 	DATA 	Keypress: 2
23.8660 	EXP 	polygon: autoDraw = False
23.8660 	EXP 	textTesttrait: autoDraw = False
23.8660 	EXP 	textconfscale: autoDraw = False
23.8660 	EXP 	polyback: autoDraw = True
23.8660 	EXP 	textBlank500: autoDraw = True
24.3516 	EXP 	New trial (rep=0, index=9): OrderedDict([('word', 'NEURO'), ('oldnew', 'new'), ('corr', 'n')])
24.3658 	EXP 	polyback: autoDraw = False
24.3658 	EXP 	textBlank500: autoDraw = False
24.3658 	EXP 	polyback: autoDraw = False
24.3658 	EXP 	textBlank500: autoDraw = False
24.3658 	EXP 	textTesttrait: text = 'NEURO'
24.3658 	EXP 	polygon: autoDraw = True
24.3658 	EXP 	textTesttrait: autoDraw = True
24.3658 	EXP 	textconfscale: autoDraw = True
24.8719 	DATA 	Keypress: 1
24.8820 	EXP 	polygon: autoDraw = False
24.8820 	EXP 	textTesttrait: autoDraw = False
24.8820 	EXP 	textconfscale: autoDraw = False
24.8820 	EXP 	polyback: autoDraw = True
24.8820 	EXP 	textBlank500: autoDraw = True
25.3672 	EXP 	New trial (rep=0, index=10): OrderedDict([('word', 'PHONE'), ('oldnew', 'old'), ('corr', 'y')])
25.3819 	EXP 	polyback: autoDraw = False
25.3819 	EXP 	textBlank500: autoDraw = False
25.3819 	EXP 	polyback: autoDraw = False
25.3819 	EXP 	textBlank500: autoDraw = False
25.3819 	EXP 	textTesttrait: text = 'PHONE'
25.3819 	EXP 	polygon: autoDraw = True
25.3819 	EXP 	textTesttrait: autoDraw = True
25.3819 	EXP 	textconfscale: autoDraw = True
25.8395 	DATA 	Keypress: 2
25.8481 	EXP 	polygon: autoDraw = False
25.8481 	EXP 	textTesttrait: autoDraw = False
25.8481 	EXP 	textconfscale: autoDraw = False
25.8481 	EXP 	polyback: autoDraw = True
25.8481 	EXP 	textBlank500: autoDraw = True
26.3335 	EXP 	New trial (rep=0, index=11): OrderedDict([('word', None), ('oldnew', None), ('corr', None)])
26.3480 	EXP 	polyback: autoDraw = False
26.3480 	EXP 	textBlank500: autoDraw = False
26.3480 	EXP 	polyback: autoDraw = False
26.3480 	EXP 	textBlank500: autoDraw = False
26.3480 	EXP 	textTesttrait: text = 'PHONE'
26.3480 	EXP 	polygon: autoDraw = True
26.3480 	EXP 	textTesttrait: autoDraw = True
26.3480 	EXP 	textconfscale: autoDraw = True
26.7383 	DATA 	Keypress: 3
26.7477 	EXP 	polygon: autoDraw = False
26.7477 	EXP 	textTesttrait: autoDraw = False
26.7477 	EXP 	textconfscale: autoDraw = False
26.7477 	EXP 	polyback: autoDraw = True
26.7477 	EXP 	textBlank500: autoDraw = True
27.2331 	EXP 	New trial (rep=0, index=12): OrderedDict([('word', None), ('oldnew', None), ('corr', None)])
27.2474 	EXP 	polyback: autoDraw = False
27.2474 	EXP 	textBlank500: autoDraw = False
27.2474 	EXP 	polyback: autoDraw = False
27.2474 	EXP 	textBlank500: autoDraw = False
27.2474 	EXP 	textTesttrait: text = 'PHONE'
27.2474 	EXP 	polygon: autoDraw = True
27.2474 	EXP 	textTesttrait: autoDraw = True
27.2474 	EXP 	textconfscale: autoDraw = True
27.5376 	DATA 	Keypress: 4
27.5473 	EXP 	polygon: autoDraw = False
27.5473 	EXP 	textTesttrait: autoDraw = False
27.5473 	EXP 	textconfscale: autoDraw = False
27.5473 	EXP 	polyback: autoDraw = True
27.5473 	EXP 	textBlank500: autoDraw = True
28.0329 	EXP 	New trial (rep=0, index=13): OrderedDict([('word', 'VALLEY'), ('oldnew', 'old'), ('corr', 'y')])
28.0469 	EXP 	polyback: autoDraw = False
28.0469 	EXP 	textBlank500: autoDraw = False
28.0469 	EXP 	polyback: autoDraw = False
28.0469 	EXP 	textBlank500: autoDraw = False
28.0469 	EXP 	textTesttrait: text = 'VALLEY'
28.0469 	EXP 	polygon: autoDraw = True
28.0469 	EXP 	textTesttrait: autoDraw = True
28.0469 	EXP 	textconfscale: autoDraw = True
28.2867 	DATA 	Keypress: 6
28.2969 	EXP 	polygon: autoDraw = False
28.2969 	EXP 	textTesttrait: autoDraw = False
28.2969 	EXP 	textconfscale: autoDraw = False
28.2969 	EXP 	polyback: autoDraw = True
28.2969 	EXP 	textBlank500: autoDraw = True
28.7816 	EXP 	New trial (rep=0, index=14): OrderedDict([('word', None), ('oldnew', None), ('corr', None)])
28.7967 	EXP 	polyback: autoDraw = False
28.7967 	EXP 	textBlank500: autoDraw = False
28.7967 	EXP 	polyback: autoDraw = False
28.7967 	EXP 	textBlank500: autoDraw = False
28.7967 	EXP 	textTesttrait: text = 'VALLEY'
28.7967 	EXP 	polygon: autoDraw = True
28.7967 	EXP 	textTesttrait: autoDraw = True
28.7967 	EXP 	textconfscale: autoDraw = True
29.1027 	DATA 	Keypress: 4
29.1128 	EXP 	polygon: autoDraw = False
29.1128 	EXP 	textTesttrait: autoDraw = False
29.1128 	EXP 	textconfscale: autoDraw = False
29.1128 	EXP 	polyback: autoDraw = True
29.1128 	EXP 	textBlank500: autoDraw = True
29.5981 	EXP 	New trial (rep=0, index=15): OrderedDict([('word', 'LAND'), ('oldnew', 'old'), ('corr', 'y')])
29.6127 	EXP 	polyback: autoDraw = False
29.6127 	EXP 	textBlank500: autoDraw = False
29.6127 	EXP 	polyback: autoDraw = False
29.6127 	EXP 	textBlank500: autoDraw = False
29.6127 	EXP 	textTesttrait: text = 'LAND'
29.6127 	EXP 	polygon: autoDraw = True
29.6127 	EXP 	textTesttrait: autoDraw = True
29.6127 	EXP 	textconfscale: autoDraw = True
29.9359 	DATA 	Keypress: 3
29.9459 	EXP 	polygon: autoDraw = False
29.9459 	EXP 	textTesttrait: autoDraw = False
29.9459 	EXP 	textconfscale: autoDraw = False
29.9459 	EXP 	polyback: autoDraw = True
29.9459 	EXP 	textBlank500: autoDraw = True
30.4317 	EXP 	New trial (rep=0, index=16): OrderedDict([('word', 'HAMMER'), ('oldnew', 'old'), ('corr', 'y')])
30.4456 	EXP 	polyback: autoDraw = False
30.4456 	EXP 	textBlank500: autoDraw = False
30.4456 	EXP 	polyback: autoDraw = False
30.4456 	EXP 	textBlank500: autoDraw = False
30.4456 	EXP 	textTesttrait: text = 'HAMMER'
30.4456 	EXP 	polygon: autoDraw = True
30.4456 	EXP 	textTesttrait: autoDraw = True
30.4456 	EXP 	textconfscale: autoDraw = True
31.0172 	DATA 	Keypress: escape
31.3102 	EXP 	window1: mouseVisible = True
