0.6636 	WARNING 	We strongly recommend you activate the PTB sound engine in PsychoPy prefs as the preferred audio engine. Its timing is vastly superior. Your prefs are currently set to use ['sounddevice', 'PTB', 'pyo', 'pygame'] (in that order).
6.7423 	WARNING 	User requested fullscreen with size [1024  768], but screen is actually [1920, 1080]. Using actual size
9.1221 	EXP 	Created window1 = Window(allowGUI=False, allowStencil=False, args=UNKNOWN, autoLog=True, bitsMode=UNKNOWN, blendMode='avg', bpc=(8, 8, 8), color=array([0., 0., 0.]), colorSpace='rgb', depthBits=8, fullscr=<method-wrapper '__getattribute__' of attributeSetter object at 0x00000220F5AFC470>, gamma=None, gammaErrorPolicy='raise', kwargs=UNKNOWN, lms=UNKNOWN, monitor=<psychopy.monitors.calibTools.Monitor object at 0x00000220F5B6ECF8>, multiSample=False, name='window1', numSamples=2, pos=[0.0, 0.0], screen=0, size=array([1920, 1080]), stencilBits=0, stereo=False, units='height', useFBO=True, useRetina=False, viewOri=0.0, viewPos=None, viewScale=None, waitBlanking=True, winType='pyglet')
9.1221 	EXP 	window1: recordFrameIntervals = False
9.2892 	EXP 	window1: recordFrameIntervals = True
9.4717 	EXP 	window1: recordFrameIntervals = False
9.9060 	EXP 	Created weclomeText = TextStim(__class__=<class 'psychopy.visual.text.TextStim'>, alignHoriz=method-wrapper(...), alignText='center', alignVert=method-wrapper(...), anchorHoriz='center', anchorVert='center', antialias=True, autoLog=True, bold=False, color='white', colorSpace='named', contrast=1.0, depth=0.0, flipHoriz=False, flipVert=False, font='Arial', fontFiles=[], height=0.1, italic=False, languageStyle='LTR', name='weclomeText', opacity=1.0, ori=0, pos=array([0., 0.]), rgb=array([255., 255., 255.]), text='Welcome to our experiment\n\n', units='height', win=Window(...), wrapWidth=1)
9.9088 	EXP 	Created polyback = Rect(__class__=<class 'psychopy.visual.rect.Rect'>, autoDraw=False, autoLog=True, closeShape=True, color=method-wrapper(...), colorSpace=None, contrast=1.0, depth=0.0, fillColor='black', fillColorSpace='named', fillRGB=array([0., 0., 0.]), interpolate=True, lineColor='black', lineColorSpace='named', lineRGB=array([0., 0., 0.]), lineWidth=1, name='polyback', opacity=1.0, ori=array(0.), pos=array([0., 0.]), size=array([2., 2.]), units='height', vertices=ndarray(...), win=Window(...))
9.9102 	EXP 	Created textBlank500 = TextStim(__class__=<class 'psychopy.visual.text.TextStim'>, alignHoriz=method-wrapper(...), alignText='center', alignVert=method-wrapper(...), anchorHoriz='center', anchorVert='center', antialias=True, autoLog=True, bold=False, color='white', colorSpace='named', contrast=1.0, depth=-1.0, flipHoriz=False, flipVert=False, font='Arial', fontFiles=[], height=0.1, italic=False, languageStyle='LTR', name='textBlank500', opacity=1.0, ori=0, pos=array([0., 0.]), rgb=array([255., 255., 255.]), text='', units='height', win=Window(...), wrapWidth=1)
9.9115 	EXP 	Created polygon_3 = Rect(__class__=<class 'psychopy.visual.rect.Rect'>, autoDraw=False, autoLog=True, closeShape=True, color=method-wrapper(...), colorSpace=None, contrast=1.0, depth=0.0, fillColor='black', fillColorSpace='named', fillRGB=array([0., 0., 0.]), interpolate=True, lineColor='black', lineColorSpace='named', lineRGB=array([0., 0., 0.]), lineWidth=1, name='polygon_3', opacity=1.0, ori=array(0.), pos=array([0., 0.]), size=array([2., 2.]), units='height', vertices=ndarray(...), win=Window(...))
9.9349 	EXP 	Created textstudy = TextStim(__class__=<class 'psychopy.visual.text.TextStim'>, alignHoriz=method-wrapper(...), alignText='center', alignVert=method-wrapper(...), anchorHoriz='center', anchorVert='center', antialias=True, autoLog=True, bold=False, color='white', colorSpace='named', contrast=1.0, depth=-1.0, flipHoriz=False, flipVert=False, font='Arial', fontFiles=[], height=0.05, italic=False, languageStyle='LTR', name='textstudy', opacity=1.0, ori=0, pos=array([0., 0.]), rgb=array([255., 255., 255.]), text='default text', units='height', win=Window(...), wrapWidth=1)
9.9364 	EXP 	Created polyback = Rect(__class__=<class 'psychopy.visual.rect.Rect'>, autoDraw=False, autoLog=True, closeShape=True, color=method-wrapper(...), colorSpace=None, contrast=1.0, depth=0.0, fillColor='black', fillColorSpace='named', fillRGB=array([0., 0., 0.]), interpolate=True, lineColor='black', lineColorSpace='named', lineRGB=array([0., 0., 0.]), lineWidth=1, name='polyback', opacity=1.0, ori=array(0.), pos=array([0., 0.]), size=array([2., 2.]), units='height', vertices=ndarray(...), win=Window(...))
9.9375 	EXP 	Created textBlank500 = TextStim(__class__=<class 'psychopy.visual.text.TextStim'>, alignHoriz=method-wrapper(...), alignText='center', alignVert=method-wrapper(...), anchorHoriz='center', anchorVert='center', antialias=True, autoLog=True, bold=False, color='white', colorSpace='named', contrast=1.0, depth=-1.0, flipHoriz=False, flipVert=False, font='Arial', fontFiles=[], height=0.1, italic=False, languageStyle='LTR', name='textBlank500', opacity=1.0, ori=0, pos=array([0., 0.]), rgb=array([255., 255., 255.]), text='', units='height', win=Window(...), wrapWidth=1)
9.9623 	EXP 	Created textWait = TextStim(__class__=<class 'psychopy.visual.text.TextStim'>, alignHoriz=method-wrapper(...), alignText='center', alignVert=method-wrapper(...), anchorHoriz='center', anchorVert='center', antialias=True, autoLog=True, bold=False, color='white', colorSpace='named', contrast=1.0, depth=0.0, flipHoriz=False, flipVert=False, font='Arial', fontFiles=[], height=0.1, italic=False, languageStyle='LTR', name='textWait', opacity=1.0, ori=0, pos=array([0., 0.]), rgb=array([255., 255., 255.]), text='Please wait \n\nready press space', units='height', win=Window(...), wrapWidth=1)
9.9640 	EXP 	Created polyback = Rect(__class__=<class 'psychopy.visual.rect.Rect'>, autoDraw=False, autoLog=True, closeShape=True, color=method-wrapper(...), colorSpace=None, contrast=1.0, depth=0.0, fillColor='black', fillColorSpace='named', fillRGB=array([0., 0., 0.]), interpolate=True, lineColor='black', lineColorSpace='named', lineRGB=array([0., 0., 0.]), lineWidth=1, name='polyback', opacity=1.0, ori=array(0.), pos=array([0., 0.]), size=array([2., 2.]), units='height', vertices=ndarray(...), win=Window(...))
9.9647 	EXP 	Created textBlank500 = TextStim(__class__=<class 'psychopy.visual.text.TextStim'>, alignHoriz=method-wrapper(...), alignText='center', alignVert=method-wrapper(...), anchorHoriz='center', anchorVert='center', antialias=True, autoLog=True, bold=False, color='white', colorSpace='named', contrast=1.0, depth=-1.0, flipHoriz=False, flipVert=False, font='Arial', fontFiles=[], height=0.1, italic=False, languageStyle='LTR', name='textBlank500', opacity=1.0, ori=0, pos=array([0., 0.]), rgb=array([255., 255., 255.]), text='', units='height', win=Window(...), wrapWidth=1)
9.9655 	EXP 	Created polygon = Rect(__class__=<class 'psychopy.visual.rect.Rect'>, autoDraw=False, autoLog=True, closeShape=True, color=method-wrapper(...), colorSpace=None, contrast=1.0, depth=0.0, fillColor='black', fillColorSpace='named', fillRGB=array([0., 0., 0.]), interpolate=True, lineColor='black', lineColorSpace='named', lineRGB=array([0., 0., 0.]), lineWidth=1, name='polygon', opacity=1.0, ori=array(0.), pos=array([0., 0.]), size=array([2., 2.]), units='height', vertices=ndarray(...), win=Window(...))
9.9718 	EXP 	Created textTesttrait = TextStim(__class__=<class 'psychopy.visual.text.TextStim'>, alignHoriz=method-wrapper(...), alignText='center', alignVert=method-wrapper(...), anchorHoriz='center', anchorVert='center', antialias=True, autoLog=True, bold=False, color='white', colorSpace='named', contrast=1.0, depth=-1.0, flipHoriz=False, flipVert=False, font='Arial', fontFiles=[], height=0.1, italic=False, languageStyle='LTR', name='textTesttrait', opacity=1.0, ori=0, pos=array([0., 0.]), rgb=array([255., 255., 255.]), text='default text', units='height', win=Window(...), wrapWidth=1)
9.9732 	EXP 	Created polygon_5 = Rect(__class__=<class 'psychopy.visual.rect.Rect'>, autoDraw=False, autoLog=True, closeShape=True, color=method-wrapper(...), colorSpace=None, contrast=1.0, depth=-3.0, fillColor=array([1., 1., 1.]), fillColorSpace='rgb', fillRGB=array([1., 1., 1.]), interpolate=True, lineColor=array([1., 1., 1.]), lineColorSpace='rgb', lineRGB=array([1., 1., 1.]), lineWidth=1, name='polygon_5', opacity=1.0, ori=array(0.), pos=array([ 0. , -0.5]), size=array([2. , 0.5]), units='height', vertices=ndarray(...), win=Window(...))
10.0022 	EXP 	Created textconfscale = TextStim(__class__=<class 'psychopy.visual.text.TextStim'>, alignHoriz=method-wrapper(...), alignText='center', alignVert=method-wrapper(...), anchorHoriz='center', anchorVert='center', antialias=True, autoLog=True, bold=False, color='black', colorSpace='named', contrast=1.0, depth=-4.0, flipHoriz=False, flipVert=False, font='Arial', fontFiles=[], height=0.1, italic=False, languageStyle='LTR', name='textconfscale', opacity=1.0, ori=0, pos=array([ 0.  , -0.35]), rgb=array([0., 0., 0.]), text='1...2...3...4...5...6\nNEW.............OLD', units='height', win=Window(...), wrapWidth=1)
10.0030 	EXP 	Created polygon_4 = Rect(__class__=<class 'psychopy.visual.rect.Rect'>, autoDraw=False, autoLog=True, closeShape=True, color=method-wrapper(...), colorSpace=None, contrast=1.0, depth=0.0, fillColor='black', fillColorSpace='named', fillRGB=array([0., 0., 0.]), interpolate=True, lineColor='black', lineColorSpace='named', lineRGB=array([0., 0., 0.]), lineWidth=1, name='polygon_4', opacity=1.0, ori=array(0.), pos=array([0., 0.]), size=array([2., 2.]), units='height', vertices=ndarray(...), win=Window(...))
10.0071 	EXP 	Created text = TextStim(__class__=<class 'psychopy.visual.text.TextStim'>, alignHoriz=method-wrapper(...), alignText='center', alignVert=method-wrapper(...), anchorHoriz='center', anchorVert='center', antialias=True, autoLog=True, bold=False, color='white', colorSpace='named', contrast=1.0, depth=-1.0, flipHoriz=False, flipVert=False, font='Arial', fontFiles=[], height=0.1, italic=False, languageStyle='LTR', name='text', opacity=1.0, ori=0, pos=array([0., 0.]), rgb=array([255., 255., 255.]), text='default text', units='height', win=Window(...), wrapWidth=1)
10.0083 	EXP 	Created polyBack = Rect(__class__=<class 'psychopy.visual.rect.Rect'>, autoDraw=False, autoLog=True, closeShape=True, color=method-wrapper(...), colorSpace=None, contrast=1.0, depth=0.0, fillColor='black', fillColorSpace='named', fillRGB=array([0., 0., 0.]), interpolate=True, lineColor='black', lineColorSpace='named', lineRGB=array([0., 0., 0.]), lineWidth=1, name='polyBack', opacity=1.0, ori=array(0.), pos=array([0., 0.]), size=array([2., 2.]), units='height', vertices=ndarray(...), win=Window(...))
10.0125 	EXP 	Created textTestwordRFN = TextStim(__class__=<class 'psychopy.visual.text.TextStim'>, alignHoriz=method-wrapper(...), alignText='center', alignVert=method-wrapper(...), anchorHoriz='center', anchorVert='center', antialias=True, autoLog=True, bold=False, color='white', colorSpace='named', contrast=1.0, depth=-1.0, flipHoriz=False, flipVert=False, font='Arial', fontFiles=[], height=0.1, italic=False, languageStyle='LTR', name='textTestwordRFN', opacity=1.0, ori=0, pos=array([0., 0.]), rgb=array([255., 255., 255.]), text='default text', units='height', win=Window(...), wrapWidth=1)
10.0305 	EXP 	Created textRFNscale = TextStim(__class__=<class 'psychopy.visual.text.TextStim'>, alignHoriz=method-wrapper(...), alignText='center', alignVert=method-wrapper(...), anchorHoriz='center', anchorVert='center', antialias=True, autoLog=True, bold=False, color='white', colorSpace='named', contrast=1.0, depth=-3.0, flipHoriz=False, flipVert=False, font='Arial', fontFiles=[], height=0.1, italic=False, languageStyle='LTR', name='textRFNscale', opacity=1.0, ori=0, pos=array([ 0. , -0.3]), rgb=array([255., 255., 255.]), text='(R)xperience\n(F)amiliar\n(N)either', units='height', win=Window(...), wrapWidth=1)
10.0312 	EXP 	Created polyback = Rect(__class__=<class 'psychopy.visual.rect.Rect'>, autoDraw=False, autoLog=True, closeShape=True, color=method-wrapper(...), colorSpace=None, contrast=1.0, depth=0.0, fillColor='black', fillColorSpace='named', fillRGB=array([0., 0., 0.]), interpolate=True, lineColor='black', lineColorSpace='named', lineRGB=array([0., 0., 0.]), lineWidth=1, name='polyback', opacity=1.0, ori=array(0.), pos=array([0., 0.]), size=array([2., 2.]), units='height', vertices=ndarray(...), win=Window(...))
10.0316 	EXP 	Created textBlank500 = TextStim(__class__=<class 'psychopy.visual.text.TextStim'>, alignHoriz=method-wrapper(...), alignText='center', alignVert=method-wrapper(...), anchorHoriz='center', anchorVert='center', antialias=True, autoLog=True, bold=False, color='white', colorSpace='named', contrast=1.0, depth=-1.0, flipHoriz=False, flipVert=False, font='Arial', fontFiles=[], height=0.1, italic=False, languageStyle='LTR', name='textBlank500', opacity=1.0, ori=0, pos=array([0., 0.]), rgb=array([255., 255., 255.]), text='', units='height', win=Window(...), wrapWidth=1)
10.0423 	EXP 	Created textEnd = TextStim(__class__=<class 'psychopy.visual.text.TextStim'>, alignHoriz=method-wrapper(...), alignText='center', alignVert=method-wrapper(...), anchorHoriz='center', anchorVert='center', antialias=True, autoLog=True, bold=False, color='white', colorSpace='named', contrast=1.0, depth=0.0, flipHoriz=False, flipVert=False, font='Arial', fontFiles=[], height=0.1, italic=False, languageStyle='LTR', name='textEnd', opacity=1.0, ori=0, pos=array([0., 0.]), rgb=array([255., 255., 255.]), text='Thanks for participating ', units='height', win=Window(...), wrapWidth=1)
10.0749 	EXP 	weclomeText: autoDraw = True
23.2019 	DATA 	Keypress: lshift
23.2357 	DATA 	Keypress: lctrl
23.5509 	DATA 	Keypress: escape
30.1154 	DATA 	Mouse: Left button down, pos=(622,617)
30.2818 	DATA 	Mouse:  Left button up, pos=(622,617)
30.2825 	DATA 	Mouse: Left button down, pos=(622,617)
30.5145 	DATA 	Mouse:  Left button up, pos=(622,617)
30.5147 	DATA 	Mouse: Left button down, pos=(622,617)
30.7314 	DATA 	Mouse:  Left button up, pos=(622,617)
30.9148 	DATA 	Mouse: Left button down, pos=(622,617)
31.0824 	DATA 	Keypress: space
31.0942 	EXP 	weclomeText: autoDraw = False
31.0942 	EXP 	polyback: autoDraw = True
31.0942 	EXP 	textBlank500: autoDraw = True
31.1309 	DATA 	Mouse:  Left button up, pos=(622,617)
31.6082 	EXP 	Imported stimul.xlsx as conditions, 3 conditions, 2 params
31.6085 	EXP 	Created sequence: random, trialTypes=3, nReps=1, seed=None
31.6087 	EXP 	New trial (rep=0, index=0): OrderedDict([('word', 'FRIEND'), ('oldnew', 'old')])
31.6219 	EXP 	polyback: autoDraw = False
31.6219 	EXP 	textBlank500: autoDraw = False
31.6219 	EXP 	polyback: autoDraw = False
31.6219 	EXP 	textBlank500: autoDraw = False
31.6219 	EXP 	textstudy: text = 'FRIEND'
31.6219 	EXP 	polygon_3: autoDraw = True
31.6219 	EXP 	textstudy: autoDraw = True
31.7108 	EXP 	polygon_3: autoDraw = False
31.7108 	EXP 	textstudy: autoDraw = False
31.7108 	EXP 	polyback: autoDraw = True
31.7108 	EXP 	textBlank500: autoDraw = True
32.1944 	EXP 	New trial (rep=0, index=1): OrderedDict([('word', 'PHONE'), ('oldnew', 'old')])
32.2107 	EXP 	polyback: autoDraw = False
32.2107 	EXP 	textBlank500: autoDraw = False
32.2107 	EXP 	textstudy: text = 'PHONE'
32.2107 	EXP 	polygon_3: autoDraw = True
32.2107 	EXP 	textstudy: autoDraw = True
32.3104 	EXP 	polygon_3: autoDraw = False
32.3104 	EXP 	textstudy: autoDraw = False
32.3104 	EXP 	polyback: autoDraw = True
32.3104 	EXP 	textBlank500: autoDraw = True
32.7940 	EXP 	New trial (rep=0, index=2): OrderedDict([('word', 'VALLEY'), ('oldnew', 'old')])
32.8103 	EXP 	polyback: autoDraw = False
32.8103 	EXP 	textBlank500: autoDraw = False
32.8103 	EXP 	textstudy: text = 'VALLEY'
32.8103 	EXP 	polygon_3: autoDraw = True
32.8103 	EXP 	textstudy: autoDraw = True
32.9102 	EXP 	polygon_3: autoDraw = False
32.9102 	EXP 	textstudy: autoDraw = False
32.9102 	EXP 	polyback: autoDraw = True
32.9102 	EXP 	textBlank500: autoDraw = True
33.8160 	EXP 	polyback: autoDraw = False
33.8160 	EXP 	textBlank500: autoDraw = False
33.8160 	EXP 	textWait: autoDraw = True
40.4551 	DATA 	Keypress: space
40.4588 	EXP 	textWait: autoDraw = False
40.4588 	EXP 	polyback: autoDraw = True
40.4588 	EXP 	textBlank500: autoDraw = True
40.9633 	EXP 	Imported stimul.xlsx as conditions, 11 conditions, 2 params
40.9636 	EXP 	Created sequence: random, trialTypes=11, nReps=1, seed=None
40.9638 	EXP 	New trial (rep=0, index=0): OrderedDict([('word', 'TODAY'), ('oldnew', 'new')])
40.9773 	EXP 	polyback: autoDraw = False
40.9773 	EXP 	textBlank500: autoDraw = False
40.9773 	EXP 	textTesttrait: text = 'TODAY'
40.9773 	EXP 	polygon: autoDraw = True
40.9773 	EXP 	textTesttrait: autoDraw = True
40.9773 	EXP 	polygon_5: autoDraw = True
40.9773 	EXP 	textconfscale: autoDraw = True
42.7991 	DATA 	Keypress: 1
42.8043 	EXP 	polygon: autoDraw = False
42.8043 	EXP 	textTesttrait: autoDraw = False
42.8043 	EXP 	polygon_5: autoDraw = False
42.8043 	EXP 	textconfscale: autoDraw = False
42.8043 	EXP 	text: text = 'TODAY'
42.8043 	EXP 	polygon_4: autoDraw = True
42.8043 	EXP 	text: autoDraw = True
43.3040 	EXP 	polygon_4: autoDraw = False
43.3040 	EXP 	text: autoDraw = False
43.3040 	EXP 	polygon_4: autoDraw = False
43.3040 	EXP 	text: autoDraw = False
43.3040 	EXP 	textTestwordRFN: text = 'TODAY'
43.3040 	EXP 	polyBack: autoDraw = True
43.3040 	EXP 	textTestwordRFN: autoDraw = True
43.3040 	EXP 	textRFNscale: autoDraw = True
46.6098 	DATA 	Keypress: f
46.6191 	EXP 	polyBack: autoDraw = False
46.6191 	EXP 	textTestwordRFN: autoDraw = False
46.6191 	EXP 	textRFNscale: autoDraw = False
46.6191 	EXP 	polyback: autoDraw = True
46.6191 	EXP 	textBlank500: autoDraw = True
47.1045 	EXP 	New trial (rep=0, index=1): OrderedDict([('word', 'PET'), ('oldnew', 'new')])
47.1191 	EXP 	polyback: autoDraw = False
47.1191 	EXP 	textBlank500: autoDraw = False
47.1191 	EXP 	polyback: autoDraw = False
47.1191 	EXP 	textBlank500: autoDraw = False
47.1191 	EXP 	textTesttrait: text = 'PET'
47.1191 	EXP 	polygon: autoDraw = True
47.1191 	EXP 	textTesttrait: autoDraw = True
47.1191 	EXP 	polygon_5: autoDraw = True
47.1191 	EXP 	textconfscale: autoDraw = True
47.8073 	DATA 	Keypress: escape
48.6369 	EXP 	window1: mouseVisible = True
