0.5656 	WARNING 	We strongly recommend you activate the PTB sound engine in PsychoPy prefs as the preferred audio engine. Its timing is vastly superior. Your prefs are currently set to use ['sounddevice', 'PTB', 'pyo', 'pygame'] (in that order).
11.4876 	EXP 	Created window1 = Window(allowGUI=True, allowStencil=False, args=UNKNOWN, autoLog=True, bitsMode=UNKNOWN, blendMode='avg', bpc=(8, 8, 8), color=array([0., 0., 0.]), colorSpace='rgb', depthBits=8, fullscr=<method-wrapper '__getattribute__' of attributeSetter object at 0x00000157A5D03630>, gamma=None, gammaErrorPolicy='raise', kwargs=UNKNOWN, lms=UNKNOWN, monitor=<psychopy.monitors.calibTools.Monitor object at 0x00000157A5D5EEB8>, multiSample=False, name='window1', numSamples=2, pos=[0.0, 0.0], screen=0, size=array([1920, 1080]), stencilBits=0, stereo=False, units='height', useFBO=True, useRetina=False, viewOri=0.0, viewPos=None, viewScale=None, waitBlanking=True, winType='pyglet')
11.4876 	EXP 	window1: recordFrameIntervals = False
11.6492 	EXP 	window1: recordFrameIntervals = True
11.8322 	EXP 	window1: recordFrameIntervals = False
12.2852 	EXP 	Created weclomeText = TextStim(__class__=<class 'psychopy.visual.text.TextStim'>, alignHoriz=method-wrapper(...), alignText='center', alignVert=method-wrapper(...), anchorHoriz='center', anchorVert='center', antialias=True, autoLog=True, bold=False, color='white', colorSpace='named', contrast=1.0, depth=0.0, flipHoriz=False, flipVert=False, font='Arial', fontFiles=[], height=0.1, italic=False, languageStyle='LTR', name='weclomeText', opacity=1.0, ori=0, pos=array([0., 0.]), rgb=array([255., 255., 255.]), text='Welcome to our experiment\n\n', units='height', win=Window(...), wrapWidth=1)
12.2868 	EXP 	Created polyback = Rect(__class__=<class 'psychopy.visual.rect.Rect'>, autoDraw=False, autoLog=True, closeShape=True, color=method-wrapper(...), colorSpace=None, contrast=1.0, depth=0.0, fillColor='black', fillColorSpace='named', fillRGB=array([0., 0., 0.]), interpolate=True, lineColor='black', lineColorSpace='named', lineRGB=array([0., 0., 0.]), lineWidth=1, name='polyback', opacity=1.0, ori=array(0.), pos=array([0., 0.]), size=array([2., 2.]), units='height', vertices=ndarray(...), win=Window(...))
12.2873 	EXP 	Created textBlank500 = TextStim(__class__=<class 'psychopy.visual.text.TextStim'>, alignHoriz=method-wrapper(...), alignText='center', alignVert=method-wrapper(...), anchorHoriz='center', anchorVert='center', antialias=True, autoLog=True, bold=False, color='white', colorSpace='named', contrast=1.0, depth=-1.0, flipHoriz=False, flipVert=False, font='Arial', fontFiles=[], height=0.1, italic=False, languageStyle='LTR', name='textBlank500', opacity=1.0, ori=0, pos=array([0., 0.]), rgb=array([255., 255., 255.]), text='', units='height', win=Window(...), wrapWidth=1)
12.2879 	EXP 	Created polygon_3 = Rect(__class__=<class 'psychopy.visual.rect.Rect'>, autoDraw=False, autoLog=True, closeShape=True, color=method-wrapper(...), colorSpace=None, contrast=1.0, depth=0.0, fillColor='black', fillColorSpace='named', fillRGB=array([0., 0., 0.]), interpolate=True, lineColor='black', lineColorSpace='named', lineRGB=array([0., 0., 0.]), lineWidth=1, name='polygon_3', opacity=1.0, ori=array(0.), pos=array([0., 0.]), size=array([2., 2.]), units='height', vertices=ndarray(...), win=Window(...))
12.3014 	EXP 	Created textstudy = TextStim(__class__=<class 'psychopy.visual.text.TextStim'>, alignHoriz=method-wrapper(...), alignText='center', alignVert=method-wrapper(...), anchorHoriz='center', anchorVert='center', antialias=True, autoLog=True, bold=False, color='white', colorSpace='named', contrast=1.0, depth=-1.0, flipHoriz=False, flipVert=False, font='Arial', fontFiles=[], height=0.05, italic=False, languageStyle='LTR', name='textstudy', opacity=1.0, ori=0, pos=array([0., 0.]), rgb=array([255., 255., 255.]), text='default text', units='height', win=Window(...), wrapWidth=1)
12.3020 	EXP 	Created polyback = Rect(__class__=<class 'psychopy.visual.rect.Rect'>, autoDraw=False, autoLog=True, closeShape=True, color=method-wrapper(...), colorSpace=None, contrast=1.0, depth=0.0, fillColor='black', fillColorSpace='named', fillRGB=array([0., 0., 0.]), interpolate=True, lineColor='black', lineColorSpace='named', lineRGB=array([0., 0., 0.]), lineWidth=1, name='polyback', opacity=1.0, ori=array(0.), pos=array([0., 0.]), size=array([2., 2.]), units='height', vertices=ndarray(...), win=Window(...))
12.3025 	EXP 	Created textBlank500 = TextStim(__class__=<class 'psychopy.visual.text.TextStim'>, alignHoriz=method-wrapper(...), alignText='center', alignVert=method-wrapper(...), anchorHoriz='center', anchorVert='center', antialias=True, autoLog=True, bold=False, color='white', colorSpace='named', contrast=1.0, depth=-1.0, flipHoriz=False, flipVert=False, font='Arial', fontFiles=[], height=0.1, italic=False, languageStyle='LTR', name='textBlank500', opacity=1.0, ori=0, pos=array([0., 0.]), rgb=array([255., 255., 255.]), text='', units='height', win=Window(...), wrapWidth=1)
12.3154 	EXP 	Created textWait = TextStim(__class__=<class 'psychopy.visual.text.TextStim'>, alignHoriz=method-wrapper(...), alignText='center', alignVert=method-wrapper(...), anchorHoriz='center', anchorVert='center', antialias=True, autoLog=True, bold=False, color='white', colorSpace='named', contrast=1.0, depth=0.0, flipHoriz=False, flipVert=False, font='Arial', fontFiles=[], height=0.1, italic=False, languageStyle='LTR', name='textWait', opacity=1.0, ori=0, pos=array([0., 0.]), rgb=array([255., 255., 255.]), text='Please wait \n\nready press space', units='height', win=Window(...), wrapWidth=1)
12.3161 	EXP 	Created polyback = Rect(__class__=<class 'psychopy.visual.rect.Rect'>, autoDraw=False, autoLog=True, closeShape=True, color=method-wrapper(...), colorSpace=None, contrast=1.0, depth=0.0, fillColor='black', fillColorSpace='named', fillRGB=array([0., 0., 0.]), interpolate=True, lineColor='black', lineColorSpace='named', lineRGB=array([0., 0., 0.]), lineWidth=1, name='polyback', opacity=1.0, ori=array(0.), pos=array([0., 0.]), size=array([2., 2.]), units='height', vertices=ndarray(...), win=Window(...))
12.3165 	EXP 	Created textBlank500 = TextStim(__class__=<class 'psychopy.visual.text.TextStim'>, alignHoriz=method-wrapper(...), alignText='center', alignVert=method-wrapper(...), anchorHoriz='center', anchorVert='center', antialias=True, autoLog=True, bold=False, color='white', colorSpace='named', contrast=1.0, depth=-1.0, flipHoriz=False, flipVert=False, font='Arial', fontFiles=[], height=0.1, italic=False, languageStyle='LTR', name='textBlank500', opacity=1.0, ori=0, pos=array([0., 0.]), rgb=array([255., 255., 255.]), text='', units='height', win=Window(...), wrapWidth=1)
12.3171 	EXP 	Created polygon = Rect(__class__=<class 'psychopy.visual.rect.Rect'>, autoDraw=False, autoLog=True, closeShape=True, color=method-wrapper(...), colorSpace=None, contrast=1.0, depth=0.0, fillColor='black', fillColorSpace='named', fillRGB=array([0., 0., 0.]), interpolate=True, lineColor='black', lineColorSpace='named', lineRGB=array([0., 0., 0.]), lineWidth=1, name='polygon', opacity=1.0, ori=array(0.), pos=array([0., 0.]), size=array([2., 2.]), units='height', vertices=ndarray(...), win=Window(...))
12.3209 	EXP 	Created textTesttrait = TextStim(__class__=<class 'psychopy.visual.text.TextStim'>, alignHoriz=method-wrapper(...), alignText='center', alignVert=method-wrapper(...), anchorHoriz='center', anchorVert='center', antialias=True, autoLog=True, bold=False, color='white', colorSpace='named', contrast=1.0, depth=-1.0, flipHoriz=False, flipVert=False, font='Arial', fontFiles=[], height=0.1, italic=False, languageStyle='LTR', name='textTesttrait', opacity=1.0, ori=0, pos=array([0., 0.]), rgb=array([255., 255., 255.]), text='default text', units='height', win=Window(...), wrapWidth=1)
12.3221 	EXP 	Created polygon_5 = Rect(__class__=<class 'psychopy.visual.rect.Rect'>, autoDraw=False, autoLog=True, closeShape=True, color=method-wrapper(...), colorSpace=None, contrast=1.0, depth=-3.0, fillColor=array([1., 1., 1.]), fillColorSpace='rgb', fillRGB=array([1., 1., 1.]), interpolate=True, lineColor=array([1., 1., 1.]), lineColorSpace='rgb', lineRGB=array([1., 1., 1.]), lineWidth=1, name='polygon_5', opacity=1.0, ori=array(0.), pos=array([ 0. , -0.5]), size=array([2. , 0.5]), units='height', vertices=ndarray(...), win=Window(...))
12.3436 	EXP 	Created textconfscale = TextStim(__class__=<class 'psychopy.visual.text.TextStim'>, alignHoriz=method-wrapper(...), alignText='center', alignVert=method-wrapper(...), anchorHoriz='center', anchorVert='center', antialias=True, autoLog=True, bold=False, color='black', colorSpace='named', contrast=1.0, depth=-4.0, flipHoriz=False, flipVert=False, font='Arial', fontFiles=[], height=0.1, italic=False, languageStyle='LTR', name='textconfscale', opacity=1.0, ori=0, pos=array([ 0.  , -0.35]), rgb=array([0., 0., 0.]), text='1...2...3...4...5...6\nNEW.............OLD', units='height', win=Window(...), wrapWidth=1)
12.3442 	EXP 	Created polygon_4 = Rect(__class__=<class 'psychopy.visual.rect.Rect'>, autoDraw=False, autoLog=True, closeShape=True, color=method-wrapper(...), colorSpace=None, contrast=1.0, depth=0.0, fillColor='black', fillColorSpace='named', fillRGB=array([0., 0., 0.]), interpolate=True, lineColor='black', lineColorSpace='named', lineRGB=array([0., 0., 0.]), lineWidth=1, name='polygon_4', opacity=1.0, ori=array(0.), pos=array([0., 0.]), size=array([2., 2.]), units='height', vertices=ndarray(...), win=Window(...))
12.3472 	EXP 	Created text = TextStim(__class__=<class 'psychopy.visual.text.TextStim'>, alignHoriz=method-wrapper(...), alignText='center', alignVert=method-wrapper(...), anchorHoriz='center', anchorVert='center', antialias=True, autoLog=True, bold=False, color='white', colorSpace='named', contrast=1.0, depth=-1.0, flipHoriz=False, flipVert=False, font='Arial', fontFiles=[], height=0.1, italic=False, languageStyle='LTR', name='text', opacity=1.0, ori=0, pos=array([0., 0.]), rgb=array([255., 255., 255.]), text='default text', units='height', win=Window(...), wrapWidth=1)
12.3478 	EXP 	Created polyBack = Rect(__class__=<class 'psychopy.visual.rect.Rect'>, autoDraw=False, autoLog=True, closeShape=True, color=method-wrapper(...), colorSpace=None, contrast=1.0, depth=0.0, fillColor='black', fillColorSpace='named', fillRGB=array([0., 0., 0.]), interpolate=True, lineColor='black', lineColorSpace='named', lineRGB=array([0., 0., 0.]), lineWidth=1, name='polyBack', opacity=1.0, ori=array(0.), pos=array([0., 0.]), size=array([2., 2.]), units='height', vertices=ndarray(...), win=Window(...))
12.3504 	EXP 	Created textTestwordRFN = TextStim(__class__=<class 'psychopy.visual.text.TextStim'>, alignHoriz=method-wrapper(...), alignText='center', alignVert=method-wrapper(...), anchorHoriz='center', anchorVert='center', antialias=True, autoLog=True, bold=False, color='white', colorSpace='named', contrast=1.0, depth=-1.0, flipHoriz=False, flipVert=False, font='Arial', fontFiles=[], height=0.1, italic=False, languageStyle='LTR', name='textTestwordRFN', opacity=1.0, ori=0, pos=array([0., 0.]), rgb=array([255., 255., 255.]), text='default text', units='height', win=Window(...), wrapWidth=1)
12.3601 	EXP 	Created textRFNscale = TextStim(__class__=<class 'psychopy.visual.text.TextStim'>, alignHoriz=method-wrapper(...), alignText='center', alignVert=method-wrapper(...), anchorHoriz='center', anchorVert='center', antialias=True, autoLog=True, bold=False, color='white', colorSpace='named', contrast=1.0, depth=-3.0, flipHoriz=False, flipVert=False, font='Arial', fontFiles=[], height=0.1, italic=False, languageStyle='LTR', name='textRFNscale', opacity=1.0, ori=0, pos=array([ 0. , -0.3]), rgb=array([255., 255., 255.]), text='(F)amiliar\n(N)either', units='height', win=Window(...), wrapWidth=1)
12.3608 	EXP 	Created polyback = Rect(__class__=<class 'psychopy.visual.rect.Rect'>, autoDraw=False, autoLog=True, closeShape=True, color=method-wrapper(...), colorSpace=None, contrast=1.0, depth=0.0, fillColor='black', fillColorSpace='named', fillRGB=array([0., 0., 0.]), interpolate=True, lineColor='black', lineColorSpace='named', lineRGB=array([0., 0., 0.]), lineWidth=1, name='polyback', opacity=1.0, ori=array(0.), pos=array([0., 0.]), size=array([2., 2.]), units='height', vertices=ndarray(...), win=Window(...))
12.3612 	EXP 	Created textBlank500 = TextStim(__class__=<class 'psychopy.visual.text.TextStim'>, alignHoriz=method-wrapper(...), alignText='center', alignVert=method-wrapper(...), anchorHoriz='center', anchorVert='center', antialias=True, autoLog=True, bold=False, color='white', colorSpace='named', contrast=1.0, depth=-1.0, flipHoriz=False, flipVert=False, font='Arial', fontFiles=[], height=0.1, italic=False, languageStyle='LTR', name='textBlank500', opacity=1.0, ori=0, pos=array([0., 0.]), rgb=array([255., 255., 255.]), text='', units='height', win=Window(...), wrapWidth=1)
12.3701 	EXP 	Created textEnd = TextStim(__class__=<class 'psychopy.visual.text.TextStim'>, alignHoriz=method-wrapper(...), alignText='center', alignVert=method-wrapper(...), anchorHoriz='center', anchorVert='center', antialias=True, autoLog=True, bold=False, color='white', colorSpace='named', contrast=1.0, depth=0.0, flipHoriz=False, flipVert=False, font='Arial', fontFiles=[], height=0.1, italic=False, languageStyle='LTR', name='textEnd', opacity=1.0, ori=0, pos=array([0., 0.]), rgb=array([255., 255., 255.]), text='Thanks for participating ', units='height', win=Window(...), wrapWidth=1)
12.4018 	EXP 	weclomeText: autoDraw = True
18.0805 	EXP 	weclomeText: autoDraw = False
18.0805 	EXP 	polyback: autoDraw = True
18.0805 	EXP 	textBlank500: autoDraw = True
18.7604 	EXP 	Imported selection.xlsx as conditions, 6 conditions, 4 params
18.7683 	EXP 	Created sequence: random, trialTypes=6, nReps=1, seed=None
18.7686 	EXP 	New trial (rep=0, index=0): OrderedDict([('rand', 0.7720339604790242), ('word', 'lyst'), ('corr', 1), ('oldnew', 'old')])
18.7792 	EXP 	polyback: autoDraw = False
18.7792 	EXP 	textBlank500: autoDraw = False
18.7792 	EXP 	textstudy: text = 'lyst'
18.7792 	EXP 	polygon_3: autoDraw = True
18.7792 	EXP 	textstudy: autoDraw = True
20.0785 	EXP 	polygon_3: autoDraw = False
20.0785 	EXP 	textstudy: autoDraw = False
20.0785 	EXP 	polyback: autoDraw = True
20.0785 	EXP 	textBlank500: autoDraw = True
20.4864 	EXP 	New trial (rep=0, index=1): OrderedDict([('rand', 0.28188663363299615), ('word', 'wrye'), ('corr', 0), ('oldnew', 'old')])
20.4966 	EXP 	polyback: autoDraw = False
20.4966 	EXP 	textBlank500: autoDraw = False
20.4966 	EXP 	textstudy: text = 'wrye'
20.4966 	EXP 	polygon_3: autoDraw = True
20.4966 	EXP 	textstudy: autoDraw = True
22.0100 	EXP 	polygon_3: autoDraw = False
22.0100 	EXP 	textstudy: autoDraw = False
22.0100 	EXP 	polyback: autoDraw = True
22.0100 	EXP 	textBlank500: autoDraw = True
22.4933 	EXP 	New trial (rep=0, index=2): OrderedDict([('rand', 0.36992493110585556), ('word', 'thombe'), ('corr', 0), ('oldnew', 'old')])
22.5121 	EXP 	polyback: autoDraw = False
22.5121 	EXP 	textBlank500: autoDraw = False
22.5121 	EXP 	textstudy: text = 'thombe'
22.5121 	EXP 	polygon_3: autoDraw = True
22.5121 	EXP 	textstudy: autoDraw = True
24.0089 	EXP 	polygon_3: autoDraw = False
24.0089 	EXP 	textstudy: autoDraw = False
24.0089 	EXP 	polyback: autoDraw = True
24.0089 	EXP 	textBlank500: autoDraw = True
24.5027 	EXP 	New trial (rep=0, index=3): OrderedDict([('rand', 0.6577904416873331), ('word', 'myght '), ('corr', 0), ('oldnew', 'old')])
24.5206 	EXP 	polyback: autoDraw = False
24.5206 	EXP 	textBlank500: autoDraw = False
24.5206 	EXP 	textstudy: text = 'myght '
24.5206 	EXP 	polygon_3: autoDraw = True
24.5206 	EXP 	textstudy: autoDraw = True
26.0072 	EXP 	polygon_3: autoDraw = False
26.0072 	EXP 	textstudy: autoDraw = False
26.0072 	EXP 	polyback: autoDraw = True
26.0072 	EXP 	textBlank500: autoDraw = True
26.4914 	EXP 	New trial (rep=0, index=4): OrderedDict([('rand', 0.409567490804285), ('word', 'nyce'), ('corr', 1), ('oldnew', 'old')])
26.5071 	EXP 	polyback: autoDraw = False
26.5071 	EXP 	textBlank500: autoDraw = False
26.5071 	EXP 	textstudy: text = 'nyce'
26.5071 	EXP 	polygon_3: autoDraw = True
26.5071 	EXP 	textstudy: autoDraw = True
28.0087 	EXP 	polygon_3: autoDraw = False
28.0087 	EXP 	textstudy: autoDraw = False
28.0087 	EXP 	polyback: autoDraw = True
28.0087 	EXP 	textBlank500: autoDraw = True
28.4908 	EXP 	New trial (rep=0, index=5): OrderedDict([('rand', 0.6078282903022746), ('word', 'avyseth'), ('corr', 1), ('oldnew', 'old')])
28.5069 	EXP 	polyback: autoDraw = False
28.5069 	EXP 	textBlank500: autoDraw = False
28.5069 	EXP 	textstudy: text = 'avyseth'
28.5069 	EXP 	polygon_3: autoDraw = True
28.5069 	EXP 	textstudy: autoDraw = True
30.0043 	EXP 	polygon_3: autoDraw = False
30.0043 	EXP 	textstudy: autoDraw = False
30.0043 	EXP 	polyback: autoDraw = True
30.0043 	EXP 	textBlank500: autoDraw = True
30.5050 	EXP 	polyback: autoDraw = False
30.5050 	EXP 	textBlank500: autoDraw = False
30.5050 	EXP 	textWait: autoDraw = True
34.0914 	DATA 	Mouse:  Left button up, pos=(1105,358)
41.7534 	DATA 	Keypress: space
41.7822 	EXP 	textWait: autoDraw = False
41.7822 	EXP 	polyback: autoDraw = True
41.7822 	EXP 	textBlank500: autoDraw = True
42.2742 	EXP 	Imported selection.xlsx as conditions, 12 conditions, 4 params
42.2744 	EXP 	Created sequence: random, trialTypes=12, nReps=1, seed=None
42.2746 	EXP 	New trial (rep=0, index=0): OrderedDict([('rand', 0.6078282903022746), ('word', 'avyseth'), ('corr', 1), ('oldnew', 'old')])
42.2873 	EXP 	polyback: autoDraw = False
42.2873 	EXP 	textBlank500: autoDraw = False
42.2873 	EXP 	polyback: autoDraw = False
42.2873 	EXP 	textBlank500: autoDraw = False
42.2873 	EXP 	textTesttrait: text = 'avyseth'
42.2873 	EXP 	polygon: autoDraw = True
42.2873 	EXP 	textTesttrait: autoDraw = True
42.2873 	EXP 	polygon_5: autoDraw = True
42.2873 	EXP 	textconfscale: autoDraw = True
51.1217 	DATA 	Keypress: 2
51.1270 	EXP 	polygon: autoDraw = False
51.1270 	EXP 	textTesttrait: autoDraw = False
51.1270 	EXP 	polygon_5: autoDraw = False
51.1270 	EXP 	textconfscale: autoDraw = False
51.1270 	EXP 	text: text = 'avyseth'
51.1270 	EXP 	polygon_4: autoDraw = True
51.1270 	EXP 	text: autoDraw = True
51.6265 	EXP 	polygon_4: autoDraw = False
51.6265 	EXP 	text: autoDraw = False
51.6265 	EXP 	polygon_4: autoDraw = False
51.6265 	EXP 	text: autoDraw = False
51.6265 	EXP 	textTestwordRFN: text = 'avyseth'
51.6265 	EXP 	polyBack: autoDraw = True
51.6265 	EXP 	textTestwordRFN: autoDraw = True
51.6265 	EXP 	textRFNscale: autoDraw = True
57.3270 	DATA 	Keypress: escape
57.5148 	EXP 	window1: mouseVisible = True
