0.5253 	WARNING 	We strongly recommend you activate the PTB sound engine in PsychoPy prefs as the preferred audio engine. Its timing is vastly superior. Your prefs are currently set to use ['sounddevice', 'PTB', 'pyo', 'pygame'] (in that order).
7.1634 	EXP 	Created window1 = Window(allowGUI=True, allowStencil=False, args=UNKNOWN, autoLog=True, bitsMode=UNKNOWN, blendMode='avg', bpc=(8, 8, 8), color=array([0., 0., 0.]), colorSpace='rgb', depthBits=8, fullscr=<method-wrapper '__getattribute__' of attributeSetter object at 0x0000029536E635C0>, gamma=None, gammaErrorPolicy='raise', kwargs=UNKNOWN, lms=UNKNOWN, monitor=<psychopy.monitors.calibTools.Monitor object at 0x0000029536EBEE48>, multiSample=False, name='window1', numSamples=2, pos=[0.0, 0.0], screen=0, size=array([1920, 1080]), stencilBits=0, stereo=False, units='height', useFBO=True, useRetina=False, viewOri=0.0, viewPos=None, viewScale=None, waitBlanking=True, winType='pyglet')
7.1635 	EXP 	window1: recordFrameIntervals = False
7.3297 	EXP 	window1: recordFrameIntervals = True
7.5124 	EXP 	window1: recordFrameIntervals = False
7.9399 	EXP 	Created weclomeText = TextStim(__class__=<class 'psychopy.visual.text.TextStim'>, alignHoriz=method-wrapper(...), alignText='center', alignVert=method-wrapper(...), anchorHoriz='center', anchorVert='center', antialias=True, autoLog=True, bold=False, color='white', colorSpace='named', contrast=1.0, depth=0.0, flipHoriz=False, flipVert=False, font='Arial', fontFiles=[], height=0.1, italic=False, languageStyle='LTR', name='weclomeText', opacity=1.0, ori=0, pos=array([0., 0.]), rgb=array([255., 255., 255.]), text='Welcome to our experiment\n\n', units='height', win=Window(...), wrapWidth=1)
7.9414 	EXP 	Created polyback = Rect(__class__=<class 'psychopy.visual.rect.Rect'>, autoDraw=False, autoLog=True, closeShape=True, color=method-wrapper(...), colorSpace=None, contrast=1.0, depth=0.0, fillColor='black', fillColorSpace='named', fillRGB=array([0., 0., 0.]), interpolate=True, lineColor='black', lineColorSpace='named', lineRGB=array([0., 0., 0.]), lineWidth=1, name='polyback', opacity=1.0, ori=array(0.), pos=array([0., 0.]), size=array([2., 2.]), units='height', vertices=ndarray(...), win=Window(...))
7.9419 	EXP 	Created textBlank500 = TextStim(__class__=<class 'psychopy.visual.text.TextStim'>, alignHoriz=method-wrapper(...), alignText='center', alignVert=method-wrapper(...), anchorHoriz='center', anchorVert='center', antialias=True, autoLog=True, bold=False, color='white', colorSpace='named', contrast=1.0, depth=-1.0, flipHoriz=False, flipVert=False, font='Arial', fontFiles=[], height=0.1, italic=False, languageStyle='LTR', name='textBlank500', opacity=1.0, ori=0, pos=array([0., 0.]), rgb=array([255., 255., 255.]), text='', units='height', win=Window(...), wrapWidth=1)
7.9425 	EXP 	Created polygon_3 = Rect(__class__=<class 'psychopy.visual.rect.Rect'>, autoDraw=False, autoLog=True, closeShape=True, color=method-wrapper(...), colorSpace=None, contrast=1.0, depth=0.0, fillColor='black', fillColorSpace='named', fillRGB=array([0., 0., 0.]), interpolate=True, lineColor='black', lineColorSpace='named', lineRGB=array([0., 0., 0.]), lineWidth=1, name='polygon_3', opacity=1.0, ori=array(0.), pos=array([0., 0.]), size=array([2., 2.]), units='height', vertices=ndarray(...), win=Window(...))
7.9549 	EXP 	Created textstudy = TextStim(__class__=<class 'psychopy.visual.text.TextStim'>, alignHoriz=method-wrapper(...), alignText='center', alignVert=method-wrapper(...), anchorHoriz='center', anchorVert='center', antialias=True, autoLog=True, bold=False, color='white', colorSpace='named', contrast=1.0, depth=-1.0, flipHoriz=False, flipVert=False, font='Arial', fontFiles=[], height=0.05, italic=False, languageStyle='LTR', name='textstudy', opacity=1.0, ori=0, pos=array([0., 0.]), rgb=array([255., 255., 255.]), text='default text', units='height', win=Window(...), wrapWidth=1)
7.9556 	EXP 	Created polyback = Rect(__class__=<class 'psychopy.visual.rect.Rect'>, autoDraw=False, autoLog=True, closeShape=True, color=method-wrapper(...), colorSpace=None, contrast=1.0, depth=0.0, fillColor='black', fillColorSpace='named', fillRGB=array([0., 0., 0.]), interpolate=True, lineColor='black', lineColorSpace='named', lineRGB=array([0., 0., 0.]), lineWidth=1, name='polyback', opacity=1.0, ori=array(0.), pos=array([0., 0.]), size=array([2., 2.]), units='height', vertices=ndarray(...), win=Window(...))
7.9560 	EXP 	Created textBlank500 = TextStim(__class__=<class 'psychopy.visual.text.TextStim'>, alignHoriz=method-wrapper(...), alignText='center', alignVert=method-wrapper(...), anchorHoriz='center', anchorVert='center', antialias=True, autoLog=True, bold=False, color='white', colorSpace='named', contrast=1.0, depth=-1.0, flipHoriz=False, flipVert=False, font='Arial', fontFiles=[], height=0.1, italic=False, languageStyle='LTR', name='textBlank500', opacity=1.0, ori=0, pos=array([0., 0.]), rgb=array([255., 255., 255.]), text='', units='height', win=Window(...), wrapWidth=1)
7.9691 	EXP 	Created textWait = TextStim(__class__=<class 'psychopy.visual.text.TextStim'>, alignHoriz=method-wrapper(...), alignText='center', alignVert=method-wrapper(...), anchorHoriz='center', anchorVert='center', antialias=True, autoLog=True, bold=False, color='white', colorSpace='named', contrast=1.0, depth=0.0, flipHoriz=False, flipVert=False, font='Arial', fontFiles=[], height=0.1, italic=False, languageStyle='LTR', name='textWait', opacity=1.0, ori=0, pos=array([0., 0.]), rgb=array([255., 255., 255.]), text='Please wait \n\nready press space', units='height', win=Window(...), wrapWidth=1)
7.9697 	EXP 	Created polyback = Rect(__class__=<class 'psychopy.visual.rect.Rect'>, autoDraw=False, autoLog=True, closeShape=True, color=method-wrapper(...), colorSpace=None, contrast=1.0, depth=0.0, fillColor='black', fillColorSpace='named', fillRGB=array([0., 0., 0.]), interpolate=True, lineColor='black', lineColorSpace='named', lineRGB=array([0., 0., 0.]), lineWidth=1, name='polyback', opacity=1.0, ori=array(0.), pos=array([0., 0.]), size=array([2., 2.]), units='height', vertices=ndarray(...), win=Window(...))
7.9702 	EXP 	Created textBlank500 = TextStim(__class__=<class 'psychopy.visual.text.TextStim'>, alignHoriz=method-wrapper(...), alignText='center', alignVert=method-wrapper(...), anchorHoriz='center', anchorVert='center', antialias=True, autoLog=True, bold=False, color='white', colorSpace='named', contrast=1.0, depth=-1.0, flipHoriz=False, flipVert=False, font='Arial', fontFiles=[], height=0.1, italic=False, languageStyle='LTR', name='textBlank500', opacity=1.0, ori=0, pos=array([0., 0.]), rgb=array([255., 255., 255.]), text='', units='height', win=Window(...), wrapWidth=1)
7.9708 	EXP 	Created polygon = Rect(__class__=<class 'psychopy.visual.rect.Rect'>, autoDraw=False, autoLog=True, closeShape=True, color=method-wrapper(...), colorSpace=None, contrast=1.0, depth=0.0, fillColor='black', fillColorSpace='named', fillRGB=array([0., 0., 0.]), interpolate=True, lineColor='black', lineColorSpace='named', lineRGB=array([0., 0., 0.]), lineWidth=1, name='polygon', opacity=1.0, ori=array(0.), pos=array([0., 0.]), size=array([2., 2.]), units='height', vertices=ndarray(...), win=Window(...))
7.9745 	EXP 	Created textTesttrait = TextStim(__class__=<class 'psychopy.visual.text.TextStim'>, alignHoriz=method-wrapper(...), alignText='center', alignVert=method-wrapper(...), anchorHoriz='center', anchorVert='center', antialias=True, autoLog=True, bold=False, color='white', colorSpace='named', contrast=1.0, depth=-1.0, flipHoriz=False, flipVert=False, font='Arial', fontFiles=[], height=0.1, italic=False, languageStyle='LTR', name='textTesttrait', opacity=1.0, ori=0, pos=array([0., 0.]), rgb=array([255., 255., 255.]), text='default text', units='height', win=Window(...), wrapWidth=1)
7.9755 	EXP 	Created polygon_5 = Rect(__class__=<class 'psychopy.visual.rect.Rect'>, autoDraw=False, autoLog=True, closeShape=True, color=method-wrapper(...), colorSpace=None, contrast=1.0, depth=-3.0, fillColor=array([1., 1., 1.]), fillColorSpace='rgb', fillRGB=array([1., 1., 1.]), interpolate=True, lineColor=array([1., 1., 1.]), lineColorSpace='rgb', lineRGB=array([1., 1., 1.]), lineWidth=1, name='polygon_5', opacity=1.0, ori=array(0.), pos=array([ 0. , -0.5]), size=array([2. , 0.5]), units='height', vertices=ndarray(...), win=Window(...))
7.9954 	EXP 	Created textconfscale = TextStim(__class__=<class 'psychopy.visual.text.TextStim'>, alignHoriz=method-wrapper(...), alignText='center', alignVert=method-wrapper(...), anchorHoriz='center', anchorVert='center', antialias=True, autoLog=True, bold=False, color='black', colorSpace='named', contrast=1.0, depth=-4.0, flipHoriz=False, flipVert=False, font='Arial', fontFiles=[], height=0.1, italic=False, languageStyle='LTR', name='textconfscale', opacity=1.0, ori=0, pos=array([ 0.  , -0.35]), rgb=array([0., 0., 0.]), text='1...2...3...4...5...6\nNEW.............OLD', units='height', win=Window(...), wrapWidth=1)
7.9961 	EXP 	Created polygon_4 = Rect(__class__=<class 'psychopy.visual.rect.Rect'>, autoDraw=False, autoLog=True, closeShape=True, color=method-wrapper(...), colorSpace=None, contrast=1.0, depth=0.0, fillColor='black', fillColorSpace='named', fillRGB=array([0., 0., 0.]), interpolate=True, lineColor='black', lineColorSpace='named', lineRGB=array([0., 0., 0.]), lineWidth=1, name='polygon_4', opacity=1.0, ori=array(0.), pos=array([0., 0.]), size=array([2., 2.]), units='height', vertices=ndarray(...), win=Window(...))
7.9989 	EXP 	Created text = TextStim(__class__=<class 'psychopy.visual.text.TextStim'>, alignHoriz=method-wrapper(...), alignText='center', alignVert=method-wrapper(...), anchorHoriz='center', anchorVert='center', antialias=True, autoLog=True, bold=False, color='white', colorSpace='named', contrast=1.0, depth=-1.0, flipHoriz=False, flipVert=False, font='Arial', fontFiles=[], height=0.1, italic=False, languageStyle='LTR', name='text', opacity=1.0, ori=0, pos=array([0., 0.]), rgb=array([255., 255., 255.]), text='default text', units='height', win=Window(...), wrapWidth=1)
7.9995 	EXP 	Created polyBack = Rect(__class__=<class 'psychopy.visual.rect.Rect'>, autoDraw=False, autoLog=True, closeShape=True, color=method-wrapper(...), colorSpace=None, contrast=1.0, depth=0.0, fillColor='black', fillColorSpace='named', fillRGB=array([0., 0., 0.]), interpolate=True, lineColor='black', lineColorSpace='named', lineRGB=array([0., 0., 0.]), lineWidth=1, name='polyBack', opacity=1.0, ori=array(0.), pos=array([0., 0.]), size=array([2., 2.]), units='height', vertices=ndarray(...), win=Window(...))
8.0021 	EXP 	Created textTestwordRFN = TextStim(__class__=<class 'psychopy.visual.text.TextStim'>, alignHoriz=method-wrapper(...), alignText='center', alignVert=method-wrapper(...), anchorHoriz='center', anchorVert='center', antialias=True, autoLog=True, bold=False, color='white', colorSpace='named', contrast=1.0, depth=-1.0, flipHoriz=False, flipVert=False, font='Arial', fontFiles=[], height=0.1, italic=False, languageStyle='LTR', name='textTestwordRFN', opacity=1.0, ori=0, pos=array([0., 0.]), rgb=array([255., 255., 255.]), text='default text', units='height', win=Window(...), wrapWidth=1)
8.0119 	EXP 	Created textRFNscale = TextStim(__class__=<class 'psychopy.visual.text.TextStim'>, alignHoriz=method-wrapper(...), alignText='center', alignVert=method-wrapper(...), anchorHoriz='center', anchorVert='center', antialias=True, autoLog=True, bold=False, color='white', colorSpace='named', contrast=1.0, depth=-3.0, flipHoriz=False, flipVert=False, font='Arial', fontFiles=[], height=0.1, italic=False, languageStyle='LTR', name='textRFNscale', opacity=1.0, ori=0, pos=array([ 0. , -0.3]), rgb=array([255., 255., 255.]), text='(F)amiliar\n(N)either', units='height', win=Window(...), wrapWidth=1)
8.0126 	EXP 	Created polyback = Rect(__class__=<class 'psychopy.visual.rect.Rect'>, autoDraw=False, autoLog=True, closeShape=True, color=method-wrapper(...), colorSpace=None, contrast=1.0, depth=0.0, fillColor='black', fillColorSpace='named', fillRGB=array([0., 0., 0.]), interpolate=True, lineColor='black', lineColorSpace='named', lineRGB=array([0., 0., 0.]), lineWidth=1, name='polyback', opacity=1.0, ori=array(0.), pos=array([0., 0.]), size=array([2., 2.]), units='height', vertices=ndarray(...), win=Window(...))
8.0130 	EXP 	Created textBlank500 = TextStim(__class__=<class 'psychopy.visual.text.TextStim'>, alignHoriz=method-wrapper(...), alignText='center', alignVert=method-wrapper(...), anchorHoriz='center', anchorVert='center', antialias=True, autoLog=True, bold=False, color='white', colorSpace='named', contrast=1.0, depth=-1.0, flipHoriz=False, flipVert=False, font='Arial', fontFiles=[], height=0.1, italic=False, languageStyle='LTR', name='textBlank500', opacity=1.0, ori=0, pos=array([0., 0.]), rgb=array([255., 255., 255.]), text='', units='height', win=Window(...), wrapWidth=1)
8.0219 	EXP 	Created textEnd = TextStim(__class__=<class 'psychopy.visual.text.TextStim'>, alignHoriz=method-wrapper(...), alignText='center', alignVert=method-wrapper(...), anchorHoriz='center', anchorVert='center', antialias=True, autoLog=True, bold=False, color='white', colorSpace='named', contrast=1.0, depth=0.0, flipHoriz=False, flipVert=False, font='Arial', fontFiles=[], height=0.1, italic=False, languageStyle='LTR', name='textEnd', opacity=1.0, ori=0, pos=array([0., 0.]), rgb=array([255., 255., 255.]), text='Thanks for participating ', units='height', win=Window(...), wrapWidth=1)
8.0513 	EXP 	weclomeText: autoDraw = True
9.0521 	DATA 	Keypress: space
9.0613 	EXP 	weclomeText: autoDraw = False
9.0613 	EXP 	polyback: autoDraw = True
9.0613 	EXP 	textBlank500: autoDraw = True
9.5766 	EXP 	Imported selection.xlsx as conditions, 6 conditions, 4 params
9.5768 	EXP 	Created sequence: random, trialTypes=6, nReps=1, seed=None
9.5771 	EXP 	New trial (rep=0, index=0): OrderedDict([('rand', 0.9769000195761608), ('word', 'outen'), ('corr', 1), ('oldnew', 'old')])
9.5864 	EXP 	polyback: autoDraw = False
9.5864 	EXP 	textBlank500: autoDraw = False
9.5864 	EXP 	polyback: autoDraw = False
9.5864 	EXP 	textBlank500: autoDraw = False
9.5864 	EXP 	textstudy: text = 'outen'
9.5864 	EXP 	polygon_3: autoDraw = True
9.5864 	EXP 	textstudy: autoDraw = True
11.0769 	EXP 	polygon_3: autoDraw = False
11.0769 	EXP 	textstudy: autoDraw = False
11.0769 	EXP 	polyback: autoDraw = True
11.0769 	EXP 	textBlank500: autoDraw = True
11.5612 	EXP 	New trial (rep=0, index=1): OrderedDict([('rand', 0.15819659954817333), ('word', 'wrye'), ('corr', 0), ('oldnew', 'old')])
11.5764 	EXP 	polyback: autoDraw = False
11.5764 	EXP 	textBlank500: autoDraw = False
11.5764 	EXP 	textstudy: text = 'wrye'
11.5764 	EXP 	polygon_3: autoDraw = True
11.5764 	EXP 	textstudy: autoDraw = True
13.0757 	EXP 	polygon_3: autoDraw = False
13.0757 	EXP 	textstudy: autoDraw = False
13.0757 	EXP 	polyback: autoDraw = True
13.0757 	EXP 	textBlank500: autoDraw = True
13.5598 	EXP 	New trial (rep=0, index=2): OrderedDict([('rand', 0.3840259306098286), ('word', 'plat'), ('corr', 0), ('oldnew', 'old')])
13.5755 	EXP 	polyback: autoDraw = False
13.5755 	EXP 	textBlank500: autoDraw = False
13.5755 	EXP 	textstudy: text = 'plat'
13.5755 	EXP 	polygon_3: autoDraw = True
13.5755 	EXP 	textstudy: autoDraw = True
15.0745 	EXP 	polygon_3: autoDraw = False
15.0745 	EXP 	textstudy: autoDraw = False
15.0745 	EXP 	polyback: autoDraw = True
15.0745 	EXP 	textBlank500: autoDraw = True
15.5588 	EXP 	New trial (rep=0, index=3): OrderedDict([('rand', 0.2800180944240531), ('word', 'rakel'), ('corr', 1), ('oldnew', 'old')])
15.5743 	EXP 	polyback: autoDraw = False
15.5743 	EXP 	textBlank500: autoDraw = False
15.5743 	EXP 	textstudy: text = 'rakel'
15.5743 	EXP 	polygon_3: autoDraw = True
15.5743 	EXP 	textstudy: autoDraw = True
17.0734 	EXP 	polygon_3: autoDraw = False
17.0734 	EXP 	textstudy: autoDraw = False
17.0734 	EXP 	polyback: autoDraw = True
17.0734 	EXP 	textBlank500: autoDraw = True
17.5576 	EXP 	New trial (rep=0, index=4): OrderedDict([('rand', 0.8294922204693773), ('word', 'bulles '), ('corr', 1), ('oldnew', 'old')])
17.5731 	EXP 	polyback: autoDraw = False
17.5731 	EXP 	textBlank500: autoDraw = False
17.5731 	EXP 	textstudy: text = 'bulles '
17.5731 	EXP 	polygon_3: autoDraw = True
17.5731 	EXP 	textstudy: autoDraw = True
19.0725 	EXP 	polygon_3: autoDraw = False
19.0725 	EXP 	textstudy: autoDraw = False
19.0725 	EXP 	polyback: autoDraw = True
19.0725 	EXP 	textBlank500: autoDraw = True
19.5565 	EXP 	New trial (rep=0, index=5): OrderedDict([('rand', 0.14410714483272347), ('word', 'myght '), ('corr', 0), ('oldnew', 'old')])
19.5718 	EXP 	polyback: autoDraw = False
19.5718 	EXP 	textBlank500: autoDraw = False
19.5718 	EXP 	textstudy: text = 'myght '
19.5718 	EXP 	polygon_3: autoDraw = True
19.5718 	EXP 	textstudy: autoDraw = True
21.0712 	EXP 	polygon_3: autoDraw = False
21.0712 	EXP 	textstudy: autoDraw = False
21.0712 	EXP 	polyback: autoDraw = True
21.0712 	EXP 	textBlank500: autoDraw = True
21.5710 	EXP 	polyback: autoDraw = False
21.5710 	EXP 	textBlank500: autoDraw = False
21.5710 	EXP 	textWait: autoDraw = True
22.6276 	DATA 	Keypress: space
22.6369 	EXP 	textWait: autoDraw = False
22.6369 	EXP 	polyback: autoDraw = True
22.6369 	EXP 	textBlank500: autoDraw = True
23.1304 	EXP 	Imported selection.xlsx as conditions, 12 conditions, 4 params
23.1307 	EXP 	Created sequence: random, trialTypes=12, nReps=1, seed=None
23.1309 	EXP 	New trial (rep=0, index=0): OrderedDict([('rand', 0.2800180944240531), ('word', 'rakel'), ('corr', 1), ('oldnew', 'old')])
23.1423 	EXP 	polyback: autoDraw = False
23.1423 	EXP 	textBlank500: autoDraw = False
23.1423 	EXP 	polyback: autoDraw = False
23.1423 	EXP 	textBlank500: autoDraw = False
23.1423 	EXP 	textTesttrait: text = 'rakel'
23.1423 	EXP 	polygon: autoDraw = True
23.1423 	EXP 	textTesttrait: autoDraw = True
23.1423 	EXP 	polygon_5: autoDraw = True
23.1423 	EXP 	textconfscale: autoDraw = True
26.3727 	DATA 	Keypress: 2
26.4015 	EXP 	polygon: autoDraw = False
26.4015 	EXP 	textTesttrait: autoDraw = False
26.4015 	EXP 	polygon_5: autoDraw = False
26.4015 	EXP 	textconfscale: autoDraw = False
26.4015 	EXP 	text: text = 'rakel'
26.4015 	EXP 	polygon_4: autoDraw = True
26.4015 	EXP 	text: autoDraw = True
26.9009 	EXP 	polygon_4: autoDraw = False
26.9009 	EXP 	text: autoDraw = False
26.9009 	EXP 	polygon_4: autoDraw = False
26.9009 	EXP 	text: autoDraw = False
26.9009 	EXP 	textTestwordRFN: text = 'rakel'
26.9009 	EXP 	polyBack: autoDraw = True
26.9009 	EXP 	textTestwordRFN: autoDraw = True
26.9009 	EXP 	textRFNscale: autoDraw = True
27.8747 	DATA 	Keypress: n
27.8849 	EXP 	polyBack: autoDraw = False
27.8849 	EXP 	textTestwordRFN: autoDraw = False
27.8849 	EXP 	textRFNscale: autoDraw = False
27.8849 	EXP 	polyback: autoDraw = True
27.8849 	EXP 	textBlank500: autoDraw = True
28.3848 	EXP 	New trial (rep=0, index=1): OrderedDict([('rand', 0.32664374890553527), ('word', 'twynne'), ('corr', 0), ('oldnew', 'new')])
28.4004 	EXP 	polyback: autoDraw = False
28.4004 	EXP 	textBlank500: autoDraw = False
28.4004 	EXP 	textTesttrait: text = 'twynne'
28.4004 	EXP 	polygon: autoDraw = True
28.4004 	EXP 	textTesttrait: autoDraw = True
28.4004 	EXP 	polygon_5: autoDraw = True
28.4004 	EXP 	textconfscale: autoDraw = True
31.2738 	DATA 	Keypress: 2
31.2825 	EXP 	polygon: autoDraw = False
31.2825 	EXP 	textTesttrait: autoDraw = False
31.2825 	EXP 	polygon_5: autoDraw = False
31.2825 	EXP 	textconfscale: autoDraw = False
31.2825 	EXP 	text: text = 'twynne'
31.2825 	EXP 	polygon_4: autoDraw = True
31.2825 	EXP 	text: autoDraw = True
31.7821 	EXP 	polygon_4: autoDraw = False
31.7821 	EXP 	text: autoDraw = False
31.7821 	EXP 	polygon_4: autoDraw = False
31.7821 	EXP 	text: autoDraw = False
31.7821 	EXP 	textTestwordRFN: text = 'twynne'
31.7821 	EXP 	polyBack: autoDraw = True
31.7821 	EXP 	textTestwordRFN: autoDraw = True
31.7821 	EXP 	textRFNscale: autoDraw = True
32.0697 	DATA 	Keypress: n
32.0985 	EXP 	polyBack: autoDraw = False
32.0985 	EXP 	textTestwordRFN: autoDraw = False
32.0985 	EXP 	textRFNscale: autoDraw = False
32.0985 	EXP 	polyback: autoDraw = True
32.0985 	EXP 	textBlank500: autoDraw = True
32.5840 	EXP 	New trial (rep=0, index=2): OrderedDict([('rand', 0.8396213465210652), ('word', 'myre'), ('corr', 1), ('oldnew', 'new')])
32.5978 	EXP 	polyback: autoDraw = False
32.5978 	EXP 	textBlank500: autoDraw = False
32.5978 	EXP 	polyback: autoDraw = False
32.5978 	EXP 	textBlank500: autoDraw = False
32.5978 	EXP 	textTesttrait: text = 'myre'
32.5978 	EXP 	polygon: autoDraw = True
32.5978 	EXP 	textTesttrait: autoDraw = True
32.5978 	EXP 	polygon_5: autoDraw = True
32.5978 	EXP 	textconfscale: autoDraw = True
34.8683 	DATA 	Keypress: 5
34.8964 	EXP 	polygon: autoDraw = False
34.8964 	EXP 	textTesttrait: autoDraw = False
34.8964 	EXP 	polygon_5: autoDraw = False
34.8964 	EXP 	textconfscale: autoDraw = False
34.8964 	EXP 	text: text = 'myre'
34.8964 	EXP 	polygon_4: autoDraw = True
34.8964 	EXP 	text: autoDraw = True
35.3965 	EXP 	polygon_4: autoDraw = False
35.3965 	EXP 	text: autoDraw = False
35.3965 	EXP 	polygon_4: autoDraw = False
35.3965 	EXP 	text: autoDraw = False
35.3965 	EXP 	textTestwordRFN: text = 'myre'
35.3965 	EXP 	polyBack: autoDraw = True
35.3965 	EXP 	textTestwordRFN: autoDraw = True
35.3965 	EXP 	textRFNscale: autoDraw = True
35.7874 	DATA 	Keypress: f
35.7963 	EXP 	polyBack: autoDraw = False
35.7963 	EXP 	textTestwordRFN: autoDraw = False
35.7963 	EXP 	textRFNscale: autoDraw = False
35.7963 	EXP 	polyback: autoDraw = True
35.7963 	EXP 	textBlank500: autoDraw = True
36.2826 	EXP 	New trial (rep=0, index=3): OrderedDict([('rand', 0.9769000195761608), ('word', 'outen'), ('corr', 1), ('oldnew', 'old')])
36.2958 	EXP 	polyback: autoDraw = False
36.2958 	EXP 	textBlank500: autoDraw = False
36.2958 	EXP 	polyback: autoDraw = False
36.2958 	EXP 	textBlank500: autoDraw = False
36.2958 	EXP 	textTesttrait: text = 'outen'
36.2958 	EXP 	polygon: autoDraw = True
36.2958 	EXP 	textTesttrait: autoDraw = True
36.2958 	EXP 	polygon_5: autoDraw = True
36.2958 	EXP 	textconfscale: autoDraw = True
37.8231 	DATA 	Keypress: 6
37.8282 	EXP 	polygon: autoDraw = False
37.8282 	EXP 	textTesttrait: autoDraw = False
37.8282 	EXP 	polygon_5: autoDraw = False
37.8282 	EXP 	textconfscale: autoDraw = False
37.8282 	EXP 	text: text = 'outen'
37.8282 	EXP 	polygon_4: autoDraw = True
37.8282 	EXP 	text: autoDraw = True
38.3279 	EXP 	polygon_4: autoDraw = False
38.3279 	EXP 	text: autoDraw = False
38.3279 	EXP 	polygon_4: autoDraw = False
38.3279 	EXP 	text: autoDraw = False
38.3279 	EXP 	textTestwordRFN: text = 'outen'
38.3279 	EXP 	polyBack: autoDraw = True
38.3279 	EXP 	textTestwordRFN: autoDraw = True
38.3279 	EXP 	textRFNscale: autoDraw = True
38.8517 	DATA 	Keypress: f
38.8613 	EXP 	polyBack: autoDraw = False
38.8613 	EXP 	textTestwordRFN: autoDraw = False
38.8613 	EXP 	textRFNscale: autoDraw = False
38.8613 	EXP 	polyback: autoDraw = True
38.8613 	EXP 	textBlank500: autoDraw = True
39.3473 	EXP 	New trial (rep=0, index=4): OrderedDict([('rand', 0.8294922204693773), ('word', 'bulles '), ('corr', 1), ('oldnew', 'old')])
39.3610 	EXP 	polyback: autoDraw = False
39.3610 	EXP 	textBlank500: autoDraw = False
39.3610 	EXP 	polyback: autoDraw = False
39.3610 	EXP 	textBlank500: autoDraw = False
39.3610 	EXP 	textTesttrait: text = 'bulles '
39.3610 	EXP 	polygon: autoDraw = True
39.3610 	EXP 	textTesttrait: autoDraw = True
39.3610 	EXP 	polygon_5: autoDraw = True
39.3610 	EXP 	textconfscale: autoDraw = True
40.6382 	DATA 	Keypress: 6
40.6442 	EXP 	polygon: autoDraw = False
40.6442 	EXP 	textTesttrait: autoDraw = False
40.6442 	EXP 	polygon_5: autoDraw = False
40.6442 	EXP 	textconfscale: autoDraw = False
40.6442 	EXP 	text: text = 'bulles '
40.6442 	EXP 	polygon_4: autoDraw = True
40.6442 	EXP 	text: autoDraw = True
41.1435 	EXP 	polygon_4: autoDraw = False
41.1435 	EXP 	text: autoDraw = False
41.1435 	EXP 	polygon_4: autoDraw = False
41.1435 	EXP 	text: autoDraw = False
41.1435 	EXP 	textTestwordRFN: text = 'bulles '
41.1435 	EXP 	polyBack: autoDraw = True
41.1435 	EXP 	textTestwordRFN: autoDraw = True
41.1435 	EXP 	textRFNscale: autoDraw = True
41.6142 	DATA 	Keypress: f
41.6436 	EXP 	polyBack: autoDraw = False
41.6436 	EXP 	textTestwordRFN: autoDraw = False
41.6436 	EXP 	textRFNscale: autoDraw = False
41.6436 	EXP 	polyback: autoDraw = True
41.6436 	EXP 	textBlank500: autoDraw = True
42.1279 	EXP 	New trial (rep=0, index=5): OrderedDict([('rand', 0.5860439002898092), ('word', 'wityng'), ('corr', 1), ('oldnew', 'new')])
42.1429 	EXP 	polyback: autoDraw = False
42.1429 	EXP 	textBlank500: autoDraw = False
42.1429 	EXP 	polyback: autoDraw = False
42.1429 	EXP 	textBlank500: autoDraw = False
42.1429 	EXP 	textTesttrait: text = 'wityng'
42.1429 	EXP 	polygon: autoDraw = True
42.1429 	EXP 	textTesttrait: autoDraw = True
42.1429 	EXP 	polygon_5: autoDraw = True
42.1429 	EXP 	textconfscale: autoDraw = True
45.2355 	DATA 	Keypress: 5
45.2412 	EXP 	polygon: autoDraw = False
45.2412 	EXP 	textTesttrait: autoDraw = False
45.2412 	EXP 	polygon_5: autoDraw = False
45.2412 	EXP 	textconfscale: autoDraw = False
45.2412 	EXP 	text: text = 'wityng'
45.2412 	EXP 	polygon_4: autoDraw = True
45.2412 	EXP 	text: autoDraw = True
45.7410 	EXP 	polygon_4: autoDraw = False
45.7410 	EXP 	text: autoDraw = False
45.7410 	EXP 	polygon_4: autoDraw = False
45.7410 	EXP 	text: autoDraw = False
45.7410 	EXP 	textTestwordRFN: text = 'wityng'
45.7410 	EXP 	polyBack: autoDraw = True
45.7410 	EXP 	textTestwordRFN: autoDraw = True
45.7410 	EXP 	textRFNscale: autoDraw = True
47.2450 	DATA 	Keypress: n
47.2734 	EXP 	polyBack: autoDraw = False
47.2734 	EXP 	textTestwordRFN: autoDraw = False
47.2734 	EXP 	textRFNscale: autoDraw = False
47.2734 	EXP 	polyback: autoDraw = True
47.2734 	EXP 	textBlank500: autoDraw = True
47.7589 	EXP 	New trial (rep=0, index=6): OrderedDict([('rand', 0.14410714483272347), ('word', 'myght '), ('corr', 0), ('oldnew', 'old')])
47.7732 	EXP 	polyback: autoDraw = False
47.7732 	EXP 	textBlank500: autoDraw = False
47.7732 	EXP 	polyback: autoDraw = False
47.7732 	EXP 	textBlank500: autoDraw = False
47.7732 	EXP 	textTesttrait: text = 'myght '
47.7732 	EXP 	polygon: autoDraw = True
47.7732 	EXP 	textTesttrait: autoDraw = True
47.7732 	EXP 	polygon_5: autoDraw = True
47.7732 	EXP 	textconfscale: autoDraw = True
50.5327 	DATA 	Keypress: 4
50.5381 	EXP 	polygon: autoDraw = False
50.5381 	EXP 	textTesttrait: autoDraw = False
50.5381 	EXP 	polygon_5: autoDraw = False
50.5381 	EXP 	textconfscale: autoDraw = False
50.5381 	EXP 	text: text = 'myght '
50.5381 	EXP 	polygon_4: autoDraw = True
50.5381 	EXP 	text: autoDraw = True
51.0380 	EXP 	polygon_4: autoDraw = False
51.0380 	EXP 	text: autoDraw = False
51.0380 	EXP 	polygon_4: autoDraw = False
51.0380 	EXP 	text: autoDraw = False
51.0380 	EXP 	textTestwordRFN: text = 'myght '
51.0380 	EXP 	polyBack: autoDraw = True
51.0380 	EXP 	textTestwordRFN: autoDraw = True
51.0380 	EXP 	textRFNscale: autoDraw = True
52.3252 	DATA 	Keypress: f
52.3535 	EXP 	polyBack: autoDraw = False
52.3535 	EXP 	textTestwordRFN: autoDraw = False
52.3535 	EXP 	textRFNscale: autoDraw = False
52.3535 	EXP 	polyback: autoDraw = True
52.3535 	EXP 	textBlank500: autoDraw = True
52.8398 	EXP 	New trial (rep=0, index=7): OrderedDict([('rand', 0.24212705451038175), ('word', 'thombe'), ('corr', 0), ('oldnew', 'new')])
52.8533 	EXP 	polyback: autoDraw = False
52.8533 	EXP 	textBlank500: autoDraw = False
52.8533 	EXP 	polyback: autoDraw = False
52.8533 	EXP 	textBlank500: autoDraw = False
52.8533 	EXP 	textTesttrait: text = 'thombe'
52.8533 	EXP 	polygon: autoDraw = True
52.8533 	EXP 	textTesttrait: autoDraw = True
52.8533 	EXP 	polygon_5: autoDraw = True
52.8533 	EXP 	textconfscale: autoDraw = True
54.5621 	DATA 	Keypress: 1
54.5693 	EXP 	polygon: autoDraw = False
54.5693 	EXP 	textTesttrait: autoDraw = False
54.5693 	EXP 	polygon_5: autoDraw = False
54.5693 	EXP 	textconfscale: autoDraw = False
54.5693 	EXP 	text: text = 'thombe'
54.5693 	EXP 	polygon_4: autoDraw = True
54.5693 	EXP 	text: autoDraw = True
55.0694 	EXP 	polygon_4: autoDraw = False
55.0694 	EXP 	text: autoDraw = False
55.0694 	EXP 	polygon_4: autoDraw = False
55.0694 	EXP 	text: autoDraw = False
55.0694 	EXP 	textTestwordRFN: text = 'thombe'
55.0694 	EXP 	polyBack: autoDraw = True
55.0694 	EXP 	textTestwordRFN: autoDraw = True
55.0694 	EXP 	textRFNscale: autoDraw = True
55.3412 	DATA 	Keypress: n
55.3519 	EXP 	polyBack: autoDraw = False
55.3519 	EXP 	textTestwordRFN: autoDraw = False
55.3519 	EXP 	textRFNscale: autoDraw = False
55.3519 	EXP 	polyback: autoDraw = True
55.3519 	EXP 	textBlank500: autoDraw = True
55.8377 	EXP 	New trial (rep=0, index=8): OrderedDict([('rand', 0.0019591856587202194), ('word', 'nyce'), ('corr', 1), ('oldnew', 'new')])
55.8516 	EXP 	polyback: autoDraw = False
55.8516 	EXP 	textBlank500: autoDraw = False
55.8516 	EXP 	polyback: autoDraw = False
55.8516 	EXP 	textBlank500: autoDraw = False
55.8516 	EXP 	textTesttrait: text = 'nyce'
55.8516 	EXP 	polygon: autoDraw = True
55.8516 	EXP 	textTesttrait: autoDraw = True
55.8516 	EXP 	polygon_5: autoDraw = True
55.8516 	EXP 	textconfscale: autoDraw = True
57.3278 	DATA 	Keypress: 5
57.3342 	EXP 	polygon: autoDraw = False
57.3342 	EXP 	textTesttrait: autoDraw = False
57.3342 	EXP 	polygon_5: autoDraw = False
57.3342 	EXP 	textconfscale: autoDraw = False
57.3342 	EXP 	text: text = 'nyce'
57.3342 	EXP 	polygon_4: autoDraw = True
57.3342 	EXP 	text: autoDraw = True
57.8343 	EXP 	polygon_4: autoDraw = False
57.8343 	EXP 	text: autoDraw = False
57.8343 	EXP 	polygon_4: autoDraw = False
57.8343 	EXP 	text: autoDraw = False
57.8343 	EXP 	textTestwordRFN: text = 'nyce'
57.8343 	EXP 	polyBack: autoDraw = True
57.8343 	EXP 	textTestwordRFN: autoDraw = True
57.8343 	EXP 	textRFNscale: autoDraw = True
58.2747 	DATA 	Keypress: f
58.2834 	EXP 	polyBack: autoDraw = False
58.2834 	EXP 	textTestwordRFN: autoDraw = False
58.2834 	EXP 	textRFNscale: autoDraw = False
58.2834 	EXP 	polyback: autoDraw = True
58.2834 	EXP 	textBlank500: autoDraw = True
58.7696 	EXP 	New trial (rep=0, index=9): OrderedDict([('rand', 0.9347888044037932), ('word', 'scole'), ('corr', 0), ('oldnew', 'new')])
58.7832 	EXP 	polyback: autoDraw = False
58.7832 	EXP 	textBlank500: autoDraw = False
58.7832 	EXP 	polyback: autoDraw = False
58.7832 	EXP 	textBlank500: autoDraw = False
58.7832 	EXP 	textTesttrait: text = 'scole'
58.7832 	EXP 	polygon: autoDraw = True
58.7832 	EXP 	textTesttrait: autoDraw = True
58.7832 	EXP 	polygon_5: autoDraw = True
58.7832 	EXP 	textconfscale: autoDraw = True
61.4377 	DATA 	Keypress: 2
61.4653 	EXP 	polygon: autoDraw = False
61.4653 	EXP 	textTesttrait: autoDraw = False
61.4653 	EXP 	polygon_5: autoDraw = False
61.4653 	EXP 	textconfscale: autoDraw = False
61.4653 	EXP 	text: text = 'scole'
61.4653 	EXP 	polygon_4: autoDraw = True
61.4653 	EXP 	text: autoDraw = True
61.9652 	EXP 	polygon_4: autoDraw = False
61.9652 	EXP 	text: autoDraw = False
61.9652 	EXP 	polygon_4: autoDraw = False
61.9652 	EXP 	text: autoDraw = False
61.9652 	EXP 	textTestwordRFN: text = 'scole'
61.9652 	EXP 	polyBack: autoDraw = True
61.9652 	EXP 	textTestwordRFN: autoDraw = True
61.9652 	EXP 	textRFNscale: autoDraw = True
62.4720 	DATA 	Keypress: f
62.4813 	EXP 	polyBack: autoDraw = False
62.4813 	EXP 	textTestwordRFN: autoDraw = False
62.4813 	EXP 	textRFNscale: autoDraw = False
62.4813 	EXP 	polyback: autoDraw = True
62.4813 	EXP 	textBlank500: autoDraw = True
62.9680 	EXP 	New trial (rep=0, index=10): OrderedDict([('rand', 0.15819659954817333), ('word', 'wrye'), ('corr', 0), ('oldnew', 'old')])
62.9813 	EXP 	polyback: autoDraw = False
62.9813 	EXP 	textBlank500: autoDraw = False
62.9813 	EXP 	polyback: autoDraw = False
62.9813 	EXP 	textBlank500: autoDraw = False
62.9813 	EXP 	textTesttrait: text = 'wrye'
62.9813 	EXP 	polygon: autoDraw = True
62.9813 	EXP 	textTesttrait: autoDraw = True
62.9813 	EXP 	polygon_5: autoDraw = True
62.9813 	EXP 	textconfscale: autoDraw = True
64.6223 	DATA 	Keypress: 3
64.6302 	EXP 	polygon: autoDraw = False
64.6302 	EXP 	textTesttrait: autoDraw = False
64.6302 	EXP 	polygon_5: autoDraw = False
64.6302 	EXP 	textconfscale: autoDraw = False
64.6302 	EXP 	text: text = 'wrye'
64.6302 	EXP 	polygon_4: autoDraw = True
64.6302 	EXP 	text: autoDraw = True
65.1298 	EXP 	polygon_4: autoDraw = False
65.1298 	EXP 	text: autoDraw = False
65.1298 	EXP 	polygon_4: autoDraw = False
65.1298 	EXP 	text: autoDraw = False
65.1298 	EXP 	textTestwordRFN: text = 'wrye'
65.1298 	EXP 	polyBack: autoDraw = True
65.1298 	EXP 	textTestwordRFN: autoDraw = True
65.1298 	EXP 	textRFNscale: autoDraw = True
65.6525 	DATA 	Keypress: f
65.6631 	EXP 	polyBack: autoDraw = False
65.6631 	EXP 	textTestwordRFN: autoDraw = False
65.6631 	EXP 	textRFNscale: autoDraw = False
65.6631 	EXP 	polyback: autoDraw = True
65.6631 	EXP 	textBlank500: autoDraw = True
66.1484 	EXP 	New trial (rep=0, index=11): OrderedDict([('rand', 0.3840259306098286), ('word', 'plat'), ('corr', 0), ('oldnew', 'old')])
66.1631 	EXP 	polyback: autoDraw = False
66.1631 	EXP 	textBlank500: autoDraw = False
66.1631 	EXP 	polyback: autoDraw = False
66.1631 	EXP 	textBlank500: autoDraw = False
66.1631 	EXP 	textTesttrait: text = 'plat'
66.1631 	EXP 	polygon: autoDraw = True
66.1631 	EXP 	textTesttrait: autoDraw = True
66.1631 	EXP 	polygon_5: autoDraw = True
66.1631 	EXP 	textconfscale: autoDraw = True
68.1711 	DATA 	Keypress: 3
68.1782 	EXP 	polygon: autoDraw = False
68.1782 	EXP 	textTesttrait: autoDraw = False
68.1782 	EXP 	polygon_5: autoDraw = False
68.1782 	EXP 	textconfscale: autoDraw = False
68.1782 	EXP 	text: text = 'plat'
68.1782 	EXP 	polygon_4: autoDraw = True
68.1782 	EXP 	text: autoDraw = True
68.6776 	EXP 	polygon_4: autoDraw = False
68.6776 	EXP 	text: autoDraw = False
68.6776 	EXP 	polygon_4: autoDraw = False
68.6776 	EXP 	text: autoDraw = False
68.6776 	EXP 	textTestwordRFN: text = 'plat'
68.6776 	EXP 	polyBack: autoDraw = True
68.6776 	EXP 	textTestwordRFN: autoDraw = True
68.6776 	EXP 	textRFNscale: autoDraw = True
69.4993 	DATA 	Keypress: n
69.5276 	EXP 	polyBack: autoDraw = False
69.5276 	EXP 	textTestwordRFN: autoDraw = False
69.5276 	EXP 	textRFNscale: autoDraw = False
69.5276 	EXP 	polyback: autoDraw = True
69.5276 	EXP 	textBlank500: autoDraw = True
70.0273 	EXP 	polyback: autoDraw = False
70.0273 	EXP 	textBlank500: autoDraw = False
70.0273 	EXP 	polyback: autoDraw = False
70.0273 	EXP 	textBlank500: autoDraw = False
70.0273 	EXP 	textEnd: autoDraw = True
73.0421 	EXP 	textEnd: autoDraw = False
73.0736 	EXP 	window1: mouseVisible = True
